<?xml version="1.0" encoding="UTF-8"?>
<testsuite xmlns:xsi="http://www.w3.org/2001/XMLSchema-instance" xsi:noNamespaceSchemaLocation="https://maven.apache.org/surefire/maven-surefire-plugin/xsd/surefire-test-report-3.0.xsd" version="3.0" name="TestSuite" time="1596.226" tests="2" errors="0" skipped="0" failures="0">
  <properties>
[...]
</properties>
  <testcase name="runScenario[&quot;Invoke API using system-wide custom auth header and custom API Key header&quot;, &quot;Optional[Custom Header Authorization and API Key Support]&quot;](1)" classname="org.wso2.am.integration.cucumbertests.runners.customHeaderTestRunner" time="947.746">
    <system-out><![CDATA[[TestNGContentHandler] [WARN] It is strongly recommended to add "<!DOCTYPE suite SYSTEM "https://testng.org/testng-1.0.dtd" >" at the top of the suite file [/home/abisherk/Internship/InternProject/apim-test-framework-testcontainers/tests-integration/cucumber-tests/src/test/resources/testng.xml] otherwise TestNG may fail or not work as expected.

Scenario: Invoke API using system-wide custom auth header and custom API Key header                                                                                                                                                                                                             &amp#27;[90m# src/test/resources/features/customHeaderTest/custom_header_test.feature:16&amp#27;[0m
07:38:33.226 [main] INFO  o.w.am.testcontainers.NodeAppServer - Initializing NodeAppServer...
07:38:33.340 [main] INFO  org.testcontainers.images.PullPolicy - Image pull policy will be performed by: DefaultPullPolicy()
07:38:33.354 [main] INFO  o.t.utility.ImageNameSubstitutor - Image name substitution will be performed by: DefaultImageNameSubstitutor (composite of 'ConfigurationFileImageNameSubstitutor' and 'PrefixingImageNameSubstitutor')
07:38:33.399 [main] INFO  o.testcontainers.DockerClientFactory - Testcontainers version: 1.20.4
07:38:34.066 [main] INFO  o.t.d.DockerClientProviderStrategy - Loaded org.testcontainers.dockerclient.UnixSocketClientProviderStrategy from ~/.testcontainers.properties, will try it first
07:38:35.179 [main] INFO  o.t.d.DockerClientProviderStrategy - Found Docker environment with local Unix socket (unix:///var/run/docker.sock)
07:38:35.183 [main] INFO  o.testcontainers.DockerClientFactory - Docker host IP address is localhost
07:38:35.241 [main] INFO  o.testcontainers.DockerClientFactory - Connected to docker: 
  Server Version: 26.1.5
  API Version: 1.45
  Operating System: Alpine Linux v3.20
  Total Memory: 3921 MB
07:38:35.360 [main] INFO  tc.testcontainers/ryuk:0.11.0 - Creating container for image: testcontainers/ryuk:0.11.0
07:38:35.445 [main] INFO  o.t.utility.RegistryAuthLocator - Credential helper/store (docker-credential-pass) does not have credentials for https://index.docker.io/v1/
07:38:35.858 [main] INFO  tc.testcontainers/ryuk:0.11.0 - Container testcontainers/ryuk:0.11.0 is starting: 86dde3e545d6df766f3ffbdcd3e77938e376e45aeee2ed88ce889b7b434a00dd
07:38:37.032 [main] INFO  tc.testcontainers/ryuk:0.11.0 - Container testcontainers/ryuk:0.11.0 started in PT1.672618373S
07:38:37.051 [testcontainers-ryuk] WARN  o.t.utility.RyukResourceReaper - Can not connect to Ryuk at localhost:32848
java.net.ConnectException: Connection refused
	at java.base/sun.nio.ch.Net.pollConnect(Native Method)
	at java.base/sun.nio.ch.Net.pollConnectNow(Net.java:682)
	at java.base/sun.nio.ch.NioSocketImpl.timedFinishConnect(NioSocketImpl.java:542)
	at java.base/sun.nio.ch.NioSocketImpl.connect(NioSocketImpl.java:592)
	at java.base/java.net.SocksSocketImpl.connect(SocksSocketImpl.java:327)
	at java.base/java.net.Socket.connect(Socket.java:751)
	at org.testcontainers.utility.RyukResourceReaper.lambda$null$0(RyukResourceReaper.java:92)
	at org.rnorth.ducttape.ratelimits.RateLimiter.doWhenReady(RateLimiter.java:27)
	at org.testcontainers.utility.RyukResourceReaper.lambda$maybeStart$1(RyukResourceReaper.java:88)
	at java.base/java.lang.Thread.run(Thread.java:1583)
07:38:37.304 [testcontainers-ryuk] WARN  o.t.utility.RyukResourceReaper - Can not connect to Ryuk at localhost:32848
java.net.ConnectException: Connection refused
	at java.base/sun.nio.ch.Net.pollConnect(Native Method)
	at java.base/sun.nio.ch.Net.pollConnectNow(Net.java:682)
	at java.base/sun.nio.ch.NioSocketImpl.timedFinishConnect(NioSocketImpl.java:542)
	at java.base/sun.nio.ch.NioSocketImpl.connect(NioSocketImpl.java:592)
	at java.base/java.net.SocksSocketImpl.connect(SocksSocketImpl.java:327)
	at java.base/java.net.Socket.connect(Socket.java:751)
	at org.testcontainers.utility.RyukResourceReaper.lambda$null$0(RyukResourceReaper.java:92)
	at org.rnorth.ducttape.ratelimits.RateLimiter.doWhenReady(RateLimiter.java:27)
	at org.testcontainers.utility.RyukResourceReaper.lambda$maybeStart$1(RyukResourceReaper.java:88)
	at java.base/java.lang.Thread.run(Thread.java:1583)
07:38:37.557 [testcontainers-ryuk] WARN  o.t.utility.RyukResourceReaper - Can not connect to Ryuk at localhost:32848
java.net.ConnectException: Connection refused
	at java.base/sun.nio.ch.Net.pollConnect(Native Method)
	at java.base/sun.nio.ch.Net.pollConnectNow(Net.java:682)
	at java.base/sun.nio.ch.NioSocketImpl.timedFinishConnect(NioSocketImpl.java:542)
	at java.base/sun.nio.ch.NioSocketImpl.connect(NioSocketImpl.java:592)
	at java.base/java.net.SocksSocketImpl.connect(SocksSocketImpl.java:327)
	at java.base/java.net.Socket.connect(Socket.java:751)
	at org.testcontainers.utility.RyukResourceReaper.lambda$null$0(RyukResourceReaper.java:92)
	at org.rnorth.ducttape.ratelimits.RateLimiter.doWhenReady(RateLimiter.java:27)
	at org.testcontainers.utility.RyukResourceReaper.lambda$maybeStart$1(RyukResourceReaper.java:88)
	at java.base/java.lang.Thread.run(Thread.java:1583)
07:38:37.809 [testcontainers-ryuk] WARN  o.t.utility.RyukResourceReaper - Can not connect to Ryuk at localhost:32848
java.net.ConnectException: Connection refused
	at java.base/sun.nio.ch.Net.pollConnect(Native Method)
	at java.base/sun.nio.ch.Net.pollConnectNow(Net.java:682)
	at java.base/sun.nio.ch.NioSocketImpl.timedFinishConnect(NioSocketImpl.java:542)
	at java.base/sun.nio.ch.NioSocketImpl.connect(NioSocketImpl.java:592)
	at java.base/java.net.SocksSocketImpl.connect(SocksSocketImpl.java:327)
	at java.base/java.net.Socket.connect(Socket.java:751)
	at org.testcontainers.utility.RyukResourceReaper.lambda$null$0(RyukResourceReaper.java:92)
	at org.rnorth.ducttape.ratelimits.RateLimiter.doWhenReady(RateLimiter.java:27)
	at org.testcontainers.utility.RyukResourceReaper.lambda$maybeStart$1(RyukResourceReaper.java:88)
	at java.base/java.lang.Thread.run(Thread.java:1583)
07:38:38.061 [testcontainers-ryuk] WARN  o.t.utility.RyukResourceReaper - Can not connect to Ryuk at localhost:32848
java.net.ConnectException: Connection refused
	at java.base/sun.nio.ch.Net.pollConnect(Native Method)
	at java.base/sun.nio.ch.Net.pollConnectNow(Net.java:682)
	at java.base/sun.nio.ch.NioSocketImpl.timedFinishConnect(NioSocketImpl.java:542)
	at java.base/sun.nio.ch.NioSocketImpl.connect(NioSocketImpl.java:592)
	at java.base/java.net.SocksSocketImpl.connect(SocksSocketImpl.java:327)
	at java.base/java.net.Socket.connect(Socket.java:751)
	at org.testcontainers.utility.RyukResourceReaper.lambda$null$0(RyukResourceReaper.java:92)
	at org.rnorth.ducttape.ratelimits.RateLimiter.doWhenReady(RateLimiter.java:27)
	at org.testcontainers.utility.RyukResourceReaper.lambda$maybeStart$1(RyukResourceReaper.java:88)
	at java.base/java.lang.Thread.run(Thread.java:1583)
07:38:38.314 [testcontainers-ryuk] WARN  o.t.utility.RyukResourceReaper - Can not connect to Ryuk at localhost:32848
java.net.ConnectException: Connection refused
	at java.base/sun.nio.ch.Net.pollConnect(Native Method)
	at java.base/sun.nio.ch.Net.pollConnectNow(Net.java:682)
	at java.base/sun.nio.ch.NioSocketImpl.timedFinishConnect(NioSocketImpl.java:542)
	at java.base/sun.nio.ch.NioSocketImpl.connect(NioSocketImpl.java:592)
	at java.base/java.net.SocksSocketImpl.connect(SocksSocketImpl.java:327)
	at java.base/java.net.Socket.connect(Socket.java:751)
	at org.testcontainers.utility.RyukResourceReaper.lambda$null$0(RyukResourceReaper.java:92)
	at org.rnorth.ducttape.ratelimits.RateLimiter.doWhenReady(RateLimiter.java:27)
	at org.testcontainers.utility.RyukResourceReaper.lambda$maybeStart$1(RyukResourceReaper.java:88)
	at java.base/java.lang.Thread.run(Thread.java:1583)
07:38:38.576 [main] INFO  o.t.utility.RyukResourceReaper - Ryuk started - will monitor and terminate Testcontainers containers on JVM exit
07:38:38.576 [main] INFO  o.testcontainers.DockerClientFactory - Checking the system...
07:38:38.578 [main] INFO  o.testcontainers.DockerClientFactory - ✔︎ Docker server version should be at least 1.6.0
07:38:38.625 [main] INFO  tc.node-customer-service:latest - Creating container for image: node-customer-service:latest
07:38:39.077 [main] INFO  tc.node-customer-service:latest - Container node-customer-service:latest is starting: 549fabec1e32332b7743adcd1f1dc36336eff10ecd17ab4f230ebd7451965c9c
07:38:43.124 [docker-java-stream-264831773] INFO  o.w.am.testcontainers.NodeAppServer - STDOUT: 
07:38:43.125 [docker-java-stream-264831773] INFO  o.w.am.testcontainers.NodeAppServer - STDOUT: > node-customer-service@1.0.0 start
07:38:43.125 [docker-java-stream-264831773] INFO  o.w.am.testcontainers.NodeAppServer - STDOUT: > node server.js
07:38:43.126 [docker-java-stream-264831773] INFO  o.w.am.testcontainers.NodeAppServer - STDOUT: 
07:38:44.094 [docker-java-stream-264831773] INFO  o.w.am.testcontainers.NodeAppServer - STDOUT: Customer Service API running at http://nodebackend:8080
07:38:44.205 [main] INFO  tc.node-customer-service:latest - Container node-customer-service:latest started in PT5.580841306S
07:38:44.206 [main] INFO  o.w.am.testcontainers.NodeAppServer - NodeAppServer successfully initialized
  &amp#27;[32mGiven &amp#27;[0m&amp#27;[32mI have initialized the NodeApp server container&amp#27;[0m                                                                                                                                                                                                                                         &amp#27;[90m# org.wso2.am.integration.cucumbertests.stepdefinitions.ContainorIntitialisationStepDefinitions.initializeNodeAppServerContainer()&amp#27;[0m
07:38:44.236 [main] INFO  tc.openjdk:11-jre-slim - Creating container for image: openjdk:11-jre-slim
07:39:34.045 [main] INFO  tc.openjdk:11-jre-slim - Container openjdk:11-jre-slim is starting: 4a025cac8a150b87f4ecfb1038e1e9f8b07baa523182ecd149c7734118b4ab0b
07:39:35.950 [docker-java-stream--679690411] INFO  o.w.a.t.CustomAPIMContainer - [customHeader] STDOUT: JAVA_HOME environment variable is set to /usr/local/openjdk-11
07:39:35.953 [docker-java-stream--679690411] INFO  o.w.a.t.CustomAPIMContainer - [customHeader] STDOUT: CARBON_HOME environment variable is set to /opt
07:39:36.155 [docker-java-stream--679690411] INFO  o.w.a.t.CustomAPIMContainer - [customHeader] STDOUT: Using Java memory options: -Xms256m -Xmx1024m
07:39:43.801 [docker-java-stream--679690411] INFO  o.w.a.t.CustomAPIMContainer - [customHeader] STDOUT: [2025-05-07 02:09:41,741]  INFO {org.wso2.config.mapper.ConfigParser} - Initializing configurations with deployment configurations
07:40:43.849 [docker-java-stream--679690411] INFO  o.w.a.t.CustomAPIMContainer - [customHeader] STDOUT: [2025-05-07 02:10:41,842]  INFO - CarbonCoreActivator Starting WSO2 Carbon...
07:40:43.854 [docker-java-stream--679690411] INFO  o.w.a.t.CustomAPIMContainer - [customHeader] STDOUT: [2025-05-07 02:10:41,850]  INFO - CarbonCoreActivator Operating System : Linux 6.6.71-0-virt, amd64
07:40:43.856 [docker-java-stream--679690411] INFO  o.w.a.t.CustomAPIMContainer - [customHeader] STDOUT: [2025-05-07 02:10:41,851]  INFO - CarbonCoreActivator Java Home        : /usr/local/openjdk-11
07:40:43.865 [docker-java-stream--679690411] INFO  o.w.a.t.CustomAPIMContainer - [customHeader] STDOUT: [2025-05-07 02:10:41,851]  INFO - CarbonCoreActivator Java Version     : 11.0.16
07:40:43.868 [docker-java-stream--679690411] INFO  o.w.a.t.CustomAPIMContainer - [customHeader] STDOUT: [2025-05-07 02:10:41,851]  INFO - CarbonCoreActivator Java VM          : OpenJDK 64-Bit Server VM 11.0.16+8,Oracle Corporation
07:40:43.870 [docker-java-stream--679690411] INFO  o.w.a.t.CustomAPIMContainer - [customHeader] STDOUT: [2025-05-07 02:10:41,851]  INFO - CarbonCoreActivator Carbon Home      : /opt
07:40:43.870 [docker-java-stream--679690411] INFO  o.w.a.t.CustomAPIMContainer - [customHeader] STDOUT: [2025-05-07 02:10:41,852]  INFO - CarbonCoreActivator Java Temp Dir    : /opt/tmp
07:40:43.870 [docker-java-stream--679690411] INFO  o.w.a.t.CustomAPIMContainer - [customHeader] STDOUT: [2025-05-07 02:10:41,852]  INFO - CarbonCoreActivator User             : root, en-null, Etc/UTC
07:40:45.771 [docker-java-stream--679690411] INFO  o.w.a.t.CustomAPIMContainer - [customHeader] STDOUT: [2025-05-07 02:10:43,782]  INFO - DefaultCryptoProviderComponent 'CryptoService.Secret' property has not been set. 'org.wso2.carbon.crypto.provider.SymmetricKeyInternalCryptoProvider' won't be registered as an internal crypto provider. Please set the secret if the provider needs to be registered.
07:40:48.405 [docker-java-stream--679690411] INFO  o.w.a.t.CustomAPIMContainer - [customHeader] STDOUT: [2025-05-07 02:10:46,411]  INFO - KafkaEventAdapterServiceDS Successfully deployed the Kafka output event adaptor service
07:41:02.565 [docker-java-stream--679690411] INFO  o.w.a.t.CustomAPIMContainer - [customHeader] STDOUT: [2025-05-07 02:11:00,570]  INFO - ServiceComponent Eventing Hub ServiceComponent is activated
07:41:07.462 [docker-java-stream--679690411] INFO  o.w.a.t.CustomAPIMContainer - [customHeader] STDOUT: [2025-05-07 02:11:05,469]  WARN - Digester Match [Server/Service/Engine/Host/Valve] failed to set property [maxDays] to []
07:41:16.490 [docker-java-stream--679690411] INFO  o.w.a.t.CustomAPIMContainer - [customHeader] STDOUT: [2025-05-07 02:11:14,502]  INFO - ConsentManagerComponent ConsentManagerComponent is activated.
07:41:17.767 [docker-java-stream--679690411] INFO  o.w.a.t.CustomAPIMContainer - [customHeader] STDOUT: [2025-05-07 02:11:15,733]  INFO - BinaryDataReceiverServiceComponent Binary Data Receiver server activated
07:41:17.871 [docker-java-stream--679690411] INFO  o.w.a.t.CustomAPIMContainer - [customHeader] STDOUT: [2025-05-07 02:11:15,883]  INFO - DataBridgeDS Successfully deployed Agent Server 
07:41:23.919 [docker-java-stream--679690411] INFO  o.w.a.t.CustomAPIMContainer - [customHeader] STDOUT: [2025-05-07 02:11:21,927]  INFO - EmbeddedRegistryService Configured Registry in 1987ms
07:41:24.406 [docker-java-stream--679690411] INFO  o.w.a.t.CustomAPIMContainer - [customHeader] STDOUT: [2025-05-07 02:11:22,418]  INFO - EmbeddedRegistryService Connected to mount at configregistry in 62ms
07:41:24.414 [docker-java-stream--679690411] INFO  o.w.a.t.CustomAPIMContainer - [customHeader] STDOUT: [2025-05-07 02:11:22,422]  INFO - EmbeddedRegistryService Connected to mount at govregistry in 63ms
07:41:25.495 [docker-java-stream--679690411] INFO  o.w.a.t.CustomAPIMContainer - [customHeader] STDOUT: [2025-05-07 02:11:23,464]  INFO - EmbeddedRegistryService Connected to mount at configregistry in 6ms
07:41:25.497 [docker-java-stream--679690411] INFO  o.w.a.t.CustomAPIMContainer - [customHeader] STDOUT: [2025-05-07 02:11:23,464]  INFO - EmbeddedRegistryService Connected to mount at govregistry in 7ms
07:41:27.924 [docker-java-stream--679690411] INFO  o.w.a.t.CustomAPIMContainer - [customHeader] STDOUT: [2025-05-07 02:11:25,936]  INFO - RegistryCoreServiceComponent Registry Mode    : READ-WRITE
07:41:29.802 [docker-java-stream--679690411] INFO  o.w.a.t.CustomAPIMContainer - [customHeader] STDOUT: [2025-05-07 02:11:27,814]  INFO - JmxReporterBuilder Creating JMX reporter for Metrics with domain 'org.wso2.carbon.metrics'
07:41:29.842 [docker-java-stream--679690411] INFO  o.w.a.t.CustomAPIMContainer - [customHeader] STDOUT: [2025-05-07 02:11:27,853]  INFO - AbstractReporter Started JMX reporter for Metrics
07:41:51.796 [docker-java-stream--679690411] INFO  o.w.a.t.CustomAPIMContainer - [customHeader] STDOUT: [2025-05-07 02:11:49,809]  INFO - SolrClient Default Embedded Solr Server Initialized
07:41:53.720 [docker-java-stream--679690411] INFO  o.w.a.t.CustomAPIMContainer - [customHeader] STDOUT: [2025-05-07 02:11:51,734]  INFO - UserStoreMgtDSComponent Carbon UserStoreMgtDSComponent activated successfully.
07:42:05.972 [docker-java-stream--679690411] INFO  o.w.a.t.CustomAPIMContainer - [customHeader] STDOUT: [2025-05-07 02:12:03,984]  INFO - UserStoreConfigurationDeployer User Store Configuration Deployer initiated.
07:42:05.979 [docker-java-stream--679690411] INFO  o.w.a.t.CustomAPIMContainer - [customHeader] STDOUT: [2025-05-07 02:12:03,985]  INFO - UserStoreConfigurationDeployer User Store Configuration Deployer initiated.
07:42:07.076 [docker-java-stream--679690411] INFO  o.w.a.t.CustomAPIMContainer - [customHeader] STDOUT: [2025-05-07 02:12:05,091]  INFO - WebsocketTransportSender WSS Sender started
07:42:07.119 [docker-java-stream--679690411] INFO  o.w.a.t.CustomAPIMContainer - [customHeader] STDOUT: [2025-05-07 02:12:05,131]  INFO - PassThroughHttpSender Initializing Pass-through HTTP/S Sender...
07:42:07.424 [docker-java-stream--679690411] INFO  o.w.a.t.CustomAPIMContainer - [customHeader] STDOUT: [2025-05-07 02:12:05,437]  INFO - PassThroughHttpSender Pass-through HTTP Sender started...
07:42:07.425 [docker-java-stream--679690411] INFO  o.w.a.t.CustomAPIMContainer - [customHeader] STDOUT: [2025-05-07 02:12:05,437]  INFO - PassThroughHttpSSLSender Initializing Pass-through HTTP/S Sender...
07:42:07.782 [docker-java-stream--679690411] INFO  o.w.a.t.CustomAPIMContainer - [customHeader] STDOUT: [2025-05-07 02:12:05,796]  INFO - ClientConnFactoryBuilder customSSLProfiles configuration is loaded from path: /opt/repository/resources/security/sslprofiles.xml
07:42:07.784 [docker-java-stream--679690411] INFO  o.w.a.t.CustomAPIMContainer - [customHeader] STDOUT: [2025-05-07 02:12:05,797]  INFO - ClientConnFactoryBuilder HTTPS Loading custom SSL profiles for the HTTPS sender
07:42:07.896 [docker-java-stream--679690411] INFO  o.w.a.t.CustomAPIMContainer - [customHeader] STDOUT: [2025-05-07 02:12:05,906]  INFO - ClientConnFactoryBuilder HTTPS Custom SSL profiles initialized for 1 servers
07:42:07.903 [docker-java-stream--679690411] INFO  o.w.a.t.CustomAPIMContainer - [customHeader] STDOUT: [2025-05-07 02:12:05,908]  INFO - PassThroughHttpSSLSender Pass-through HTTPS Sender started...
07:42:07.933 [docker-java-stream--679690411] INFO  o.w.a.t.CustomAPIMContainer - [customHeader] STDOUT: [2025-05-07 02:12:05,946]  INFO - WebsocketTransportSender WS Sender started
07:42:08.034 [docker-java-stream--679690411] INFO  o.w.a.t.CustomAPIMContainer - [customHeader] STDOUT: [2025-05-07 02:12:06,049]  INFO - PassThroughHttpListener Initializing Pass-through HTTP/S Listener...
07:42:08.165 [docker-java-stream--679690411] INFO  o.w.a.t.CustomAPIMContainer - [customHeader] STDOUT: [2025-05-07 02:12:06,179]  INFO - PassThroughHttpMultiSSLListener Initializing Pass-through HTTP/S Listener...
07:42:08.343 [docker-java-stream--679690411] INFO  o.w.a.t.CustomAPIMContainer - [customHeader] STDOUT: [2025-05-07 02:12:06,358]  INFO - ServerConnFactoryBuilder SSLProfile configuration is loaded from path: /opt/repository/resources/security/listenerprofiles.xml
07:42:09.819 [docker-java-stream--679690411] INFO  o.w.a.t.CustomAPIMContainer - [customHeader] STDOUT: [2025-05-07 02:12:07,833]  INFO - DeploymentInterceptor Deploying Axis2 service: AdminAdvisoryManagementService {super-tenant}
07:42:13.393 [docker-java-stream--679690411] INFO  o.w.a.t.CustomAPIMContainer - [customHeader] STDOUT: [2025-05-07 02:12:11,404]  INFO - DeploymentInterceptor Deploying Axis2 service: I18nEmailMgtConfigService {super-tenant}
07:42:19.853 [docker-java-stream--679690411] INFO  o.w.a.t.CustomAPIMContainer - [customHeader] STDOUT: [2025-05-07 02:12:17,869]  INFO - DeploymentInterceptor Deploying Axis2 service: AccountCredentialMgtConfigService {super-tenant}
07:42:19.873 [docker-java-stream--679690411] INFO  o.w.a.t.CustomAPIMContainer - [customHeader] STDOUT: [2025-05-07 02:12:17,871]  INFO - DeploymentInterceptor Deploying Axis2 service: UserIdentityManagementAdminService {super-tenant}
07:42:19.875 [docker-java-stream--679690411] INFO  o.w.a.t.CustomAPIMContainer - [customHeader] STDOUT: [2025-05-07 02:12:17,874]  INFO - DeploymentInterceptor Deploying Axis2 service: UserInformationRecoveryService {super-tenant}
07:42:22.958 [docker-java-stream--679690411] INFO  o.w.a.t.CustomAPIMContainer - [customHeader] STDOUT: [2025-05-07 02:12:20,972]  WARN - DefaultSchemaGenerator We don't support method overloading. Ignoring [addRemoteServerConfig]
07:42:22.973 [docker-java-stream--679690411] INFO  o.w.a.t.CustomAPIMContainer - [customHeader] STDOUT: [2025-05-07 02:12:20,987]  WARN - DefaultSchemaGenerator We don't support method overloading. Ignoring [resetRemoteServerConfig]
07:42:25.803 [docker-java-stream--679690411] INFO  o.w.a.t.CustomAPIMContainer - [customHeader] STDOUT: [2025-05-07 02:12:23,819]  WARN - DefaultSchemaGenerator We don't support method overloading. Ignoring [searchByAttribute]
07:42:37.965 [docker-java-stream--679690411] INFO  o.w.a.t.CustomAPIMContainer - [customHeader] STDOUT: [2025-05-07 02:12:35,981]  INFO - CarbonServerManager Repository       : /opt/repository/deployment/server/
07:42:38.016 [docker-java-stream--679690411] INFO  o.w.a.t.CustomAPIMContainer - [customHeader] STDOUT: [2025-05-07 02:12:36,031]  INFO - KafkaEventAdapterServiceHolder Kafka input event adaptor waiting for dependent configurations to load
07:42:38.235 [docker-java-stream--679690411] INFO  o.w.a.t.CustomAPIMContainer - [customHeader] STDOUT: [2025-05-07 02:12:36,247]  INFO - QueueManagerServiceDS Successfully created the queue manager service
07:42:38.295 [docker-java-stream--679690411] INFO  o.w.a.t.CustomAPIMContainer - [customHeader] STDOUT: [2025-05-07 02:12:36,310]  INFO - SubscriptionManagerServiceDS Successfully created the subscription manager service
07:42:38.597 [docker-java-stream--679690411] INFO  o.w.a.t.CustomAPIMContainer - [customHeader] STDOUT: [2025-05-07 02:12:36,613]  INFO - PersistenceManagerComponent Activating PersistenceManagerComponent 
07:42:39.031 [docker-java-stream--679690411] INFO  o.w.a.t.CustomAPIMContainer - [customHeader] STDOUT: [2025-05-07 02:12:37,041]  INFO - TenantLoadingConfig Using tenant lazy loading policy...
07:42:39.251 [docker-java-stream--679690411] INFO  o.w.a.t.CustomAPIMContainer - [customHeader] STDOUT: [2025-05-07 02:12:37,266]  INFO - PermissionUpdater Permission cache updated for tenant -1234
07:42:51.382 [docker-java-stream--679690411] INFO  o.w.a.t.CustomAPIMContainer - [customHeader] STDOUT: [2025-05-07 02:12:49,398]  INFO - UserStoreMgtDSComponent Claim manager set for class org.wso2.carbon.user.core.common.DefaultRealm
07:42:51.449 [docker-java-stream--679690411] INFO  o.w.a.t.CustomAPIMContainer - [customHeader] STDOUT: [2025-05-07 02:12:49,463]  INFO - UserStoreMgtDSComponent Claim manager set for class org.wso2.carbon.user.core.jdbc.UniqueIDJDBCUserStoreManager
07:42:51.711 [docker-java-stream--679690411] INFO  o.w.a.t.CustomAPIMContainer - [customHeader] STDOUT: [2025-05-07 02:12:49,727]  INFO - SchemaBuilder XACML policy schema loaded successfully.
07:42:51.969 [docker-java-stream--679690411] INFO  o.w.a.t.CustomAPIMContainer - [customHeader] STDOUT: [2025-05-07 02:12:49,984]  WARN - ApplicationManagementServiceComponent Templates directory not found at /opt/repository/resources/identity/authntemplates
07:42:53.534 [docker-java-stream--679690411] INFO  o.w.a.t.CustomAPIMContainer - [customHeader] STDOUT: [2025-05-07 02:12:51,543]  WARN - AuthenticationValveServiceComponent File invalid_tenant_domain_response.html not found. The default content will be used as the error page content.
07:42:53.745 [docker-java-stream--679690411] INFO  o.w.a.t.CustomAPIMContainer - [customHeader] STDOUT: [2025-05-07 02:12:51,762]  WARN - AuthenticationServiceComponent 
07:42:53.746 [docker-java-stream--679690411] INFO  o.w.a.t.CustomAPIMContainer - [customHeader] STDOUT: 
07:42:53.746 [docker-java-stream--679690411] INFO  o.w.a.t.CustomAPIMContainer - [customHeader] STDOUT: ##################################  ALERT  ##################################
07:42:53.746 [docker-java-stream--679690411] INFO  o.w.a.t.CustomAPIMContainer - [customHeader] STDOUT: [WARNING]: Internal authentication is utilizing default credentials,
07:42:53.747 [docker-java-stream--679690411] INFO  o.w.a.t.CustomAPIMContainer - [customHeader] STDOUT: which may expose the environment to potential security risks.
07:42:53.747 [docker-java-stream--679690411] INFO  o.w.a.t.CustomAPIMContainer - [customHeader] STDOUT: If this is a production environment, change the credentials immediately.
07:42:53.748 [docker-java-stream--679690411] INFO  o.w.a.t.CustomAPIMContainer - [customHeader] STDOUT: Please refer to the WSO2 security advisory: https://security.docs.wso2.com/en/latest/security-announcements/security-advisories/2023/WSO2-2023-2617/
07:42:53.749 [docker-java-stream--679690411] INFO  o.w.a.t.CustomAPIMContainer - [customHeader] STDOUT: #############################################################################
07:42:53.749 [docker-java-stream--679690411] INFO  o.w.a.t.CustomAPIMContainer - [customHeader] STDOUT: 
07:42:53.824 [docker-java-stream--679690411] INFO  o.w.a.t.CustomAPIMContainer - [customHeader] STDOUT: [2025-05-07 02:12:51,841]  INFO - TenantAssociationServiceComponent Organization management related TenantAssociationManagementListener registered successfully.
07:42:56.640 [docker-java-stream--679690411] INFO  o.w.a.t.CustomAPIMContainer - [customHeader] STDOUT: [2025-05-07 02:12:54,656]  INFO - AuthAPIServiceComponent Auth API Service Component  is activated.
07:43:02.785 [docker-java-stream--679690411] INFO  o.w.a.t.CustomAPIMContainer - [customHeader] STDOUT: [2025-05-07 02:13:00,800]  INFO - APIUtil Common operation policy xmlValidator_v1 was added to the organization carbon.super successfully
07:43:02.806 [docker-java-stream--679690411] INFO  o.w.a.t.CustomAPIMContainer - [customHeader] STDOUT: [2025-05-07 02:13:00,823]  INFO - APIUtil Common operation policy modelRoundRobin_v1 was added to the organization carbon.super successfully
07:43:02.817 [docker-java-stream--679690411] INFO  o.w.a.t.CustomAPIMContainer - [customHeader] STDOUT: [2025-05-07 02:13:00,833]  INFO - APIUtil Common operation policy addLogMessage_v1 was added to the organization carbon.super successfully
07:43:02.832 [docker-java-stream--679690411] INFO  o.w.a.t.CustomAPIMContainer - [customHeader] STDOUT: [2025-05-07 02:13:00,844]  INFO - APIUtil Common operation policy debugResponseFlow_v1 was added to the organization carbon.super successfully
07:43:02.839 [docker-java-stream--679690411] INFO  o.w.a.t.CustomAPIMContainer - [customHeader] STDOUT: [2025-05-07 02:13:00,854]  INFO - APIUtil Common operation policy xmlToJson_v1 was added to the organization carbon.super successfully
07:43:02.853 [docker-java-stream--679690411] INFO  o.w.a.t.CustomAPIMContainer - [customHeader] STDOUT: [2025-05-07 02:13:00,869]  INFO - APIUtil Common operation policy addQueryParam_v1 was added to the organization carbon.super successfully
07:43:02.880 [docker-java-stream--679690411] INFO  o.w.a.t.CustomAPIMContainer - [customHeader] STDOUT: [2025-05-07 02:13:00,896]  INFO - APIUtil Common operation policy modelWeightedRoundRobin_v1 was added to the organization carbon.super successfully
07:43:02.903 [docker-java-stream--679690411] INFO  o.w.a.t.CustomAPIMContainer - [customHeader] STDOUT: [2025-05-07 02:13:00,916]  INFO - APIUtil Common operation policy rewriteResourcePath_v3 was added to the organization carbon.super successfully
07:43:02.927 [docker-java-stream--679690411] INFO  o.w.a.t.CustomAPIMContainer - [customHeader] STDOUT: [2025-05-07 02:13:00,945]  INFO - APIUtil Common operation policy opaPolicy_v1 was added to the organization carbon.super successfully
07:43:02.940 [docker-java-stream--679690411] INFO  o.w.a.t.CustomAPIMContainer - [customHeader] STDOUT: [2025-05-07 02:13:00,957]  INFO - APIUtil Common operation policy addHeader_v2 was added to the organization carbon.super successfully
07:43:02.952 [docker-java-stream--679690411] INFO  o.w.a.t.CustomAPIMContainer - [customHeader] STDOUT: [2025-05-07 02:13:00,969]  INFO - APIUtil Common operation policy debugJsonFault_v1 was added to the organization carbon.super successfully
07:43:02.968 [docker-java-stream--679690411] INFO  o.w.a.t.CustomAPIMContainer - [customHeader] STDOUT: [2025-05-07 02:13:00,978]  INFO - APIUtil Common operation policy regexPolicy_v1 was added to the organization carbon.super successfully
07:43:02.972 [docker-java-stream--679690411] INFO  o.w.a.t.CustomAPIMContainer - [customHeader] STDOUT: [2025-05-07 02:13:00,990]  INFO - APIUtil Common operation policy removeHeader_v1 was added to the organization carbon.super successfully
07:43:02.984 [docker-java-stream--679690411] INFO  o.w.a.t.CustomAPIMContainer - [customHeader] STDOUT: [2025-05-07 02:13:01,000]  INFO - APIUtil Common operation policy setToHeader_v1 was added to the organization carbon.super successfully
07:43:02.999 [docker-java-stream--679690411] INFO  o.w.a.t.CustomAPIMContainer - [customHeader] STDOUT: [2025-05-07 02:13:01,013]  INFO - APIUtil Common operation policy awsOAuth2_v1 was added to the organization carbon.super successfully
07:43:03.015 [docker-java-stream--679690411] INFO  o.w.a.t.CustomAPIMContainer - [customHeader] STDOUT: [2025-05-07 02:13:01,027]  INFO - APIUtil Common operation policy apkMirrorRequest_v1 was added to the organization carbon.super successfully
07:43:03.027 [docker-java-stream--679690411] INFO  o.w.a.t.CustomAPIMContainer - [customHeader] STDOUT: [2025-05-07 02:13:01,041]  INFO - APIUtil Common operation policy modelFailover_v1 was added to the organization carbon.super successfully
07:43:03.037 [docker-java-stream--679690411] INFO  o.w.a.t.CustomAPIMContainer - [customHeader] STDOUT: [2025-05-07 02:13:01,051]  INFO - APIUtil Common operation policy revokeOneTimeToken_v1 was added to the organization carbon.super successfully
07:43:03.043 [docker-java-stream--679690411] INFO  o.w.a.t.CustomAPIMContainer - [customHeader] STDOUT: [2025-05-07 02:13:01,060]  INFO - APIUtil Common operation policy jsonToXML_v1 was added to the organization carbon.super successfully
07:43:03.053 [docker-java-stream--679690411] INFO  o.w.a.t.CustomAPIMContainer - [customHeader] STDOUT: [2025-05-07 02:13:01,070]  INFO - APIUtil Common operation policy apkAddHeader_v1 was added to the organization carbon.super successfully
07:43:03.062 [docker-java-stream--679690411] INFO  o.w.a.t.CustomAPIMContainer - [customHeader] STDOUT: [2025-05-07 02:13:01,078]  INFO - APIUtil Common operation policy apkRedirectRequest_v1 was added to the organization carbon.super successfully
07:43:03.073 [docker-java-stream--679690411] INFO  o.w.a.t.CustomAPIMContainer - [customHeader] STDOUT: [2025-05-07 02:13:01,087]  INFO - APIUtil Common operation policy apkRemoveHeader_v1 was added to the organization carbon.super successfully
07:43:03.080 [docker-java-stream--679690411] INFO  o.w.a.t.CustomAPIMContainer - [customHeader] STDOUT: [2025-05-07 02:13:01,096]  INFO - APIUtil Common operation policy apkCallInterceptorService_v1 was added to the organization carbon.super successfully
07:43:03.090 [docker-java-stream--679690411] INFO  o.w.a.t.CustomAPIMContainer - [customHeader] STDOUT: [2025-05-07 02:13:01,105]  INFO - APIUtil Common operation policy debugRequestFlow_v1 was added to the organization carbon.super successfully
07:43:03.102 [docker-java-stream--679690411] INFO  o.w.a.t.CustomAPIMContainer - [customHeader] STDOUT: [2025-05-07 02:13:01,115]  INFO - APIUtil Common operation policy disableChunking_v1 was added to the organization carbon.super successfully
07:43:03.128 [docker-java-stream--679690411] INFO  o.w.a.t.CustomAPIMContainer - [customHeader] STDOUT: [2025-05-07 02:13:01,144]  INFO - APIUtil Common operation policy jsonValidator_v1 was added to the organization carbon.super successfully
07:43:03.145 [docker-java-stream--679690411] INFO  o.w.a.t.CustomAPIMContainer - [customHeader] STDOUT: [2025-05-07 02:13:01,156]  INFO - APIUtil Common operation policy jwtClaimBasedAccessValidator_v1 was added to the organization carbon.super successfully
07:43:03.150 [docker-java-stream--679690411] INFO  o.w.a.t.CustomAPIMContainer - [customHeader] STDOUT: [2025-05-07 02:13:01,167]  INFO - APIUtil Common operation policy backEndJWT_v1 was added to the organization carbon.super successfully
07:43:03.168 [docker-java-stream--679690411] INFO  o.w.a.t.CustomAPIMContainer - [customHeader] STDOUT: [2025-05-07 02:13:01,180]  INFO - APIUtil Common operation policy jsonFault_v1 was added to the organization carbon.super successfully
07:43:03.173 [docker-java-stream--679690411] INFO  o.w.a.t.CustomAPIMContainer - [customHeader] STDOUT: [2025-05-07 02:13:01,191]  INFO - APIUtil Common operation policy changeHTTPMethod_v1 was added to the organization carbon.super successfully
07:43:03.191 [docker-java-stream--679690411] INFO  o.w.a.t.CustomAPIMContainer - [customHeader] STDOUT: [2025-05-07 02:13:01,201]  INFO - APIUtil Common operation policy preserveAcceptHeader_v1 was added to the organization carbon.super successfully
07:43:03.220 [docker-java-stream--679690411] INFO  o.w.a.t.CustomAPIMContainer - [customHeader] STDOUT: [2025-05-07 02:13:01,212]  INFO - APIUtil Common operation policy applyAcceptHeader_v1 was added to the organization carbon.super successfully
07:43:03.397 [docker-java-stream--679690411] INFO  o.w.a.t.CustomAPIMContainer - [customHeader] STDOUT: [2025-05-07 02:13:01,395]  INFO - JMSConnectionFactory JMS ConnectionFactory : Siddhi-JMS-Consumer initialized
07:43:03.424 [docker-java-stream--679690411] INFO  o.w.a.t.CustomAPIMContainer - [customHeader] STDOUT: [2025-05-07 02:13:01,441]  INFO - ComplianceEvaluationScheduler Initializing Evaluation Request Scheduler...
07:43:04.512 [docker-java-stream--679690411] INFO  o.w.a.t.CustomAPIMContainer - [customHeader] STDOUT: [2025-05-07 02:13:02,527]  INFO - JMSConnectionFactory JMS ConnectionFactory : Siddhi-JMS-Consumer initialized
07:43:04.958 [docker-java-stream--679690411] INFO  o.w.a.t.CustomAPIMContainer - [customHeader] STDOUT: [2025-05-07 02:13:02,976]  INFO - JMSConnectionFactory JMS ConnectionFactory : Siddhi-JMS-Consumer initialized
07:43:05.422 [docker-java-stream--679690411] INFO  o.w.a.t.CustomAPIMContainer - [customHeader] STDOUT: [2025-05-07 02:13:03,439]  INFO - CorrelationConfigDAO Correlation Components [http, jdbc, ldap, synapse, method-calls]
07:43:05.828 [docker-java-stream--679690411] INFO  o.w.a.t.CustomAPIMContainer - [customHeader] STDOUT: [2025-05-07 02:13:03,846]  INFO - OAuthServerConfiguration The default OAuth token issuer will be used. No custom token generator is set.
07:43:05.834 [docker-java-stream--679690411] INFO  o.w.a.t.CustomAPIMContainer - [customHeader] STDOUT: [2025-05-07 02:13:03,849]  INFO - OAuthServerConfiguration An instance of org.wso2.carbon.identity.oauth2.token.OauthTokenIssuerImpl is created for Identity OAuth token generation.
07:43:15.298 [docker-java-stream--679690411] INFO  o.w.a.t.CustomAPIMContainer - [customHeader] STDOUT: [2025-05-07 02:13:13,316]  WARN - IdentityEventServiceComponent Properties for OrganizationCreationHandler is not configured. This event handler will not be activated
07:43:16.329 [docker-java-stream--679690411] INFO  o.w.a.t.CustomAPIMContainer - [customHeader] STDOUT: [2025-05-07 02:13:14,348]  INFO - SessionDataStore Thread pool size for temporary authentication context data delete task: 20
07:43:18.024 [docker-java-stream--679690411] INFO  o.w.a.t.CustomAPIMContainer - [customHeader] STDOUT: [2025-05-07 02:13:16,042]  INFO - CarbonEventManagementService Starting polling event receivers
07:43:38.425 [docker-java-stream--679690411] INFO  o.w.a.t.CustomAPIMContainer - [customHeader] STDOUT: [2025-05-07 02:13:36,370]  INFO - ServiceBusInitializer Starting ESB...
07:43:38.570 [docker-java-stream--679690411] INFO  o.w.a.t.CustomAPIMContainer - [customHeader] STDOUT: [2025-05-07 02:13:36,586]  INFO - ServiceBusInitializer Initializing Apache Synapse...
07:43:38.863 [docker-java-stream--679690411] INFO  o.w.a.t.CustomAPIMContainer - [customHeader] STDOUT: [2025-05-07 02:13:36,860]  INFO - SynapseControllerFactory Using Synapse home : /opt/.
07:43:38.865 [docker-java-stream--679690411] INFO  o.w.a.t.CustomAPIMContainer - [customHeader] STDOUT: [2025-05-07 02:13:36,861]  INFO - SynapseControllerFactory Using synapse.xml location : /opt/././repository/deployment/server/synapse-configs/default
07:43:38.868 [docker-java-stream--679690411] INFO  o.w.a.t.CustomAPIMContainer - [customHeader] STDOUT: [2025-05-07 02:13:36,861]  INFO - SynapseControllerFactory Using server name : localhost
07:43:39.000 [docker-java-stream--679690411] INFO  o.w.a.t.CustomAPIMContainer - [customHeader] STDOUT: [2025-05-07 02:13:36,944]  WARN - AppDeployerServiceComponent Waiting for required OSGi services: org.wso2.carbon.application.deployer.synapse.service.SynapseAppDeployerService,org.wso2.carbon.mediation.initializer.services.SynapseEnvironmentService,
07:43:39.066 [docker-java-stream--679690411] INFO  o.w.a.t.CustomAPIMContainer - [customHeader] STDOUT: [2025-05-07 02:13:37,084]  WARN - StartupFinalizerServiceComponent Waiting for required OSGi services: org.wso2.carbon.application.deployer.service.CappDeploymentService,org.wso2.carbon.server.admin.common.IServerAdmin,org.wso2.carbon.throttling.agent.ThrottlingAgent,
07:43:39.197 [docker-java-stream--679690411] INFO  o.w.a.t.CustomAPIMContainer - [customHeader] STDOUT: [2025-05-07 02:13:37,209]  INFO - SynapseControllerFactory The timeout handler will run every : 15s
07:43:39.459 [docker-java-stream--679690411] INFO  o.w.a.t.CustomAPIMContainer - [customHeader] STDOUT: [2025-05-07 02:13:37,472]  INFO - Axis2SynapseController Initializing Synapse at : Wed May 07 02:13:37 UTC 2025
07:43:40.346 [docker-java-stream--679690411] INFO  o.w.a.t.CustomAPIMContainer - [customHeader] STDOUT: [2025-05-07 02:13:38,350]  INFO - CarbonSynapseController Loading the mediation configuration from the file system
07:43:40.399 [docker-java-stream--679690411] INFO  o.w.a.t.CustomAPIMContainer - [customHeader] STDOUT: [2025-05-07 02:13:38,413]  INFO - MultiXMLConfigurationBuilder Building synapse configuration from the synapse artifact repository at : ././repository/deployment/server/synapse-configs/default
07:43:40.409 [docker-java-stream--679690411] INFO  o.w.a.t.CustomAPIMContainer - [customHeader] STDOUT: [2025-05-07 02:13:38,427]  INFO - XMLConfigurationBuilder Generating the Synapse configuration model by parsing the XML configuration
07:43:46.760 [docker-java-stream--679690411] INFO  o.w.a.t.CustomAPIMContainer - [customHeader] STDOUT: [2025-05-07 02:13:44,766]  INFO - DependencyTracker Sequence : _api_blocked_sequence_ was added to the Synapse configuration successfully
07:43:47.052 [docker-java-stream--679690411] INFO  o.w.a.t.CustomAPIMContainer - [customHeader] STDOUT: [2025-05-07 02:13:45,059]  INFO - DependencyTracker Sequence : _token_fault_ was added to the Synapse configuration successfully
07:43:47.115 [docker-java-stream--679690411] INFO  o.w.a.t.CustomAPIMContainer - [customHeader] STDOUT: [2025-05-07 02:13:45,130]  INFO - DependencyTracker Sequence : _graphql_failure_handler was added to the Synapse configuration successfully
07:43:47.128 [docker-java-stream--679690411] INFO  o.w.a.t.CustomAPIMContainer - [customHeader] STDOUT: [2025-05-07 02:13:45,136]  INFO - DependencyTracker Sequence : _resource_mismatch_handler_ was added to the Synapse configuration successfully
07:43:47.498 [docker-java-stream--679690411] INFO  o.w.a.t.CustomAPIMContainer - [customHeader] STDOUT: [2025-05-07 02:13:45,490]  INFO - DependencyTracker Sequence : dispatchSeq was added to the Synapse configuration successfully
07:43:47.660 [docker-java-stream--679690411] INFO  o.w.a.t.CustomAPIMContainer - [customHeader] STDOUT: [2025-05-07 02:13:45,669]  INFO - DependencyTracker Sequence : _backend_failure_handler_ was added to the Synapse configuration successfully
07:43:47.676 [docker-java-stream--679690411] INFO  o.w.a.t.CustomAPIMContainer - [customHeader] STDOUT: [2025-05-07 02:13:45,672]  INFO - DependencyTracker Sequence : _production_key_error_ was added to the Synapse configuration successfully
07:43:48.116 [docker-java-stream--679690411] INFO  o.w.a.t.CustomAPIMContainer - [customHeader] STDOUT: [2025-05-07 02:13:46,127]  INFO - DependencyTracker Sequence : webhooksFaultSequence was added to the Synapse configuration successfully
07:43:49.070 [docker-java-stream--679690411] INFO  o.w.a.t.CustomAPIMContainer - [customHeader] STDOUT: [2025-05-07 02:13:47,063]  INFO - DependencyTracker Sequence : _opa_policy_failure_handler_ was added to the Synapse configuration successfully
07:43:49.206 [docker-java-stream--679690411] INFO  o.w.a.t.CustomAPIMContainer - [customHeader] STDOUT: [2025-05-07 02:13:47,223]  INFO - DependencyTracker Sequence : _build_ was added to the Synapse configuration successfully
07:43:49.596 [docker-java-stream--679690411] INFO  o.w.a.t.CustomAPIMContainer - [customHeader] STDOUT: [2025-05-07 02:13:47,609]  INFO - DependencyTracker Sequence : _cors_request_handler_ was added to the Synapse configuration successfully
07:43:51.659 [docker-java-stream--679690411] INFO  o.w.a.t.CustomAPIMContainer - [customHeader] STDOUT: [2025-05-07 02:13:49,676]  INFO - DependencyTracker Sequence : _threat_fault_ was added to the Synapse configuration successfully
07:43:51.719 [docker-java-stream--679690411] INFO  o.w.a.t.CustomAPIMContainer - [customHeader] STDOUT: [2025-05-07 02:13:49,733]  INFO - DependencyTracker Sequence : fault was added to the Synapse configuration successfully
07:43:51.734 [docker-java-stream--679690411] INFO  o.w.a.t.CustomAPIMContainer - [customHeader] STDOUT: [2025-05-07 02:13:49,736]  INFO - DependencyTracker Sequence : _sandbox_key_error_ was added to the Synapse configuration successfully
07:43:51.898 [docker-java-stream--679690411] INFO  o.w.a.t.CustomAPIMContainer - [customHeader] STDOUT: [2025-05-07 02:13:49,913]  INFO - DependencyTracker Sequence : main was added to the Synapse configuration successfully
07:43:51.913 [docker-java-stream--679690411] INFO  o.w.a.t.CustomAPIMContainer - [customHeader] STDOUT: [2025-05-07 02:13:49,915]  INFO - DependencyTracker Sequence : outDispatchSeq was added to the Synapse configuration successfully
07:43:51.993 [docker-java-stream--679690411] INFO  o.w.a.t.CustomAPIMContainer - [customHeader] STDOUT: [2025-05-07 02:13:50,008]  INFO - DependencyTracker Sequence : _throttle_out_handler_ was added to the Synapse configuration successfully
07:43:52.060 [docker-java-stream--679690411] INFO  o.w.a.t.CustomAPIMContainer - [customHeader] STDOUT: [2025-05-07 02:13:50,073]  INFO - DependencyTracker Sequence : _auth_failure_handler_ was added to the Synapse configuration successfully
07:43:52.092 [docker-java-stream--679690411] INFO  o.w.a.t.CustomAPIMContainer - [customHeader] STDOUT: [2025-05-07 02:13:50,102]  INFO - DependencyTracker Inbound Endpoint : SecureWebhookServer was added to the Synapse configuration successfully
07:43:52.118 [docker-java-stream--679690411] INFO  o.w.a.t.CustomAPIMContainer - [customHeader] STDOUT: [2025-05-07 02:13:50,113]  INFO - DependencyTracker Inbound Endpoint : SecureWebSocketEP was added to the Synapse configuration successfully
07:43:52.218 [docker-java-stream--679690411] INFO  o.w.a.t.CustomAPIMContainer - [customHeader] STDOUT: [2025-05-07 02:13:50,117]  INFO - DependencyTracker Inbound Endpoint : WebSocketInboundEndpoint was added to the Synapse configuration successfully
07:43:52.255 [docker-java-stream--679690411] INFO  o.w.a.t.CustomAPIMContainer - [customHeader] STDOUT: [2025-05-07 02:13:50,119]  INFO - DependencyTracker Inbound Endpoint : WebhookServer was added to the Synapse configuration successfully
07:43:52.256 [docker-java-stream--679690411] INFO  o.w.a.t.CustomAPIMContainer - [customHeader] STDOUT: [2025-05-07 02:13:50,120]  INFO - SynapseConfigurationBuilder Loaded Synapse configuration from the artifact repository at : ././repository/deployment/server/synapse-configs/default
07:43:52.263 [docker-java-stream--679690411] INFO  o.w.a.t.CustomAPIMContainer - [customHeader] STDOUT: [2025-05-07 02:13:50,199]  INFO - DependencyTracker Local entry : SERVER_HOST was added to the Synapse configuration successfully
07:43:52.272 [docker-java-stream--679690411] INFO  o.w.a.t.CustomAPIMContainer - [customHeader] STDOUT: [2025-05-07 02:13:50,200]  INFO - DependencyTracker Local entry : SERVER_IP was added to the Synapse configuration successfully
07:43:53.193 [docker-java-stream--679690411] INFO  o.w.a.t.CustomAPIMContainer - [customHeader] STDOUT: [2025-05-07 02:13:51,201]  INFO - Axis2SynapseController Loading mediator extensions...
07:43:54.505 [docker-java-stream--679690411] INFO  o.w.a.t.CustomAPIMContainer - [customHeader] STDOUT: [2025-05-07 02:13:52,518]  INFO - DeploymentInterceptor Deploying Axis2 service: echo {super-tenant}
07:43:54.630 [docker-java-stream--679690411] INFO  o.w.a.t.CustomAPIMContainer - [customHeader] STDOUT: [2025-05-07 02:13:52,642]  INFO - DeploymentInterceptor Deploying Axis2 service: Version {super-tenant}
07:43:54.698 [docker-java-stream--679690411] INFO  o.w.a.t.CustomAPIMContainer - [customHeader] STDOUT: [2025-05-07 02:13:52,706]  INFO - EventPublisherDeployer Event Publisher deployment held back and in inactive state :EmailPublisher.xml, Stream validation exception : Stream id_gov_notify_stream:1.0.0 does not exist
07:43:54.710 [docker-java-stream--679690411] INFO  o.w.a.t.CustomAPIMContainer - [customHeader] STDOUT: [2025-05-07 02:13:52,715]  INFO - EventPublisherDeployer Event Publisher deployment held back and in inactive state :HTTP-recommendationEventPublisher.xml, Stream validation exception : Stream org.wso2.apimgt.recommendation.event.stream:1.0.0 does not exist
07:43:54.740 [docker-java-stream--679690411] INFO  o.w.a.t.CustomAPIMContainer - [customHeader] STDOUT: [2025-05-07 02:13:52,720]  INFO - EventPublisherDeployer Event Publisher deployment held back and in inactive state :asyncWebhooksEventPublisher.xml, Stream validation exception : Stream org.wso2.apimgt.webhooks.request.stream:1.0.0 does not exist
07:43:54.754 [docker-java-stream--679690411] INFO  o.w.a.t.CustomAPIMContainer - [customHeader] STDOUT: [2025-05-07 02:13:52,727]  INFO - EventPublisherDeployer Event Publisher deployment held back and in inactive state :asyncWebhooksEventPublisher2.xml, Stream validation exception : Stream org.wso2.apimgt.webhooks.request.stream:1.0.0 does not exist
07:43:54.817 [docker-java-stream--679690411] INFO  o.w.a.t.CustomAPIMContainer - [customHeader] STDOUT: [2025-05-07 02:13:52,731]  INFO - EventPublisherDeployer Event Publisher deployment held back and in inactive state :asyncWebhooksEventPublisher_1.0.0.xml, Stream validation exception : Stream org.wso2.apimgt.webhooks.request.stream:1.0.0 does not exist
07:43:55.031 [docker-java-stream--679690411] INFO  o.w.a.t.CustomAPIMContainer - [customHeader] STDOUT: [2025-05-07 02:13:53,045]  INFO - EventPublisherDeployer Event Publisher deployment held back and in inactive state :asyncWebhooksEventPublisher_1.0.0_2.xml, Stream validation exception : Stream org.wso2.apimgt.webhooks.request.stream:1.0.0 does not exist
07:43:55.040 [docker-java-stream--679690411] INFO  o.w.a.t.CustomAPIMContainer - [customHeader] STDOUT: [2025-05-07 02:13:53,049]  INFO - EventPublisherDeployer Event Publisher deployment held back and in inactive state :blockingEventJMSPublisher.xml, Stream validation exception : Stream org.wso2.blocking.request.stream:1.0.0 does not exist
07:43:55.049 [docker-java-stream--679690411] INFO  o.w.a.t.CustomAPIMContainer - [customHeader] STDOUT: [2025-05-07 02:13:53,053]  INFO - EventPublisherDeployer Event Publisher deployment held back and in inactive state :cacheInvalidationEventJMSPublisher.xml, Stream validation exception : Stream org.wso2.apimgt.cache.invalidation.stream:1.0.0 does not exist
07:43:55.077 [docker-java-stream--679690411] INFO  o.w.a.t.CustomAPIMContainer - [customHeader] STDOUT: [2025-05-07 02:13:53,083]  INFO - EventPublisherDeployer Event Publisher deployment held back and in inactive state :globalCacheInvalidationJMSPublisher.xml, Stream validation exception : Stream cache.invalidation.stream:1.0.0 does not exist
07:43:55.123 [docker-java-stream--679690411] INFO  o.w.a.t.CustomAPIMContainer - [customHeader] STDOUT: [2025-05-07 02:13:53,122]  INFO - EventPublisherDeployer Event Publisher deployment held back and in inactive state :jmsEventPublisher.xml, Stream validation exception : Stream org.wso2.throttle.globalThrottle.stream:1.0.0 does not exist
07:43:55.216 [docker-java-stream--679690411] INFO  o.w.a.t.CustomAPIMContainer - [customHeader] STDOUT: [2025-05-07 02:13:53,231]  INFO - EventPublisherDeployer Event Publisher deployment held back and in inactive state :jmsEventPublisher2.xml, Stream validation exception : Stream org.wso2.throttle.globalThrottle.stream:1.0.0 does not exist
07:43:55.262 [docker-java-stream--679690411] INFO  o.w.a.t.CustomAPIMContainer - [customHeader] STDOUT: [2025-05-07 02:13:53,278]  INFO - EventPublisherDeployer Event Publisher deployment held back and in inactive state :jmsEventPublisher_1.10.0.xml, Stream validation exception : Stream org.wso2.throttle.globalThrottle.stream:1.1.0 does not exist
07:43:55.312 [docker-java-stream--679690411] INFO  o.w.a.t.CustomAPIMContainer - [customHeader] STDOUT: [2025-05-07 02:13:53,332]  INFO - EventPublisherDeployer Event Publisher deployment held back and in inactive state :jmsEventPublisher_1.10.0_2.xml, Stream validation exception : Stream org.wso2.throttle.globalThrottle.stream:1.1.0 does not exist
07:43:55.377 [docker-java-stream--679690411] INFO  o.w.a.t.CustomAPIMContainer - [customHeader] STDOUT: [2025-05-07 02:13:53,391]  INFO - EventPublisherDeployer Event Publisher deployment held back and in inactive state :keymgtEventJMSEventPublisher.xml, Stream validation exception : Stream org.wso2.apimgt.keymgt.stream:1.0.0 does not exist
07:43:55.470 [docker-java-stream--679690411] INFO  o.w.a.t.CustomAPIMContainer - [customHeader] STDOUT: [2025-05-07 02:13:53,471]  INFO - EventPublisherDeployer Event Publisher deployment held back and in inactive state :notificationEventJMSPublisher.xml, Stream validation exception : Stream org.wso2.apimgt.notification.stream:1.0.0 does not exist
07:43:55.490 [docker-java-stream--679690411] INFO  o.w.a.t.CustomAPIMContainer - [customHeader] STDOUT: [2025-05-07 02:13:53,506]  INFO - EventPublisherDeployer Event Publisher deployment held back and in inactive state :tokenRevokeEventJMSPublisher.xml, Stream validation exception : Stream org.wso2.apimgt.token.revocation.stream:1.0.0 does not exist
07:43:55.558 [docker-java-stream--679690411] INFO  o.w.a.t.CustomAPIMContainer - [customHeader] STDOUT: [2025-05-07 02:13:53,577]  INFO - EventPublisherDeployer Event Publisher deployment held back and in inactive state :tokenRevokeEventJMSPublisher_2.xml, Stream validation exception : Stream org.wso2.apimgt.token.revocation.stream:1.0.0 does not exist
07:43:55.987 [docker-java-stream--679690411] INFO  o.w.a.t.CustomAPIMContainer - [customHeader] STDOUT: [2025-05-07 02:13:54,001]  INFO - EventReceiverDeployer Event receiver deployment held back and in inactive state: blockingWso2EventReceiver.xml, Stream validation exception: Stream org.wso2.blocking.request.stream:1.0.0 does not exist
07:43:56.012 [docker-java-stream--679690411] INFO  o.w.a.t.CustomAPIMContainer - [customHeader] STDOUT: [2025-05-07 02:13:54,026]  INFO - EventReceiverDeployer Event receiver deployment held back and in inactive state: cacheInvalidationRequestReceiver.xml, Stream validation exception: Stream cache.invalidation.stream:1.0.0 does not exist
07:43:56.042 [docker-java-stream--679690411] INFO  o.w.a.t.CustomAPIMContainer - [customHeader] STDOUT: [2025-05-07 02:13:54,058]  INFO - EventReceiverDeployer Event receiver deployment held back and in inactive state: cacheInvalidationWso2EventReceiver.xml, Stream validation exception: Stream org.wso2.apimgt.cache.invalidation.stream:1.0.0 does not exist
07:43:56.062 [docker-java-stream--679690411] INFO  o.w.a.t.CustomAPIMContainer - [customHeader] STDOUT: [2025-05-07 02:13:54,081]  INFO - EventReceiverDeployer Event receiver deployment held back and in inactive state: keyMgtWso2EventReceiver.xml, Stream validation exception: Stream org.wso2.apimgt.keymgt.stream:1.0.0 does not exist
07:43:56.082 [docker-java-stream--679690411] INFO  o.w.a.t.CustomAPIMContainer - [customHeader] STDOUT: [2025-05-07 02:13:54,101]  INFO - EventReceiverDeployer Event receiver deployment held back and in inactive state: notificationsWSO2EventReceiver.xml, Stream validation exception: Stream org.wso2.apimgt.notification.stream:1.0.0 does not exist
07:43:56.112 [docker-java-stream--679690411] INFO  o.w.a.t.CustomAPIMContainer - [customHeader] STDOUT: [2025-05-07 02:13:54,129]  INFO - EventReceiverDeployer Event receiver deployment held back and in inactive state: recommendationWso2EventReceiver.xml, Stream validation exception: Stream org.wso2.apimgt.recommendation.event.stream:1.0.0 does not exist
07:43:56.169 [docker-java-stream--679690411] INFO  o.w.a.t.CustomAPIMContainer - [customHeader] STDOUT: [2025-05-07 02:13:54,182]  INFO - EventReceiverDeployer Event receiver deployment held back and in inactive state: throttleEventReceiver.xml, Stream validation exception: Stream org.wso2.throttle.request.stream:1.0.0 does not exist
07:43:56.200 [docker-java-stream--679690411] INFO  o.w.a.t.CustomAPIMContainer - [customHeader] STDOUT: [2025-05-07 02:13:54,216]  INFO - EventReceiverDeployer Event receiver deployment held back and in inactive state: throttleWSO2EventReceiver.xml, Stream validation exception: Stream org.wso2.throttle.request.stream:1.0.0 does not exist
07:43:56.211 [docker-java-stream--679690411] INFO  o.w.a.t.CustomAPIMContainer - [customHeader] STDOUT: [2025-05-07 02:13:54,229]  INFO - EventReceiverDeployer Event receiver deployment held back and in inactive state: tokenRevocationWso2EventReceiver.xml, Stream validation exception: Stream org.wso2.apimgt.token.revocation.stream:1.0.0 does not exist
07:43:58.371 [docker-java-stream--679690411] INFO  o.w.a.t.CustomAPIMContainer - [customHeader] STDOUT: [2025-05-07 02:13:56,312]  INFO - EventPublisherDeployer Event Publisher undeployed successfully : globalCacheInvalidationJMSPublisher.xml
07:43:58.376 [docker-java-stream--679690411] INFO  o.w.a.t.CustomAPIMContainer - [customHeader] STDOUT: [2025-05-07 02:13:56,390]  INFO - EventJunction WSO2EventConsumer added to the junction. Stream:cache.invalidation.stream:1.0.0
07:43:58.687 [docker-java-stream--679690411] INFO  o.w.a.t.CustomAPIMContainer - [customHeader] STDOUT: [2025-05-07 02:13:56,703]  INFO - EventPublisherDeployer Event Publisher configuration successfully deployed and in active state : globalCacheInvalidationJMSPublisher
07:43:58.823 [docker-java-stream--679690411] INFO  o.w.a.t.CustomAPIMContainer - [customHeader] STDOUT: [2025-05-07 02:13:56,841]  INFO - EventReceiverDeployer Event Receiver undeployed successfully: cacheInvalidationRequestReceiver.xml
07:43:58.913 [docker-java-stream--679690411] INFO  o.w.a.t.CustomAPIMContainer - [customHeader] STDOUT: [2025-05-07 02:13:56,933]  INFO - InputAdapterRuntime Connecting receiver cacheInvalidationRequestReceiver
07:43:58.941 [docker-java-stream--679690411] INFO  o.w.a.t.CustomAPIMContainer - [customHeader] STDOUT: [2025-05-07 02:13:56,955]  INFO - EventJunction Producer added to the junction. Stream:cache.invalidation.stream:1.0.0
07:43:58.958 [docker-java-stream--679690411] INFO  o.w.a.t.CustomAPIMContainer - [customHeader] STDOUT: [2025-05-07 02:13:56,967]  INFO - EventReceiverDeployer Event Receiver configuration successfully deployed and in active state: cacheInvalidationRequestReceiver
07:43:58.971 [docker-java-stream--679690411] INFO  o.w.a.t.CustomAPIMContainer - [customHeader] STDOUT: [2025-05-07 02:13:56,968]  INFO - EventStreamDeployer Stream definition is deployed successfully  : cache.invalidation.stream:1.0.0
07:43:58.988 [docker-java-stream--679690411] INFO  o.w.a.t.CustomAPIMContainer - [customHeader] STDOUT: [2025-05-07 02:13:56,972]  INFO - EventPublisherDeployer Event Publisher undeployed successfully : EmailPublisher.xml
07:43:59.184 [docker-java-stream--679690411] INFO  o.w.a.t.CustomAPIMContainer - [customHeader] STDOUT: [2025-05-07 02:13:57,201]  INFO - EventJunction WSO2EventConsumer added to the junction. Stream:id_gov_notify_stream:1.0.0
07:43:59.717 [docker-java-stream--679690411] INFO  o.w.a.t.CustomAPIMContainer - [customHeader] STDOUT: [2025-05-07 02:13:57,713]  INFO - EventPublisherDeployer Event Publisher configuration successfully deployed and in active state : EmailPublisher
07:43:59.717 [docker-java-stream--679690411] INFO  o.w.a.t.CustomAPIMContainer - [customHeader] STDOUT: [2025-05-07 02:13:57,714]  INFO - EventStreamDeployer Stream definition is deployed successfully  : id_gov_notify_stream:1.0.0
07:43:59.758 [docker-java-stream--679690411] INFO  o.w.a.t.CustomAPIMContainer - [customHeader] STDOUT: [2025-05-07 02:13:57,754]  INFO - EventPublisherDeployer Event Publisher undeployed successfully : cacheInvalidationEventJMSPublisher.xml
07:44:00.095 [docker-java-stream--679690411] INFO  o.w.a.t.CustomAPIMContainer - [customHeader] STDOUT: [2025-05-07 02:13:57,868]  INFO - EventJunction WSO2EventConsumer added to the junction. Stream:org.wso2.apimgt.cache.invalidation.stream:1.0.0
07:44:00.096 [docker-java-stream--679690411] INFO  o.w.a.t.CustomAPIMContainer - [customHeader] STDOUT: [2025-05-07 02:13:57,868]  INFO - EventPublisherDeployer Event Publisher configuration successfully deployed and in active state : cacheInvalidationJMSPublisher
07:44:00.097 [docker-java-stream--679690411] INFO  o.w.a.t.CustomAPIMContainer - [customHeader] STDOUT: [2025-05-07 02:13:57,869]  INFO - EventReceiverDeployer Event Receiver undeployed successfully: cacheInvalidationWso2EventReceiver.xml
07:44:00.097 [docker-java-stream--679690411] INFO  o.w.a.t.CustomAPIMContainer - [customHeader] STDOUT: [2025-05-07 02:13:57,872]  INFO - InputAdapterRuntime Connecting receiver cacheInvalidationWso2EventReceiver
07:44:00.097 [docker-java-stream--679690411] INFO  o.w.a.t.CustomAPIMContainer - [customHeader] STDOUT: [2025-05-07 02:13:57,872]  INFO - EventJunction Producer added to the junction. Stream:org.wso2.apimgt.cache.invalidation.stream:1.0.0
07:44:00.204 [docker-java-stream--679690411] INFO  o.w.a.t.CustomAPIMContainer - [customHeader] STDOUT: [2025-05-07 02:13:57,873]  INFO - EventReceiverDeployer Event Receiver configuration successfully deployed and in active state: cacheInvalidationWso2EventReceiver
07:44:00.208 [docker-java-stream--679690411] INFO  o.w.a.t.CustomAPIMContainer - [customHeader] STDOUT: [2025-05-07 02:13:57,873]  INFO - EventStreamDeployer Stream definition is deployed successfully  : org.wso2.apimgt.cache.invalidation.stream:1.0.0
07:44:00.211 [docker-java-stream--679690411] INFO  o.w.a.t.CustomAPIMContainer - [customHeader] STDOUT: [2025-05-07 02:13:57,890]  INFO - EventPublisherDeployer Event Publisher undeployed successfully : keymgtEventJMSEventPublisher.xml
07:44:00.212 [docker-java-stream--679690411] INFO  o.w.a.t.CustomAPIMContainer - [customHeader] STDOUT: [2025-05-07 02:13:57,894]  INFO - EventJunction WSO2EventConsumer added to the junction. Stream:org.wso2.apimgt.keymgt.stream:1.0.0
07:44:00.212 [docker-java-stream--679690411] INFO  o.w.a.t.CustomAPIMContainer - [customHeader] STDOUT: [2025-05-07 02:13:57,894]  INFO - EventPublisherDeployer Event Publisher configuration successfully deployed and in active state : keymgtEventJMSEventPublisher
07:44:00.212 [docker-java-stream--679690411] INFO  o.w.a.t.CustomAPIMContainer - [customHeader] STDOUT: [2025-05-07 02:13:57,894]  INFO - EventReceiverDeployer Event Receiver undeployed successfully: keyMgtWso2EventReceiver.xml
07:44:00.213 [docker-java-stream--679690411] INFO  o.w.a.t.CustomAPIMContainer - [customHeader] STDOUT: [2025-05-07 02:13:57,898]  INFO - InputAdapterRuntime Connecting receiver keyMgtWso2EventReceiver
07:44:00.213 [docker-java-stream--679690411] INFO  o.w.a.t.CustomAPIMContainer - [customHeader] STDOUT: [2025-05-07 02:13:57,898]  INFO - EventJunction Producer added to the junction. Stream:org.wso2.apimgt.keymgt.stream:1.0.0
07:44:00.213 [docker-java-stream--679690411] INFO  o.w.a.t.CustomAPIMContainer - [customHeader] STDOUT: [2025-05-07 02:13:57,898]  INFO - EventReceiverDeployer Event Receiver configuration successfully deployed and in active state: keyMgtWso2EventReceiver
07:44:00.214 [docker-java-stream--679690411] INFO  o.w.a.t.CustomAPIMContainer - [customHeader] STDOUT: [2025-05-07 02:13:57,898]  INFO - EventStreamDeployer Stream definition is deployed successfully  : org.wso2.apimgt.keymgt.stream:1.0.0
07:44:00.214 [docker-java-stream--679690411] INFO  o.w.a.t.CustomAPIMContainer - [customHeader] STDOUT: [2025-05-07 02:13:57,901]  INFO - EventPublisherDeployer Event Publisher undeployed successfully : notificationEventJMSPublisher.xml
07:44:00.221 [docker-java-stream--679690411] INFO  o.w.a.t.CustomAPIMContainer - [customHeader] STDOUT: [2025-05-07 02:13:57,905]  INFO - EventJunction WSO2EventConsumer added to the junction. Stream:org.wso2.apimgt.notification.stream:1.0.0
07:44:00.222 [docker-java-stream--679690411] INFO  o.w.a.t.CustomAPIMContainer - [customHeader] STDOUT: [2025-05-07 02:13:57,905]  INFO - EventPublisherDeployer Event Publisher configuration successfully deployed and in active state : notificationJMSPublisher
07:44:00.229 [docker-java-stream--679690411] INFO  o.w.a.t.CustomAPIMContainer - [customHeader] STDOUT: [2025-05-07 02:13:57,906]  INFO - EventReceiverDeployer Event Receiver undeployed successfully: notificationsWSO2EventReceiver.xml
07:44:00.229 [docker-java-stream--679690411] INFO  o.w.a.t.CustomAPIMContainer - [customHeader] STDOUT: [2025-05-07 02:13:57,910]  INFO - InputAdapterRuntime Connecting receiver notificationsWSO2EventReceiver
07:44:00.230 [docker-java-stream--679690411] INFO  o.w.a.t.CustomAPIMContainer - [customHeader] STDOUT: [2025-05-07 02:13:57,910]  INFO - EventJunction Producer added to the junction. Stream:org.wso2.apimgt.notification.stream:1.0.0
07:44:00.230 [docker-java-stream--679690411] INFO  o.w.a.t.CustomAPIMContainer - [customHeader] STDOUT: [2025-05-07 02:13:57,911]  INFO - EventReceiverDeployer Event Receiver configuration successfully deployed and in active state: notificationsWSO2EventReceiver
07:44:00.230 [docker-java-stream--679690411] INFO  o.w.a.t.CustomAPIMContainer - [customHeader] STDOUT: [2025-05-07 02:13:57,911]  INFO - EventStreamDeployer Stream definition is deployed successfully  : org.wso2.apimgt.notification.stream:1.0.0
07:44:00.230 [docker-java-stream--679690411] INFO  o.w.a.t.CustomAPIMContainer - [customHeader] STDOUT: [2025-05-07 02:13:57,913]  INFO - EventPublisherDeployer Event Publisher undeployed successfully : HTTP-recommendationEventPublisher.xml
07:44:00.231 [docker-java-stream--679690411] INFO  o.w.a.t.CustomAPIMContainer - [customHeader] STDOUT: [2025-05-07 02:13:57,917]  INFO - EventJunction WSO2EventConsumer added to the junction. Stream:org.wso2.apimgt.recommendation.event.stream:1.0.0
07:44:00.231 [docker-java-stream--679690411] INFO  o.w.a.t.CustomAPIMContainer - [customHeader] STDOUT: [2025-05-07 02:13:57,923]  INFO - EventPublisherDeployer Event Publisher configuration successfully deployed and in active state : HTTP-recommendationEventPublisher
07:44:00.231 [docker-java-stream--679690411] INFO  o.w.a.t.CustomAPIMContainer - [customHeader] STDOUT: [2025-05-07 02:13:57,923]  INFO - EventReceiverDeployer Event Receiver undeployed successfully: recommendationWso2EventReceiver.xml
07:44:00.232 [docker-java-stream--679690411] INFO  o.w.a.t.CustomAPIMContainer - [customHeader] STDOUT: [2025-05-07 02:13:57,927]  INFO - InputAdapterRuntime Connecting receiver recommendationWso2EventReceiver
07:44:00.232 [docker-java-stream--679690411] INFO  o.w.a.t.CustomAPIMContainer - [customHeader] STDOUT: [2025-05-07 02:13:57,927]  INFO - EventJunction Producer added to the junction. Stream:org.wso2.apimgt.recommendation.event.stream:1.0.0
07:44:00.237 [docker-java-stream--679690411] INFO  o.w.a.t.CustomAPIMContainer - [customHeader] STDOUT: [2025-05-07 02:13:57,927]  INFO - EventReceiverDeployer Event Receiver configuration successfully deployed and in active state: recommendationWso2EventReceiver
07:44:00.238 [docker-java-stream--679690411] INFO  o.w.a.t.CustomAPIMContainer - [customHeader] STDOUT: [2025-05-07 02:13:57,928]  INFO - EventStreamDeployer Stream definition is deployed successfully  : org.wso2.apimgt.recommendation.event.stream:1.0.0
07:44:00.238 [docker-java-stream--679690411] INFO  o.w.a.t.CustomAPIMContainer - [customHeader] STDOUT: [2025-05-07 02:13:57,931]  INFO - EventPublisherDeployer Event Publisher undeployed successfully : tokenRevokeEventJMSPublisher.xml
07:44:00.239 [docker-java-stream--679690411] INFO  o.w.a.t.CustomAPIMContainer - [customHeader] STDOUT: [2025-05-07 02:13:57,935]  INFO - EventJunction WSO2EventConsumer added to the junction. Stream:org.wso2.apimgt.token.revocation.stream:1.0.0
07:44:00.239 [docker-java-stream--679690411] INFO  o.w.a.t.CustomAPIMContainer - [customHeader] STDOUT: [2025-05-07 02:13:57,936]  INFO - EventPublisherDeployer Event Publisher configuration successfully deployed and in active state : tokenRevocationJMSPublisher
07:44:00.239 [docker-java-stream--679690411] INFO  o.w.a.t.CustomAPIMContainer - [customHeader] STDOUT: [2025-05-07 02:13:57,936]  INFO - EventPublisherDeployer Event Publisher undeployed successfully : tokenRevokeEventJMSPublisher_2.xml
07:44:00.239 [docker-java-stream--679690411] INFO  o.w.a.t.CustomAPIMContainer - [customHeader] STDOUT: [2025-05-07 02:13:57,940]  INFO - EventJunction WSO2EventConsumer added to the junction. Stream:org.wso2.apimgt.token.revocation.stream:1.0.0
07:44:00.240 [docker-java-stream--679690411] INFO  o.w.a.t.CustomAPIMContainer - [customHeader] STDOUT: [2025-05-07 02:13:57,940]  INFO - EventPublisherDeployer Event Publisher configuration successfully deployed and in active state : tokenRevocationJMSPublisher2
07:44:00.240 [docker-java-stream--679690411] INFO  o.w.a.t.CustomAPIMContainer - [customHeader] STDOUT: [2025-05-07 02:13:57,941]  INFO - EventReceiverDeployer Event Receiver undeployed successfully: tokenRevocationWso2EventReceiver.xml
07:44:00.240 [docker-java-stream--679690411] INFO  o.w.a.t.CustomAPIMContainer - [customHeader] STDOUT: [2025-05-07 02:13:57,944]  INFO - InputAdapterRuntime Connecting receiver tokenRevocationWso2EventReceiver
07:44:00.240 [docker-java-stream--679690411] INFO  o.w.a.t.CustomAPIMContainer - [customHeader] STDOUT: [2025-05-07 02:13:57,944]  INFO - EventJunction Producer added to the junction. Stream:org.wso2.apimgt.token.revocation.stream:1.0.0
07:44:00.241 [docker-java-stream--679690411] INFO  o.w.a.t.CustomAPIMContainer - [customHeader] STDOUT: [2025-05-07 02:13:57,944]  INFO - EventReceiverDeployer Event Receiver configuration successfully deployed and in active state: tokenRevocationWso2EventReceiver
07:44:00.250 [docker-java-stream--679690411] INFO  o.w.a.t.CustomAPIMContainer - [customHeader] STDOUT: [2025-05-07 02:13:57,944]  INFO - EventStreamDeployer Stream definition is deployed successfully  : org.wso2.apimgt.token.revocation.stream:1.0.0
07:44:00.251 [docker-java-stream--679690411] INFO  o.w.a.t.CustomAPIMContainer - [customHeader] STDOUT: [2025-05-07 02:13:57,951]  INFO - EventPublisherDeployer Event Publisher undeployed successfully : asyncWebhooksEventPublisher.xml
07:44:00.251 [docker-java-stream--679690411] INFO  o.w.a.t.CustomAPIMContainer - [customHeader] STDOUT: [2025-05-07 02:13:57,955]  INFO - EventJunction WSO2EventConsumer added to the junction. Stream:org.wso2.apimgt.webhooks.request.stream:1.0.0
07:44:00.251 [docker-java-stream--679690411] INFO  o.w.a.t.CustomAPIMContainer - [customHeader] STDOUT: [2025-05-07 02:13:57,956]  INFO - EventPublisherDeployer Event Publisher configuration successfully deployed and in active state : asyncWebhooksEventPublisher
07:44:00.251 [docker-java-stream--679690411] INFO  o.w.a.t.CustomAPIMContainer - [customHeader] STDOUT: [2025-05-07 02:13:57,956]  INFO - EventPublisherDeployer Event Publisher undeployed successfully : asyncWebhooksEventPublisher2.xml
07:44:00.252 [docker-java-stream--679690411] INFO  o.w.a.t.CustomAPIMContainer - [customHeader] STDOUT: [2025-05-07 02:13:57,960]  INFO - EventJunction WSO2EventConsumer added to the junction. Stream:org.wso2.apimgt.webhooks.request.stream:1.0.0
07:44:00.252 [docker-java-stream--679690411] INFO  o.w.a.t.CustomAPIMContainer - [customHeader] STDOUT: [2025-05-07 02:13:57,961]  INFO - EventPublisherDeployer Event Publisher configuration successfully deployed and in active state : asyncWebhooksEventPublisher2
07:44:00.252 [docker-java-stream--679690411] INFO  o.w.a.t.CustomAPIMContainer - [customHeader] STDOUT: [2025-05-07 02:13:57,961]  INFO - EventPublisherDeployer Event Publisher undeployed successfully : asyncWebhooksEventPublisher_1.0.0.xml
07:44:00.252 [docker-java-stream--679690411] INFO  o.w.a.t.CustomAPIMContainer - [customHeader] STDOUT: [2025-05-07 02:13:57,965]  INFO - EventJunction WSO2EventConsumer added to the junction. Stream:org.wso2.apimgt.webhooks.request.stream:1.0.0
07:44:00.253 [docker-java-stream--679690411] INFO  o.w.a.t.CustomAPIMContainer - [customHeader] STDOUT: [2025-05-07 02:13:57,966]  INFO - EventPublisherDeployer Event Publisher configuration successfully deployed and in active state : asyncWebhooksEventPublisher-1.0.0
07:44:00.253 [docker-java-stream--679690411] INFO  o.w.a.t.CustomAPIMContainer - [customHeader] STDOUT: [2025-05-07 02:13:57,966]  INFO - EventPublisherDeployer Event Publisher undeployed successfully : asyncWebhooksEventPublisher_1.0.0_2.xml
07:44:00.253 [docker-java-stream--679690411] INFO  o.w.a.t.CustomAPIMContainer - [customHeader] STDOUT: [2025-05-07 02:13:57,970]  INFO - EventJunction WSO2EventConsumer added to the junction. Stream:org.wso2.apimgt.webhooks.request.stream:1.0.0
07:44:00.255 [docker-java-stream--679690411] INFO  o.w.a.t.CustomAPIMContainer - [customHeader] STDOUT: [2025-05-07 02:13:57,971]  INFO - EventPublisherDeployer Event Publisher configuration successfully deployed and in active state : asyncWebhooksEventPublisher-1.0.0-2
07:44:00.256 [docker-java-stream--679690411] INFO  o.w.a.t.CustomAPIMContainer - [customHeader] STDOUT: [2025-05-07 02:13:57,971]  INFO - EventStreamDeployer Stream definition is deployed successfully  : org.wso2.apimgt.webhooks.request.stream:1.0.0
07:44:00.256 [docker-java-stream--679690411] INFO  o.w.a.t.CustomAPIMContainer - [customHeader] STDOUT: [2025-05-07 02:13:57,975]  INFO - EventPublisherDeployer Event Publisher undeployed successfully : blockingEventJMSPublisher.xml
07:44:00.256 [docker-java-stream--679690411] INFO  o.w.a.t.CustomAPIMContainer - [customHeader] STDOUT: [2025-05-07 02:13:57,979]  INFO - EventJunction WSO2EventConsumer added to the junction. Stream:org.wso2.blocking.request.stream:1.0.0
07:44:00.257 [docker-java-stream--679690411] INFO  o.w.a.t.CustomAPIMContainer - [customHeader] STDOUT: [2025-05-07 02:13:57,980]  INFO - EventPublisherDeployer Event Publisher configuration successfully deployed and in active state : blockingEventJMSPublisher
07:44:00.257 [docker-java-stream--679690411] INFO  o.w.a.t.CustomAPIMContainer - [customHeader] STDOUT: [2025-05-07 02:13:57,980]  INFO - EventReceiverDeployer Event Receiver undeployed successfully: blockingWso2EventReceiver.xml
07:44:00.257 [docker-java-stream--679690411] INFO  o.w.a.t.CustomAPIMContainer - [customHeader] STDOUT: [2025-05-07 02:13:57,983]  INFO - InputAdapterRuntime Connecting receiver blockingWso2EventReceiver
07:44:00.257 [docker-java-stream--679690411] INFO  o.w.a.t.CustomAPIMContainer - [customHeader] STDOUT: [2025-05-07 02:13:57,983]  INFO - EventJunction Producer added to the junction. Stream:org.wso2.blocking.request.stream:1.0.0
07:44:00.257 [docker-java-stream--679690411] INFO  o.w.a.t.CustomAPIMContainer - [customHeader] STDOUT: [2025-05-07 02:13:57,983]  INFO - EventReceiverDeployer Event Receiver configuration successfully deployed and in active state: blockingWso2EventReceiver
07:44:00.258 [docker-java-stream--679690411] INFO  o.w.a.t.CustomAPIMContainer - [customHeader] STDOUT: [2025-05-07 02:13:57,984]  INFO - EventStreamDeployer Stream definition is deployed successfully  : org.wso2.blocking.request.stream:1.0.0
07:44:00.258 [docker-java-stream--679690411] INFO  o.w.a.t.CustomAPIMContainer - [customHeader] STDOUT: [2025-05-07 02:13:57,987]  INFO - EventStreamDeployer Stream definition is deployed successfully  : org.wso2.botDetectionData.request.stream:1.0.0
07:44:00.258 [docker-java-stream--679690411] INFO  o.w.a.t.CustomAPIMContainer - [customHeader] STDOUT: [2025-05-07 02:13:57,990]  INFO - EventPublisherDeployer Event Publisher undeployed successfully : jmsEventPublisher.xml
07:44:00.259 [docker-java-stream--679690411] INFO  o.w.a.t.CustomAPIMContainer - [customHeader] STDOUT: [2025-05-07 02:13:57,993]  INFO - EventJunction WSO2EventConsumer added to the junction. Stream:org.wso2.throttle.globalThrottle.stream:1.0.0
07:44:00.264 [docker-java-stream--679690411] INFO  o.w.a.t.CustomAPIMContainer - [customHeader] STDOUT: [2025-05-07 02:13:57,994]  INFO - EventPublisherDeployer Event Publisher configuration successfully deployed and in active state : jmsEventPublisher
07:44:00.264 [docker-java-stream--679690411] INFO  o.w.a.t.CustomAPIMContainer - [customHeader] STDOUT: [2025-05-07 02:13:57,994]  INFO - EventPublisherDeployer Event Publisher undeployed successfully : jmsEventPublisher2.xml
07:44:00.264 [docker-java-stream--679690411] INFO  o.w.a.t.CustomAPIMContainer - [customHeader] STDOUT: [2025-05-07 02:13:57,998]  INFO - EventJunction WSO2EventConsumer added to the junction. Stream:org.wso2.throttle.globalThrottle.stream:1.0.0
07:44:00.265 [docker-java-stream--679690411] INFO  o.w.a.t.CustomAPIMContainer - [customHeader] STDOUT: [2025-05-07 02:13:57,999]  INFO - EventPublisherDeployer Event Publisher configuration successfully deployed and in active state : jmsEventPublisher2
07:44:00.265 [docker-java-stream--679690411] INFO  o.w.a.t.CustomAPIMContainer - [customHeader] STDOUT: [2025-05-07 02:13:58,076]  INFO - EventProcessorDeployer Execution Plan was undeployed successfully : carbon.super_app_10PerMin.siddhiql
07:44:00.265 [docker-java-stream--679690411] INFO  o.w.a.t.CustomAPIMContainer - [customHeader] STDOUT: [2025-05-07 02:13:58,114]  INFO - EventProcessorDeployer Execution Plan was undeployed successfully : carbon.super_app_20PerMin.siddhiql
07:44:00.559 [docker-java-stream--679690411] INFO  o.w.a.t.CustomAPIMContainer - [customHeader] STDOUT: [2025-05-07 02:13:58,566]  INFO - EventProcessorDeployer Execution Plan was undeployed successfully : carbon.super_app_50PerMin.siddhiql
07:44:00.825 [docker-java-stream--679690411] INFO  o.w.a.t.CustomAPIMContainer - [customHeader] STDOUT: [2025-05-07 02:13:58,843]  INFO - EventProcessorDeployer Execution Plan was undeployed successfully : carbon.super_resource_10KPerMin_default.siddhiql
07:44:00.928 [docker-java-stream--679690411] INFO  o.w.a.t.CustomAPIMContainer - [customHeader] STDOUT: [2025-05-07 02:13:58,948]  INFO - EventProcessorDeployer Execution Plan was undeployed successfully : carbon.super_resource_20KPerMin_default.siddhiql
07:44:00.994 [docker-java-stream--679690411] INFO  o.w.a.t.CustomAPIMContainer - [customHeader] STDOUT: [2025-05-07 02:13:59,012]  INFO - EventProcessorDeployer Execution Plan was undeployed successfully : carbon.super_resource_50KPerMin_defualt.siddhiql
07:44:01.153 [docker-java-stream--679690411] INFO  o.w.a.t.CustomAPIMContainer - [customHeader] STDOUT: [2025-05-07 02:13:59,161]  INFO - EventProcessorDeployer Execution Plan was undeployed successfully : carbon.super_sub_Bronze.siddhiql
07:44:01.230 [docker-java-stream--679690411] INFO  o.w.a.t.CustomAPIMContainer - [customHeader] STDOUT: [2025-05-07 02:13:59,249]  INFO - EventProcessorDeployer Execution Plan was undeployed successfully : carbon.super_sub_Gold.siddhiql
07:44:01.335 [docker-java-stream--679690411] INFO  o.w.a.t.CustomAPIMContainer - [customHeader] STDOUT: [2025-05-07 02:13:59,353]  INFO - EventProcessorDeployer Execution Plan was undeployed successfully : carbon.super_sub_Silver.siddhiql
07:44:01.456 [docker-java-stream--679690411] INFO  o.w.a.t.CustomAPIMContainer - [customHeader] STDOUT: [2025-05-07 02:13:59,468]  INFO - EventProcessorDeployer Execution Plan was undeployed successfully : carbon.super_sub_Unauthenticated.siddhiql
07:44:01.580 [docker-java-stream--679690411] INFO  o.w.a.t.CustomAPIMContainer - [customHeader] STDOUT: [2025-05-07 02:13:59,591]  INFO - EventStreamDeployer Stream definition is deployed successfully  : org.wso2.throttle.globalThrottle.stream:1.0.0
07:44:01.595 [docker-java-stream--679690411] INFO  o.w.a.t.CustomAPIMContainer - [customHeader] STDOUT: [2025-05-07 02:13:59,612]  INFO - EventPublisherDeployer Event Publisher undeployed successfully : jmsEventPublisher_1.10.0.xml
07:44:01.626 [docker-java-stream--679690411] INFO  o.w.a.t.CustomAPIMContainer - [customHeader] STDOUT: [2025-05-07 02:13:59,641]  INFO - EventJunction WSO2EventConsumer added to the junction. Stream:org.wso2.throttle.globalThrottle.stream:1.1.0
07:44:01.638 [docker-java-stream--679690411] INFO  o.w.a.t.CustomAPIMContainer - [customHeader] STDOUT: [2025-05-07 02:13:59,648]  INFO - EventPublisherDeployer Event Publisher configuration successfully deployed and in active state : jmsEventPublisher-1.0.0
07:44:01.641 [docker-java-stream--679690411] INFO  o.w.a.t.CustomAPIMContainer - [customHeader] STDOUT: [2025-05-07 02:13:59,649]  INFO - EventPublisherDeployer Event Publisher undeployed successfully : jmsEventPublisher_1.10.0_2.xml
07:44:01.658 [docker-java-stream--679690411] INFO  o.w.a.t.CustomAPIMContainer - [customHeader] STDOUT: [2025-05-07 02:13:59,677]  INFO - EventJunction WSO2EventConsumer added to the junction. Stream:org.wso2.throttle.globalThrottle.stream:1.1.0
07:44:01.665 [docker-java-stream--679690411] INFO  o.w.a.t.CustomAPIMContainer - [customHeader] STDOUT: [2025-05-07 02:13:59,682]  INFO - EventPublisherDeployer Event Publisher configuration successfully deployed and in active state : jmsEventPublisher-1.0.0-2
07:44:01.689 [docker-java-stream--679690411] INFO  o.w.a.t.CustomAPIMContainer - [customHeader] STDOUT: [2025-05-07 02:13:59,683]  INFO - EventStreamDeployer Stream definition is deployed successfully  : org.wso2.throttle.globalThrottle.stream:1.1.0
07:44:01.693 [docker-java-stream--679690411] INFO  o.w.a.t.CustomAPIMContainer - [customHeader] STDOUT: [2025-05-07 02:13:59,705]  INFO - EventProcessorDeployer Execution Plan was undeployed successfully : RequestPreProcessorExecutionPlan.siddhiql
07:44:01.725 [docker-java-stream--679690411] INFO  o.w.a.t.CustomAPIMContainer - [customHeader] STDOUT: [2025-05-07 02:13:59,742]  INFO - EventProcessorDeployer Execution Plan was undeployed successfully : carbon.super_app_10PerMin.siddhiql
[...]
INFO: 
May 07, 2025 8:04:53 AM okhttp3.internal.platform.Platform log
INFO: {"applicationId":"002600a6-d1c7-4a9f-941a-a482b91eb781","name":"Application1","throttlingPolicy":"Unlimited","description":"This is new application","tokenType":"JWT","status":"APPROVED","groups":[],"subscriptionCount":0,"keys":[],"attributes":{},"subscriptionScopes":[],"owner":"admin","hashEnabled":false,"createdTime":"1746585289147","updatedTime":"1746585289147","visibility":"PRIVATE"}
May 07, 2025 8:04:53 AM okhttp3.internal.platform.Platform log
INFO: <-- END HTTP (390-byte body)
May 07, 2025 8:04:53 AM okhttp3.internal.platform.Platform log
INFO: --> POST https://localhost:32855/api/am/devportal/v3/subscriptions
May 07, 2025 8:04:53 AM okhttp3.internal.platform.Platform log
INFO: Content-Length: 168
May 07, 2025 8:04:53 AM okhttp3.internal.platform.Platform log
INFO: X-WSO2-Tenant: carbon.super
May 07, 2025 8:04:53 AM okhttp3.internal.platform.Platform log
INFO: Accept: application/json
May 07, 2025 8:04:53 AM okhttp3.internal.platform.Platform log
INFO: Content-Type: application/json
May 07, 2025 8:04:53 AM okhttp3.internal.platform.Platform log
INFO: Authorization: Bearer d488e1a6-2d13-3e55-894b-79b59f87031d
May 07, 2025 8:04:53 AM okhttp3.internal.platform.Platform log
INFO: User-Agent: OpenAPI-Generator/v3/java
May 07, 2025 8:04:53 AM okhttp3.internal.platform.Platform log
INFO: 
May 07, 2025 8:04:53 AM okhttp3.internal.platform.Platform log
INFO: {"applicationId":"002600a6-d1c7-4a9f-941a-a482b91eb781","apiId":"9c5014d4-6e84-4ef2-a3a3-bcd7db9fe5d8","throttlingPolicy":"Bronze","requestedThrottlingPolicy":"Bronze"}
May 07, 2025 8:04:53 AM okhttp3.internal.platform.Platform log
INFO: --> END POST (168-byte body)
May 07, 2025 8:04:55 AM okhttp3.internal.platform.Platform log
INFO: <-- 201 https://localhost:32855/api/am/devportal/v3/subscriptions (1240ms)
May 07, 2025 8:04:55 AM okhttp3.internal.platform.Platform log
INFO: X-WSO2-TraceId: 9cd3693f-02e5-417c-8f69-8a58f195f353
May 07, 2025 8:04:55 AM okhttp3.internal.platform.Platform log
INFO: Location: https://localhost:32855/api/am/devportal/subscriptions/95fd5ef1-a8ce-4fb0-9d6d-ebe53138b1c7
May 07, 2025 8:04:55 AM okhttp3.internal.platform.Platform log
INFO: X-Content-Type-Options: nosniff
May 07, 2025 8:04:55 AM okhttp3.internal.platform.Platform log
INFO: X-XSS-Protection: 1; mode=block
May 07, 2025 8:04:55 AM okhttp3.internal.platform.Platform log
INFO: Date: Wed, 07 May 2025 02:34:53 GMT
May 07, 2025 8:04:55 AM okhttp3.internal.platform.Platform log
INFO: Vary: Accept-Encoding
May 07, 2025 8:04:55 AM okhttp3.internal.platform.Platform log
INFO: Content-Type: application/json
May 07, 2025 8:04:55 AM okhttp3.internal.platform.Platform log
INFO: Transfer-Encoding: chunked
May 07, 2025 8:04:55 AM okhttp3.internal.platform.Platform log
INFO: Keep-Alive: timeout=60
May 07, 2025 8:04:55 AM okhttp3.internal.platform.Platform log
INFO: Connection: keep-alive
May 07, 2025 8:04:55 AM okhttp3.internal.platform.Platform log
INFO: Server: WSO2 Carbon Server
May 07, 2025 8:04:55 AM okhttp3.internal.platform.Platform log
INFO: 
May 07, 2025 8:04:55 AM okhttp3.internal.platform.Platform log
INFO: {"subscriptionId":"95fd5ef1-a8ce-4fb0-9d6d-ebe53138b1c7","applicationId":"002600a6-d1c7-4a9f-941a-a482b91eb781","apiId":"9c5014d4-6e84-4ef2-a3a3-bcd7db9fe5d8","apiInfo":{"id":"9c5014d4-6e84-4ef2-a3a3-bcd7db9fe5d8","name":"JaxrsAPI","description":"JAX-RS CustomerService API created for integration testing.","context":"/jaxrs","version":"1.0.0","type":"HTTP","createdTime":"1746585249284","provider":"admin","lifeCycleStatus":"PUBLISHED","thumbnailUri":null,"avgRating":"0.0","throttlingPolicies":["Bronze","Gold"],"advertiseInfo":{"advertised":false,"apiExternalProductionEndpoint":null,"apiExternalSandboxEndpoint":null,"originalDevPortalUrl":null,"apiOwner":"admin","vendor":"WSO2"},"businessInformation":{"businessOwner":null,"businessOwnerEmail":null,"technicalOwner":null,"technicalOwnerEmail":null},"isSubscriptionAvailable":true,"monetizationLabel":"FREE","gatewayVendor":"wso2","additionalProperties":[],"monetizedInfo":false,"egress":false,"subtype":"DEFAULT"},"applicationInfo":{"applicationId":"002600a6-d1c7-4a9f-941a-a482b91eb781","name":"Application1","throttlingPolicy":"Unlimited","description":"This is new application","status":"APPROVED","groups":[],"subscriptionCount":1,"attributes":{},"owner":"admin","tokenType":"JWT","createdTime":"1746585289147","updatedTime":"1746585289147"},"throttlingPolicy":"Bronze","requestedThrottlingPolicy":"Bronze","status":"UNBLOCKED","redirectionParams":null}
May 07, 2025 8:04:55 AM okhttp3.internal.platform.Platform log
INFO: <-- END HTTP (1414-byte body)
May 07, 2025 8:04:55 AM org.wso2.am.integration.test.impl.RestAPIStoreImpl waitUntilSubscriptionAvailableInGateway
INFO: Subscription Available in in memory == class SubscriptionDTO {
    subscriptionId: 1
    policyId: Bronze
    apiId: 1
    appId: 2
    subscriptionState: UNBLOCKED
}
May 07, 2025 8:04:55 AM okhttp3.internal.platform.Platform log
INFO: --> GET https://localhost:32855/api/am/devportal/v3/subscriptions?apiId=9c5014d4-6e84-4ef2-a3a3-bcd7db9fe5d8&applicationId=002600a6-d1c7-4a9f-941a-a482b91eb781
May 07, 2025 8:04:55 AM okhttp3.internal.platform.Platform log
INFO: X-WSO2-Tenant: carbon.super
May 07, 2025 8:04:55 AM okhttp3.internal.platform.Platform log
INFO: Accept: application/json
May 07, 2025 8:04:55 AM okhttp3.internal.platform.Platform log
INFO: Content-Type: application/json
May 07, 2025 8:04:55 AM okhttp3.internal.platform.Platform log
INFO: Authorization: Bearer d488e1a6-2d13-3e55-894b-79b59f87031d
May 07, 2025 8:04:55 AM okhttp3.internal.platform.Platform log
INFO: User-Agent: OpenAPI-Generator/v3/java
May 07, 2025 8:04:55 AM okhttp3.internal.platform.Platform log
INFO: --> END GET
May 07, 2025 8:04:55 AM okhttp3.internal.platform.Platform log
INFO: <-- 200 https://localhost:32855/api/am/devportal/v3/subscriptions?apiId=9c5014d4-6e84-4ef2-a3a3-bcd7db9fe5d8&applicationId=002600a6-d1c7-4a9f-941a-a482b91eb781 (262ms)
May 07, 2025 8:04:55 AM okhttp3.internal.platform.Platform log
INFO: X-WSO2-TraceId: 36cc4fc5-8af2-4551-8063-7b9dea57352b
May 07, 2025 8:04:55 AM okhttp3.internal.platform.Platform log
INFO: X-Content-Type-Options: nosniff
May 07, 2025 8:04:55 AM okhttp3.internal.platform.Platform log
INFO: X-XSS-Protection: 1; mode=block
May 07, 2025 8:04:55 AM okhttp3.internal.platform.Platform log
INFO: Date: Wed, 07 May 2025 02:34:53 GMT
May 07, 2025 8:04:55 AM okhttp3.internal.platform.Platform log
INFO: Vary: Accept-Encoding
May 07, 2025 8:04:55 AM okhttp3.internal.platform.Platform log
INFO: Content-Type: application/json
May 07, 2025 8:04:55 AM okhttp3.internal.platform.Platform log
INFO: Transfer-Encoding: chunked
May 07, 2025 8:04:55 AM okhttp3.internal.platform.Platform log
INFO: Keep-Alive: timeout=60
May 07, 2025 8:04:55 AM okhttp3.internal.platform.Platform log
INFO: Connection: keep-alive
May 07, 2025 8:04:55 AM okhttp3.internal.platform.Platform log
INFO: Server: WSO2 Carbon Server
May 07, 2025 8:04:55 AM okhttp3.internal.platform.Platform log
INFO: 
May 07, 2025 8:04:55 AM okhttp3.internal.platform.Platform log
INFO: {"count":1,"list":[{"subscriptionId":"95fd5ef1-a8ce-4fb0-9d6d-ebe53138b1c7","applicationId":"002600a6-d1c7-4a9f-941a-a482b91eb781","apiId":"9c5014d4-6e84-4ef2-a3a3-bcd7db9fe5d8","apiInfo":{"id":"9c5014d4-6e84-4ef2-a3a3-bcd7db9fe5d8","name":"JaxrsAPI","description":"JAX-RS CustomerService API created for integration testing.","context":"/jaxrs","version":"1.0.0","type":"HTTP","createdTime":"1746585249284","provider":"admin","lifeCycleStatus":"PUBLISHED","thumbnailUri":null,"avgRating":"0.0","throttlingPolicies":["Bronze","Gold"],"advertiseInfo":{"advertised":false,"apiExternalProductionEndpoint":null,"apiExternalSandboxEndpoint":null,"originalDevPortalUrl":null,"apiOwner":"admin","vendor":"WSO2"},"businessInformation":{"businessOwner":null,"businessOwnerEmail":null,"technicalOwner":null,"technicalOwnerEmail":null},"isSubscriptionAvailable":true,"monetizationLabel":"FREE","gatewayVendor":"wso2","additionalProperties":[],"monetizedInfo":false,"egress":false,"subtype":"DEFAULT"},"applicationInfo":{"applicationId":"002600a6-d1c7-4a9f-941a-a482b91eb781","name":"Application1","throttlingPolicy":"Unlimited","description":"This is new application","status":"APPROVED","groups":[],"subscriptionCount":0,"attributes":{},"owner":"admin","tokenType":"JWT","createdTime":"1746585289147","updatedTime":"1746585289147"},"throttlingPolicy":"Bronze","requestedThrottlingPolicy":"Bronze","status":"UNBLOCKED","redirectionParams":null}],"pagination":{"offset":0,"limit":25,"total":1,"next":"","previous":""}}
May 07, 2025 8:04:55 AM okhttp3.internal.platform.Platform log
INFO: <-- END HTTP (1506-byte body)
May 07, 2025 8:04:55 AM okhttp3.internal.platform.Platform log
INFO: --> POST https://localhost:32855/api/am/devportal/v3/applications/002600a6-d1c7-4a9f-941a-a482b91eb781/generate-keys
May 07, 2025 8:04:55 AM okhttp3.internal.platform.Platform log
INFO: Content-Length: 148
May 07, 2025 8:04:55 AM okhttp3.internal.platform.Platform log
INFO: X-WSO2-Tenant: carbon.super
May 07, 2025 8:04:55 AM okhttp3.internal.platform.Platform log
INFO: Accept: application/json
May 07, 2025 8:04:55 AM okhttp3.internal.platform.Platform log
INFO: Content-Type: application/json
May 07, 2025 8:04:55 AM okhttp3.internal.platform.Platform log
INFO: Authorization: Bearer d488e1a6-2d13-3e55-894b-79b59f87031d
May 07, 2025 8:04:55 AM okhttp3.internal.platform.Platform log
INFO: activityID: 
May 07, 2025 8:04:55 AM okhttp3.internal.platform.Platform log
INFO: User-Agent: OpenAPI-Generator/v3/java
May 07, 2025 8:04:55 AM okhttp3.internal.platform.Platform log
INFO: 
May 07, 2025 8:04:55 AM okhttp3.internal.platform.Platform log
INFO: {"keyType":"PRODUCTION","grantTypesToBeSupported":["client_credentials"],"callbackUrl":"https://localhost/callback","scopes":[],"validityTime":"-1"}
May 07, 2025 8:04:55 AM okhttp3.internal.platform.Platform log
INFO: --> END POST (148-byte body)
May 07, 2025 8:04:59 AM okhttp3.internal.platform.Platform log
INFO: <-- 200 https://localhost:32855/api/am/devportal/v3/applications/002600a6-d1c7-4a9f-941a-a482b91eb781/generate-keys (4245ms)
May 07, 2025 8:04:59 AM okhttp3.internal.platform.Platform log
INFO: X-WSO2-TraceId: 1239cb54-c52e-4179-8a72-3a79be24f1b7
May 07, 2025 8:04:59 AM okhttp3.internal.platform.Platform log
INFO: X-Content-Type-Options: nosniff
May 07, 2025 8:04:59 AM okhttp3.internal.platform.Platform log
INFO: X-XSS-Protection: 1; mode=block
May 07, 2025 8:04:59 AM okhttp3.internal.platform.Platform log
INFO: Date: Wed, 07 May 2025 02:34:57 GMT
May 07, 2025 8:04:59 AM okhttp3.internal.platform.Platform log
INFO: Vary: Accept-Encoding
May 07, 2025 8:04:59 AM okhttp3.internal.platform.Platform log
INFO: Content-Type: application/json
May 07, 2025 8:04:59 AM okhttp3.internal.platform.Platform log
INFO: Transfer-Encoding: chunked
May 07, 2025 8:04:59 AM okhttp3.internal.platform.Platform log
INFO: Keep-Alive: timeout=60
May 07, 2025 8:04:59 AM okhttp3.internal.platform.Platform log
INFO: Connection: keep-alive
May 07, 2025 8:04:59 AM okhttp3.internal.platform.Platform log
INFO: Server: WSO2 Carbon Server
May 07, 2025 8:04:59 AM okhttp3.internal.platform.Platform log
INFO: 
May 07, 2025 8:04:59 AM okhttp3.internal.platform.Platform log
INFO: {"keyMappingId":"2d564cc8-6866-446c-8a94-ef2d7e3dc0cc","keyManager":"Resident Key Manager","consumerKey":"po7icHTkgIItBkj7DLdof5SEXWca","consumerSecret":"SPDe98_lDo0RTQdKwXbZdGijNJIa","supportedGrantTypes":["client_credentials"],"callbackUrl":"https://localhost/callback","keyState":"APPROVED","keyType":"PRODUCTION","mode":"CREATED","groupId":null,"token":{"accessToken":"eyJ4NXQiOiJNV1V4WW1Oa1pXSXdZVFEyTkRjeU1UVXdZelUxTlRReVlUbGpZekF5WmpNNU5EZ3haVFZrWkRGbE5tVmhORGt6WXpneVlqQXlNMk5pWlRBellqUTBZdyIsImtpZCI6Ik1XVXhZbU5rWldJd1lUUTJORGN5TVRVd1l6VTFOVFF5WVRsall6QXlaak01TkRneFpUVmtaREZsTm1WaE5Ea3pZemd5WWpBeU0yTmlaVEF6WWpRMFl3X1JTMjU2IiwidHlwIjoiYXQrand0IiwiYWxnIjoiUlMyNTYifQ.eyJzdWIiOiIxMTY0OGJiNy1hMTY2LTRlNzctODFlMi0wOWJkN2YwNDIwMDQiLCJhdXQiOiJBUFBMSUNBVElPTiIsImF1ZCI6InBvN2ljSFRrZ0lJdEJrajdETGRvZjVTRVhXY2EiLCJuYmYiOjE3NDY1ODUyOTcsImF6cCI6InBvN2ljSFRrZ0lJdEJrajdETGRvZjVTRVhXY2EiLCJzY29wZSI6ImRlZmF1bHQiLCJpc3MiOiJodHRwczovL2xvY2FsaG9zdDo5NDQzL29hdXRoMi90b2tlbiIsImV4cCI6MTc0NjU4ODg5NywiaWF0IjoxNzQ2NTg1Mjk3LCJqdGkiOiIzYzgxZTk4Zi1mZjA2LTQ2Y2ItYjg1Yi1lNzUwZDIwZjI4YTMiLCJjbGllbnRfaWQiOiJwbzdpY0hUa2dJSXRCa2o3RExkb2Y1U0VYV2NhIn0.lVOCnHoY5Y6-Fh7qh4ANzx06IRHEJCJ1Onm2ymSZKQXwhMa0CX_E8KDVkArAMVlzI3vmMnxtjFAHCTUi4L4T8bRAkKdtB1mCsMYs4su-5H6C5Vtp-KXufay6mA-Q8q-mZHx-Oj3b2Ox0LJHZIb5aeMM2ZK6S-mgN2WzAtKv4IVNsu_NjBc8ZwTN2pOfGPxDI265EyoQ_tYR81WIPcUmMqFViVTB3FkJRYXfuA0xHf8AaEpyQOVEwPE3DmB4vKjpYP89aFCUSvBoggDuFL0rfwQOd6YFe7tUBMl1GrKkxbSGzSYyBC_PMxfsLQ8h0DeExe1RByn0wvL2SU7F2m7bC5g","tokenScopes":["default"],"validityTime":3600},"additionalProperties":{"id_token_expiry_time":3600,"application_access_token_expiry_time":3600,"user_access_token_expiry_time":3600,"bypassClientCredentials":false,"pkceMandatory":false,"pkceSupportPlain":false,"refresh_token_expiry_time":86400}}
May 07, 2025 8:04:59 AM okhttp3.internal.platform.Platform log
INFO: <-- END HTTP (1770-byte body)
May 07, 2025 8:05:00 AM org.wso2.am.integration.test.impl.RestAPIStoreImpl waitUntilApplicationKeyMappingAvailableInGateway
INFO: Application Available in in-memory == class ApplicationInfoDTO {
    uuid: 002600a6-d1c7-4a9f-941a-a482b91eb781
    id: 2
    name: Application1
    subName: admin
    policy: Unlimited
    tokenType: JWT
    attributes: {}
    keys: []
}
May 07, 2025 8:05:00 AM org.wso2.am.integration.test.impl.RestAPIStoreImpl waitUntilApplicationKeyMappingAvailableInGateway
INFO: Application Available in in-memory == class ApplicationInfoDTO {
    uuid: 002600a6-d1c7-4a9f-941a-a482b91eb781
    id: 2
    name: Application1
    subName: admin
    policy: Unlimited
    tokenType: JWT
    attributes: {}
    keys: []
}
May 07, 2025 8:05:01 AM org.wso2.am.integration.test.impl.RestAPIStoreImpl waitUntilApplicationKeyMappingAvailableInGateway
INFO: Application Available in in-memory == class ApplicationInfoDTO {
    uuid: 002600a6-d1c7-4a9f-941a-a482b91eb781
    id: 2
    name: Application1
    subName: admin
    policy: Unlimited
    tokenType: JWT
    attributes: {}
    keys: []
}
May 07, 2025 8:05:01 AM org.wso2.am.integration.test.impl.RestAPIStoreImpl waitUntilApplicationKeyMappingAvailableInGateway
INFO: Application Available in in-memory == class ApplicationInfoDTO {
    uuid: 002600a6-d1c7-4a9f-941a-a482b91eb781
    id: 2
    name: Application1
    subName: admin
    policy: Unlimited
    tokenType: JWT
    attributes: {}
    keys: [class ApplicationKeyMappingDTO {
        consumerKey: po7icHTkgIItBkj7DLdof5SEXWca
        keyType: PRODUCTION
        keyManager: Resident Key Manager
    }]
}
May 07, 2025 8:05:02 AM okhttp3.internal.platform.Platform log
INFO: --> GET https://localhost:32855/api/am/devportal/v3/apis/9c5014d4-6e84-4ef2-a3a3-bcd7db9fe5d8
May 07, 2025 8:05:02 AM okhttp3.internal.platform.Platform log
INFO: Accept: application/json
May 07, 2025 8:05:02 AM okhttp3.internal.platform.Platform log
INFO: Content-Type: application/json
May 07, 2025 8:05:02 AM okhttp3.internal.platform.Platform log
INFO: Authorization: Bearer d488e1a6-2d13-3e55-894b-79b59f87031d
May 07, 2025 8:05:02 AM okhttp3.internal.platform.Platform log
INFO: activityID: 
May 07, 2025 8:05:02 AM okhttp3.internal.platform.Platform log
INFO: User-Agent: OpenAPI-Generator/v3/java
May 07, 2025 8:05:02 AM okhttp3.internal.platform.Platform log
INFO: --> END GET
May 07, 2025 8:05:02 AM okhttp3.internal.platform.Platform log
INFO: <-- 200 https://localhost:32855/api/am/devportal/v3/apis/9c5014d4-6e84-4ef2-a3a3-bcd7db9fe5d8 (350ms)
May 07, 2025 8:05:02 AM okhttp3.internal.platform.Platform log
INFO: X-WSO2-TraceId: 822cac22-34e1-427f-bfb5-55672263ff81
May 07, 2025 8:05:02 AM okhttp3.internal.platform.Platform log
INFO: X-Content-Type-Options: nosniff
May 07, 2025 8:05:02 AM okhttp3.internal.platform.Platform log
INFO: X-XSS-Protection: 1; mode=block
May 07, 2025 8:05:02 AM okhttp3.internal.platform.Platform log
INFO: Date: Wed, 07 May 2025 02:35:00 GMT
May 07, 2025 8:05:02 AM okhttp3.internal.platform.Platform log
INFO: Vary: Accept-Encoding
May 07, 2025 8:05:02 AM okhttp3.internal.platform.Platform log
INFO: Content-Type: application/json
May 07, 2025 8:05:02 AM okhttp3.internal.platform.Platform log
INFO: Transfer-Encoding: chunked
May 07, 2025 8:05:02 AM okhttp3.internal.platform.Platform log
INFO: Keep-Alive: timeout=60
May 07, 2025 8:05:02 AM okhttp3.internal.platform.Platform log
INFO: Connection: keep-alive
May 07, 2025 8:05:02 AM okhttp3.internal.platform.Platform log
INFO: Server: WSO2 Carbon Server
May 07, 2025 8:05:02 AM okhttp3.internal.platform.Platform log
INFO: 
May 07, 2025 8:05:02 AM okhttp3.internal.platform.Platform log
INFO: {"id":"9c5014d4-6e84-4ef2-a3a3-bcd7db9fe5d8","name":"JaxrsAPI","description":"JAX-RS CustomerService API created for integration testing.","context":"/jaxrs/1.0.0","version":"1.0.0","provider":"admin","apiDefinition":"{\n  \"openapi\" : \"3.0.1\",\n  \"info\" : {\n    \"title\" : \"JaxrsAPI\",\n    \"description\" : \"JAX-RS CustomerService API created for integration testing.\",\n    \"version\" : \"1.0.0\"\n  },\n  \"servers\" : [ {\n    \"url\" : \"/\"\n  } ],\n  \"security\" : [ {\n    \"default\" : [ ]\n  } ],\n  \"paths\" : {\n    \"/customers/{id}\" : {\n      \"get\" : {\n        \"parameters\" : [ {\n          \"name\" : \"id\",\n          \"in\" : \"path\",\n          \"required\" : true,\n          \"schema\" : {\n            \"type\" : \"string\"\n          }\n        } ],\n        \"responses\" : {\n          \"200\" : {\n            \"description\" : \"OK\"\n          }\n        },\n        \"security\" : [ {\n          \"default\" : [ ]\n        } ],\n        \"x-auth-type\" : \"Application & Application User\",\n        \"x-throttling-tier\" : \"Unlimited\"\n      }\n    }\n  },\n  \"components\" : {\n    \"securitySchemes\" : {\n      \"default\" : {\n        \"type\" : \"oauth2\",\n        \"flows\" : {\n          \"implicit\" : {\n            \"authorizationUrl\" : \"https://test.com\",\n            \"scopes\" : { }\n          }\n        }\n      }\n    }\n  }\n}","wsdlUri":null,"lifeCycleStatus":"PUBLISHED","isDefaultVersion":true,"type":"HTTP","transport":["http","https"],"operations":[],"authorizationHeader":"Authorization","apiKeyHeader":"ApiKey","securityScheme":["api_key","oauth_basic_auth_api_key_mandatory","oauth2"],"tags":["service","customer","order"],"tiers":[{"tierName":"Bronze","tierPlan":"FREE","monetizationAttributes":null},{"tierName":"Gold","tierPlan":"FREE","monetizationAttributes":null}],"hasThumbnail":false,"additionalProperties":[],"monetization":{"enabled":false},"endpointURLs":[{"environmentName":"Default","environmentDisplayName":"Default","environmentType":"hybrid","URLs":{"http":"http://localhost:8280/jaxrs/1.0.0","https":"https://localhost:8243/jaxrs/1.0.0","ws":null,"wss":null},"defaultVersionURLs":{"http":"http://localhost:8280/jaxrs","https":"https://localhost:8243/jaxrs","ws":null,"wss":null}}],"businessInformation":{"businessOwner":null,"businessOwnerEmail":null,"technicalOwner":null,"technicalOwnerEmail":null},"environmentList":["Default"],"scopes":[],"avgRating":"0.0","subscriptions":1,"advertiseInfo":{"advertised":false,"apiExternalProductionEndpoint":null,"apiExternalSandboxEndpoint":null,"originalDevPortalUrl":null,"apiOwner":"admin","vendor":"WSO2"},"isSubscriptionAvailable":true,"categories":[],"keyManagers":["all"],"createdTime":"2025-05-07 02:34:09.284","lastUpdatedTime":null,"gatewayVendor":"wso2","asyncTransportProtocols":[],"egress":false,"subtype":"DEFAULT"}
May 07, 2025 8:05:02 AM okhttp3.internal.platform.Platform log
INFO: <-- END HTTP (2872-byte body)
]]></system-err>
  </testcase>
</testsuite>