<?xml version="1.0" encoding="UTF-8"?>
<testsuite xmlns:xsi="http://www.w3.org/2001/XMLSchema-instance" xsi:noNamespaceSchemaLocation="https://maven.apache.org/surefire/maven-surefire-plugin/xsd/surefire-test-report-3.0.xsd" version="3.0" name="TestSuite" time="1060.276" tests="2" errors="0" skipped="0" failures="0">
  <properties>
[...]
</properties>
  <testcase name="runScenario[&quot;Invoke API using system-wide custom auth header and custom API Key header&quot;, &quot;Optional[Custom Header Authorization and API Key Support]&quot;](1)" classname="org.wso2.am.integration.cucumbertests.runners.customHeaderTestRunner" time="547.245">
    <system-out><![CDATA[[TestNGContentHandler] [WARN] It is strongly recommended to add "<!DOCTYPE suite SYSTEM "https://testng.org/testng-1.0.dtd" >" at the top of the suite file [/home/abisherk/Internship/InternProject/apim-test-framework/tests-integration/cucumber-tests/src/test/resources/testng.xml] otherwise TestNG may fail or not work as expected.

Scenario: Invoke API using system-wide custom auth header and custom API Key header                                                                                                                                                                                                             &amp#27;[90m# src/test/resources/features/customHeaderTest/custom_header_test.feature:16&amp#27;[0m
11:47:09.040 [main] INFO  o.w.am.testcontainers.NodeAppServer - Initializing NodeAppServer...
11:47:09.128 [main] INFO  org.testcontainers.images.PullPolicy - Image pull policy will be performed by: DefaultPullPolicy()
11:47:09.137 [main] INFO  o.t.utility.ImageNameSubstitutor - Image name substitution will be performed by: DefaultImageNameSubstitutor (composite of 'ConfigurationFileImageNameSubstitutor' and 'PrefixingImageNameSubstitutor')
11:47:09.173 [main] INFO  o.testcontainers.DockerClientFactory - Testcontainers version: 1.20.4
11:47:09.817 [main] INFO  o.t.d.DockerClientProviderStrategy - Loaded org.testcontainers.dockerclient.UnixSocketClientProviderStrategy from ~/.testcontainers.properties, will try it first
11:47:10.885 [main] INFO  o.t.d.DockerClientProviderStrategy - Found Docker environment with local Unix socket (unix:///var/run/docker.sock)
11:47:10.891 [main] INFO  o.testcontainers.DockerClientFactory - Docker host IP address is localhost
11:47:10.971 [main] INFO  o.testcontainers.DockerClientFactory - Connected to docker: 
  Server Version: 26.1.5
  API Version: 1.45
  Operating System: Alpine Linux v3.20
  Total Memory: 3921 MB
11:47:11.084 [main] INFO  tc.testcontainers/ryuk:0.11.0 - Creating container for image: testcontainers/ryuk:0.11.0
11:47:11.173 [main] INFO  o.t.utility.RegistryAuthLocator - Credential helper/store (docker-credential-pass) does not have credentials for https://index.docker.io/v1/
11:47:11.539 [main] INFO  tc.testcontainers/ryuk:0.11.0 - Container testcontainers/ryuk:0.11.0 is starting: 7cbe62b63fec66cad8e52f4064e09a26a6b067c564cf0a897e404cdd03e0e652
11:47:12.591 [main] INFO  tc.testcontainers/ryuk:0.11.0 - Container testcontainers/ryuk:0.11.0 started in PT1.507229651S
11:47:12.616 [testcontainers-ryuk] WARN  o.t.utility.RyukResourceReaper - Can not connect to Ryuk at localhost:32774
java.net.ConnectException: Connection refused
	at java.base/sun.nio.ch.Net.pollConnect(Native Method)
	at java.base/sun.nio.ch.Net.pollConnectNow(Net.java:682)
	at java.base/sun.nio.ch.NioSocketImpl.timedFinishConnect(NioSocketImpl.java:542)
	at java.base/sun.nio.ch.NioSocketImpl.connect(NioSocketImpl.java:592)
	at java.base/java.net.SocksSocketImpl.connect(SocksSocketImpl.java:327)
	at java.base/java.net.Socket.connect(Socket.java:751)
	at org.testcontainers.utility.RyukResourceReaper.lambda$null$0(RyukResourceReaper.java:92)
	at org.rnorth.ducttape.ratelimits.RateLimiter.doWhenReady(RateLimiter.java:27)
	at org.testcontainers.utility.RyukResourceReaper.lambda$maybeStart$1(RyukResourceReaper.java:88)
	at java.base/java.lang.Thread.run(Thread.java:1583)
11:47:12.896 [main] INFO  o.t.utility.RyukResourceReaper - Ryuk started - will monitor and terminate Testcontainers containers on JVM exit
11:47:12.897 [main] INFO  o.testcontainers.DockerClientFactory - Checking the system...
11:47:12.900 [main] INFO  o.testcontainers.DockerClientFactory - ✔︎ Docker server version should be at least 1.6.0
11:47:12.969 [main] INFO  tc.node-customer-service:latest - Creating container for image: node-customer-service:latest
11:47:13.466 [main] INFO  tc.node-customer-service:latest - Container node-customer-service:latest is starting: e9132066b223044d77fc379f87caaef702f9774822286fdc1bb892dda6ab09cc
11:47:17.376 [docker-java-stream-1191643745] INFO  o.w.am.testcontainers.NodeAppServer - STDOUT: 
11:47:17.377 [docker-java-stream-1191643745] INFO  o.w.am.testcontainers.NodeAppServer - STDOUT: > node-customer-service@1.0.0 start
11:47:17.378 [docker-java-stream-1191643745] INFO  o.w.am.testcontainers.NodeAppServer - STDOUT: > node server.js
11:47:17.378 [docker-java-stream-1191643745] INFO  o.w.am.testcontainers.NodeAppServer - STDOUT: 
11:47:18.433 [docker-java-stream-1191643745] INFO  o.w.am.testcontainers.NodeAppServer - STDOUT: Customer Service API running at http://nodebackend:8080
11:47:18.525 [main] INFO  tc.node-customer-service:latest - Container node-customer-service:latest started in PT5.556118648S
11:47:18.525 [main] INFO  o.w.am.testcontainers.NodeAppServer - NodeAppServer successfully initialized
  &amp#27;[32mGiven &amp#27;[0m&amp#27;[32mI have initialized the NodeApp server container&amp#27;[0m                                                                                                                                                                                                                                         &amp#27;[90m# org.wso2.am.integration.cucumbertests.stepdefinitions.ContainorIntitialisationStepDefinitions.initializeNodeAppServerContainer()&amp#27;[0m
11:47:18.553 [main] INFO  tc.openjdk:11-jre-slim - Creating container for image: openjdk:11-jre-slim
11:48:23.054 [main] INFO  tc.openjdk:11-jre-slim - Container openjdk:11-jre-slim is starting: e82c15ce83d1544239376d8611cb84ebe79d954953dd2dc3c0ef8e25b1cf6203
11:48:24.330 [docker-java-stream--653004835] INFO  o.w.a.t.CustomAPIMContainer - [customHeader] STDOUT: JAVA_HOME environment variable is set to /usr/local/openjdk-11
11:48:24.331 [docker-java-stream--653004835] INFO  o.w.a.t.CustomAPIMContainer - [customHeader] STDOUT: CARBON_HOME environment variable is set to /opt
11:48:24.542 [docker-java-stream--653004835] INFO  o.w.a.t.CustomAPIMContainer - [customHeader] STDOUT: Using Java memory options: -Xms256m -Xmx1024m
11:48:32.866 [docker-java-stream--653004835] INFO  o.w.a.t.CustomAPIMContainer - [customHeader] STDOUT: [2025-05-07 06:18:32,823]  INFO {org.wso2.config.mapper.ConfigParser} - Initializing configurations with deployment configurations
11:49:30.593 [docker-java-stream--653004835] INFO  o.w.a.t.CustomAPIMContainer - [customHeader] STDOUT: [2025-05-07 06:19:30,545]  INFO - CarbonCoreActivator Starting WSO2 Carbon...
11:49:30.597 [docker-java-stream--653004835] INFO  o.w.a.t.CustomAPIMContainer - [customHeader] STDOUT: [2025-05-07 06:19:30,547]  INFO - CarbonCoreActivator Operating System : Linux 6.6.71-0-virt, amd64
11:49:30.599 [docker-java-stream--653004835] INFO  o.w.a.t.CustomAPIMContainer - [customHeader] STDOUT: [2025-05-07 06:19:30,547]  INFO - CarbonCoreActivator Java Home        : /usr/local/openjdk-11
11:49:30.600 [docker-java-stream--653004835] INFO  o.w.a.t.CustomAPIMContainer - [customHeader] STDOUT: [2025-05-07 06:19:30,547]  INFO - CarbonCoreActivator Java Version     : 11.0.16
11:49:30.603 [docker-java-stream--653004835] INFO  o.w.a.t.CustomAPIMContainer - [customHeader] STDOUT: [2025-05-07 06:19:30,547]  INFO - CarbonCoreActivator Java VM          : OpenJDK 64-Bit Server VM 11.0.16+8,Oracle Corporation
11:49:30.605 [docker-java-stream--653004835] INFO  o.w.a.t.CustomAPIMContainer - [customHeader] STDOUT: [2025-05-07 06:19:30,547]  INFO - CarbonCoreActivator Carbon Home      : /opt
11:49:30.607 [docker-java-stream--653004835] INFO  o.w.a.t.CustomAPIMContainer - [customHeader] STDOUT: [2025-05-07 06:19:30,548]  INFO - CarbonCoreActivator Java Temp Dir    : /opt/tmp
11:49:30.609 [docker-java-stream--653004835] INFO  o.w.a.t.CustomAPIMContainer - [customHeader] STDOUT: [2025-05-07 06:19:30,548]  INFO - CarbonCoreActivator User             : root, en-null, Etc/UTC
11:49:32.501 [docker-java-stream--653004835] INFO  o.w.a.t.CustomAPIMContainer - [customHeader] STDOUT: [2025-05-07 06:19:32,483]  INFO - DefaultCryptoProviderComponent 'CryptoService.Secret' property has not been set. 'org.wso2.carbon.crypto.provider.SymmetricKeyInternalCryptoProvider' won't be registered as an internal crypto provider. Please set the secret if the provider needs to be registered.
11:49:34.741 [docker-java-stream--653004835] INFO  o.w.a.t.CustomAPIMContainer - [customHeader] STDOUT: [2025-05-07 06:19:34,726]  INFO - KafkaEventAdapterServiceDS Successfully deployed the Kafka output event adaptor service
11:49:46.376 [docker-java-stream--653004835] INFO  o.w.a.t.CustomAPIMContainer - [customHeader] STDOUT: [2025-05-07 06:19:46,345]  INFO - ServiceComponent Eventing Hub ServiceComponent is activated
11:49:51.533 [docker-java-stream--653004835] INFO  o.w.a.t.CustomAPIMContainer - [customHeader] STDOUT: [2025-05-07 06:19:51,517]  WARN - Digester Match [Server/Service/Engine/Host/Valve] failed to set property [maxDays] to []
11:49:58.431 [docker-java-stream--653004835] INFO  o.w.a.t.CustomAPIMContainer - [customHeader] STDOUT: [2025-05-07 06:19:58,415]  INFO - ConsentManagerComponent ConsentManagerComponent is activated.
11:49:59.805 [docker-java-stream--653004835] INFO  o.w.a.t.CustomAPIMContainer - [customHeader] STDOUT: [2025-05-07 06:19:59,789]  INFO - BinaryDataReceiverServiceComponent Binary Data Receiver server activated
11:49:59.924 [docker-java-stream--653004835] INFO  o.w.a.t.CustomAPIMContainer - [customHeader] STDOUT: [2025-05-07 06:19:59,909]  INFO - DataBridgeDS Successfully deployed Agent Server 
11:50:03.291 [docker-java-stream--653004835] INFO  o.w.a.t.CustomAPIMContainer - [customHeader] STDOUT: [2025-05-07 06:20:03,275]  INFO - EmbeddedRegistryService Configured Registry in 861ms
11:50:03.831 [docker-java-stream--653004835] INFO  o.w.a.t.CustomAPIMContainer - [customHeader] STDOUT: [2025-05-07 06:20:03,815]  INFO - EmbeddedRegistryService Connected to mount at configregistry in 104ms
11:50:03.836 [docker-java-stream--653004835] INFO  o.w.a.t.CustomAPIMContainer - [customHeader] STDOUT: [2025-05-07 06:20:03,815]  INFO - EmbeddedRegistryService Connected to mount at govregistry in 104ms
11:50:04.616 [docker-java-stream--653004835] INFO  o.w.a.t.CustomAPIMContainer - [customHeader] STDOUT: [2025-05-07 06:20:04,600]  INFO - EmbeddedRegistryService Connected to mount at configregistry in 8ms
11:50:04.627 [docker-java-stream--653004835] INFO  o.w.a.t.CustomAPIMContainer - [customHeader] STDOUT: [2025-05-07 06:20:04,609]  INFO - EmbeddedRegistryService Connected to mount at govregistry in 19ms
11:50:06.322 [docker-java-stream--653004835] INFO  o.w.a.t.CustomAPIMContainer - [customHeader] STDOUT: [2025-05-07 06:20:06,306]  INFO - RegistryCoreServiceComponent Registry Mode    : READ-WRITE
11:50:08.822 [docker-java-stream--653004835] INFO  o.w.a.t.CustomAPIMContainer - [customHeader] STDOUT: [2025-05-07 06:20:08,806]  INFO - JmxReporterBuilder Creating JMX reporter for Metrics with domain 'org.wso2.carbon.metrics'
11:50:08.843 [docker-java-stream--653004835] INFO  o.w.a.t.CustomAPIMContainer - [customHeader] STDOUT: [2025-05-07 06:20:08,823]  INFO - AbstractReporter Started JMX reporter for Metrics
11:50:28.089 [docker-java-stream--653004835] INFO  o.w.a.t.CustomAPIMContainer - [customHeader] STDOUT: [2025-05-07 06:20:28,072]  INFO - SolrClient Default Embedded Solr Server Initialized
11:50:28.811 [docker-java-stream--653004835] INFO  o.w.a.t.CustomAPIMContainer - [customHeader] STDOUT: [2025-05-07 06:20:28,794]  INFO - UserStoreMgtDSComponent Carbon UserStoreMgtDSComponent activated successfully.
11:50:39.082 [docker-java-stream--653004835] INFO  o.w.a.t.CustomAPIMContainer - [customHeader] STDOUT: [2025-05-07 06:20:39,065]  INFO - UserStoreConfigurationDeployer User Store Configuration Deployer initiated.
11:50:39.084 [docker-java-stream--653004835] INFO  o.w.a.t.CustomAPIMContainer - [customHeader] STDOUT: [2025-05-07 06:20:39,068]  INFO - UserStoreConfigurationDeployer User Store Configuration Deployer initiated.
11:50:39.727 [docker-java-stream--653004835] INFO  o.w.a.t.CustomAPIMContainer - [customHeader] STDOUT: [2025-05-07 06:20:39,710]  INFO - WebsocketTransportSender WSS Sender started
11:50:39.751 [docker-java-stream--653004835] INFO  o.w.a.t.CustomAPIMContainer - [customHeader] STDOUT: [2025-05-07 06:20:39,734]  INFO - PassThroughHttpSender Initializing Pass-through HTTP/S Sender...
11:50:40.022 [docker-java-stream--653004835] INFO  o.w.a.t.CustomAPIMContainer - [customHeader] STDOUT: [2025-05-07 06:20:40,003]  INFO - PassThroughHttpSender Pass-through HTTP Sender started...
11:50:40.023 [docker-java-stream--653004835] INFO  o.w.a.t.CustomAPIMContainer - [customHeader] STDOUT: [2025-05-07 06:20:40,004]  INFO - PassThroughHttpSSLSender Initializing Pass-through HTTP/S Sender...
11:50:40.299 [docker-java-stream--653004835] INFO  o.w.a.t.CustomAPIMContainer - [customHeader] STDOUT: [2025-05-07 06:20:40,282]  INFO - ClientConnFactoryBuilder customSSLProfiles configuration is loaded from path: /opt/repository/resources/security/sslprofiles.xml
11:50:40.309 [docker-java-stream--653004835] INFO  o.w.a.t.CustomAPIMContainer - [customHeader] STDOUT: [2025-05-07 06:20:40,286]  INFO - ClientConnFactoryBuilder HTTPS Loading custom SSL profiles for the HTTPS sender
11:50:40.455 [docker-java-stream--653004835] INFO  o.w.a.t.CustomAPIMContainer - [customHeader] STDOUT: [2025-05-07 06:20:40,437]  INFO - ClientConnFactoryBuilder HTTPS Custom SSL profiles initialized for 1 servers
11:50:40.458 [docker-java-stream--653004835] INFO  o.w.a.t.CustomAPIMContainer - [customHeader] STDOUT: [2025-05-07 06:20:40,442]  INFO - PassThroughHttpSSLSender Pass-through HTTPS Sender started...
11:50:40.474 [docker-java-stream--653004835] INFO  o.w.a.t.CustomAPIMContainer - [customHeader] STDOUT: [2025-05-07 06:20:40,457]  INFO - WebsocketTransportSender WS Sender started
11:50:40.543 [docker-java-stream--653004835] INFO  o.w.a.t.CustomAPIMContainer - [customHeader] STDOUT: [2025-05-07 06:20:40,525]  INFO - PassThroughHttpListener Initializing Pass-through HTTP/S Listener...
11:50:40.699 [docker-java-stream--653004835] INFO  o.w.a.t.CustomAPIMContainer - [customHeader] STDOUT: [2025-05-07 06:20:40,682]  INFO - PassThroughHttpMultiSSLListener Initializing Pass-through HTTP/S Listener...
11:50:40.897 [docker-java-stream--653004835] INFO  o.w.a.t.CustomAPIMContainer - [customHeader] STDOUT: [2025-05-07 06:20:40,880]  INFO - ServerConnFactoryBuilder SSLProfile configuration is loaded from path: /opt/repository/resources/security/listenerprofiles.xml
11:50:41.934 [docker-java-stream--653004835] INFO  o.w.a.t.CustomAPIMContainer - [customHeader] STDOUT: [2025-05-07 06:20:41,917]  INFO - DeploymentInterceptor Deploying Axis2 service: AdminAdvisoryManagementService {super-tenant}
11:50:45.502 [docker-java-stream--653004835] INFO  o.w.a.t.CustomAPIMContainer - [customHeader] STDOUT: [2025-05-07 06:20:45,483]  INFO - DeploymentInterceptor Deploying Axis2 service: I18nEmailMgtConfigService {super-tenant}
11:50:53.488 [docker-java-stream--653004835] INFO  o.w.a.t.CustomAPIMContainer - [customHeader] STDOUT: [2025-05-07 06:20:53,470]  INFO - DeploymentInterceptor Deploying Axis2 service: AccountCredentialMgtConfigService {super-tenant}
11:50:53.492 [docker-java-stream--653004835] INFO  o.w.a.t.CustomAPIMContainer - [customHeader] STDOUT: [2025-05-07 06:20:53,472]  INFO - DeploymentInterceptor Deploying Axis2 service: UserIdentityManagementAdminService {super-tenant}
11:50:53.501 [docker-java-stream--653004835] INFO  o.w.a.t.CustomAPIMContainer - [customHeader] STDOUT: [2025-05-07 06:20:53,478]  INFO - DeploymentInterceptor Deploying Axis2 service: UserInformationRecoveryService {super-tenant}
11:50:56.514 [docker-java-stream--653004835] INFO  o.w.a.t.CustomAPIMContainer - [customHeader] STDOUT: [2025-05-07 06:20:56,496]  WARN - DefaultSchemaGenerator We don't support method overloading. Ignoring [addRemoteServerConfig]
11:50:56.519 [docker-java-stream--653004835] INFO  o.w.a.t.CustomAPIMContainer - [customHeader] STDOUT: [2025-05-07 06:20:56,496]  WARN - DefaultSchemaGenerator We don't support method overloading. Ignoring [resetRemoteServerConfig]
11:50:59.085 [docker-java-stream--653004835] INFO  o.w.a.t.CustomAPIMContainer - [customHeader] STDOUT: [2025-05-07 06:20:59,067]  WARN - DefaultSchemaGenerator We don't support method overloading. Ignoring [searchByAttribute]
11:51:04.747 [docker-java-stream--653004835] INFO  o.w.a.t.CustomAPIMContainer - [customHeader] STDOUT: [2025-05-07 06:21:04,727]  INFO - CarbonServerManager Repository       : /opt/repository/deployment/server/
11:51:04.794 [docker-java-stream--653004835] INFO  o.w.a.t.CustomAPIMContainer - [customHeader] STDOUT: [2025-05-07 06:21:04,772]  INFO - KafkaEventAdapterServiceHolder Kafka input event adaptor waiting for dependent configurations to load
11:51:04.983 [docker-java-stream--653004835] INFO  o.w.a.t.CustomAPIMContainer - [customHeader] STDOUT: [2025-05-07 06:21:04,965]  INFO - QueueManagerServiceDS Successfully created the queue manager service
11:51:05.076 [docker-java-stream--653004835] INFO  o.w.a.t.CustomAPIMContainer - [customHeader] STDOUT: [2025-05-07 06:21:05,057]  INFO - SubscriptionManagerServiceDS Successfully created the subscription manager service
11:51:05.463 [docker-java-stream--653004835] INFO  o.w.a.t.CustomAPIMContainer - [customHeader] STDOUT: [2025-05-07 06:21:05,444]  INFO - PersistenceManagerComponent Activating PersistenceManagerComponent 
11:51:05.706 [docker-java-stream--653004835] INFO  o.w.a.t.CustomAPIMContainer - [customHeader] STDOUT: [2025-05-07 06:21:05,688]  INFO - TenantLoadingConfig Using tenant lazy loading policy...
11:51:05.875 [docker-java-stream--653004835] INFO  o.w.a.t.CustomAPIMContainer - [customHeader] STDOUT: [2025-05-07 06:21:05,857]  INFO - PermissionUpdater Permission cache updated for tenant -1234
11:51:21.226 [docker-java-stream--653004835] INFO  o.w.a.t.CustomAPIMContainer - [customHeader] STDOUT: [2025-05-07 06:21:21,208]  INFO - SchemaBuilder XACML policy schema loaded successfully.
11:51:22.105 [docker-java-stream--653004835] INFO  o.w.a.t.CustomAPIMContainer - [customHeader] STDOUT: [2025-05-07 06:21:22,086]  INFO - UserStoreMgtDSComponent Claim manager set for class org.wso2.carbon.user.core.common.DefaultRealm
11:51:22.158 [docker-java-stream--653004835] INFO  o.w.a.t.CustomAPIMContainer - [customHeader] STDOUT: [2025-05-07 06:21:22,139]  INFO - UserStoreMgtDSComponent Claim manager set for class org.wso2.carbon.user.core.jdbc.UniqueIDJDBCUserStoreManager
11:51:22.493 [docker-java-stream--653004835] INFO  o.w.a.t.CustomAPIMContainer - [customHeader] STDOUT: [2025-05-07 06:21:22,475]  WARN - ApplicationManagementServiceComponent Templates directory not found at /opt/repository/resources/identity/authntemplates
11:51:23.942 [docker-java-stream--653004835] INFO  o.w.a.t.CustomAPIMContainer - [customHeader] STDOUT: [2025-05-07 06:21:23,922]  WARN - AuthenticationValveServiceComponent File invalid_tenant_domain_response.html not found. The default content will be used as the error page content.
11:51:24.287 [docker-java-stream--653004835] INFO  o.w.a.t.CustomAPIMContainer - [customHeader] STDOUT: [2025-05-07 06:21:24,268]  WARN - AuthenticationServiceComponent 
11:51:24.289 [docker-java-stream--653004835] INFO  o.w.a.t.CustomAPIMContainer - [customHeader] STDOUT: 
11:51:24.289 [docker-java-stream--653004835] INFO  o.w.a.t.CustomAPIMContainer - [customHeader] STDOUT: ##################################  ALERT  ##################################
11:51:24.290 [docker-java-stream--653004835] INFO  o.w.a.t.CustomAPIMContainer - [customHeader] STDOUT: [WARNING]: Internal authentication is utilizing default credentials,
11:51:24.290 [docker-java-stream--653004835] INFO  o.w.a.t.CustomAPIMContainer - [customHeader] STDOUT: which may expose the environment to potential security risks.
11:51:24.290 [docker-java-stream--653004835] INFO  o.w.a.t.CustomAPIMContainer - [customHeader] STDOUT: If this is a production environment, change the credentials immediately.
11:51:24.290 [docker-java-stream--653004835] INFO  o.w.a.t.CustomAPIMContainer - [customHeader] STDOUT: Please refer to the WSO2 security advisory: https://security.docs.wso2.com/en/latest/security-announcements/security-advisories/2023/WSO2-2023-2617/
11:51:24.291 [docker-java-stream--653004835] INFO  o.w.a.t.CustomAPIMContainer - [customHeader] STDOUT: #############################################################################
11:51:24.291 [docker-java-stream--653004835] INFO  o.w.a.t.CustomAPIMContainer - [customHeader] STDOUT: 
11:51:24.351 [docker-java-stream--653004835] INFO  o.w.a.t.CustomAPIMContainer - [customHeader] STDOUT: [2025-05-07 06:21:24,333]  INFO - TenantAssociationServiceComponent Organization management related TenantAssociationManagementListener registered successfully.
11:51:26.365 [docker-java-stream--653004835] INFO  o.w.a.t.CustomAPIMContainer - [customHeader] STDOUT: [2025-05-07 06:21:26,345]  INFO - AuthAPIServiceComponent Auth API Service Component  is activated.
11:51:32.768 [docker-java-stream--653004835] INFO  o.w.a.t.CustomAPIMContainer - [customHeader] STDOUT: [2025-05-07 06:21:32,749]  INFO - APIUtil Common operation policy xmlValidator_v1 was added to the organization carbon.super successfully
11:51:32.809 [docker-java-stream--653004835] INFO  o.w.a.t.CustomAPIMContainer - [customHeader] STDOUT: [2025-05-07 06:21:32,790]  INFO - APIUtil Common operation policy modelRoundRobin_v1 was added to the organization carbon.super successfully
11:51:32.896 [docker-java-stream--653004835] INFO  o.w.a.t.CustomAPIMContainer - [customHeader] STDOUT: [2025-05-07 06:21:32,867]  INFO - APIUtil Common operation policy addLogMessage_v1 was added to the organization carbon.super successfully
11:51:32.952 [docker-java-stream--653004835] INFO  o.w.a.t.CustomAPIMContainer - [customHeader] STDOUT: [2025-05-07 06:21:32,933]  INFO - APIUtil Common operation policy debugResponseFlow_v1 was added to the organization carbon.super successfully
11:51:32.982 [docker-java-stream--653004835] INFO  o.w.a.t.CustomAPIMContainer - [customHeader] STDOUT: [2025-05-07 06:21:32,961]  INFO - APIUtil Common operation policy xmlToJson_v1 was added to the organization carbon.super successfully
11:51:33.035 [docker-java-stream--653004835] INFO  o.w.a.t.CustomAPIMContainer - [customHeader] STDOUT: [2025-05-07 06:21:33,016]  INFO - APIUtil Common operation policy addQueryParam_v1 was added to the organization carbon.super successfully
11:51:33.068 [docker-java-stream--653004835] INFO  o.w.a.t.CustomAPIMContainer - [customHeader] STDOUT: [2025-05-07 06:21:33,049]  INFO - APIUtil Common operation policy modelWeightedRoundRobin_v1 was added to the organization carbon.super successfully
11:51:33.119 [docker-java-stream--653004835] INFO  o.w.a.t.CustomAPIMContainer - [customHeader] STDOUT: [2025-05-07 06:21:33,101]  INFO - APIUtil Common operation policy rewriteResourcePath_v3 was added to the organization carbon.super successfully
11:51:33.182 [docker-java-stream--653004835] INFO  o.w.a.t.CustomAPIMContainer - [customHeader] STDOUT: [2025-05-07 06:21:33,162]  INFO - APIUtil Common operation policy opaPolicy_v1 was added to the organization carbon.super successfully
11:51:33.232 [docker-java-stream--653004835] INFO  o.w.a.t.CustomAPIMContainer - [customHeader] STDOUT: [2025-05-07 06:21:33,212]  INFO - APIUtil Common operation policy addHeader_v2 was added to the organization carbon.super successfully
11:51:33.246 [docker-java-stream--653004835] INFO  o.w.a.t.CustomAPIMContainer - [customHeader] STDOUT: [2025-05-07 06:21:33,227]  INFO - APIUtil Common operation policy debugJsonFault_v1 was added to the organization carbon.super successfully
11:51:33.261 [docker-java-stream--653004835] INFO  o.w.a.t.CustomAPIMContainer - [customHeader] STDOUT: [2025-05-07 06:21:33,242]  INFO - APIUtil Common operation policy regexPolicy_v1 was added to the organization carbon.super successfully
11:51:33.282 [docker-java-stream--653004835] INFO  o.w.a.t.CustomAPIMContainer - [customHeader] STDOUT: [2025-05-07 06:21:33,262]  INFO - APIUtil Common operation policy removeHeader_v1 was added to the organization carbon.super successfully
11:51:33.298 [docker-java-stream--653004835] INFO  o.w.a.t.CustomAPIMContainer - [customHeader] STDOUT: [2025-05-07 06:21:33,279]  INFO - APIUtil Common operation policy setToHeader_v1 was added to the organization carbon.super successfully
11:51:33.313 [docker-java-stream--653004835] INFO  o.w.a.t.CustomAPIMContainer - [customHeader] STDOUT: [2025-05-07 06:21:33,293]  INFO - APIUtil Common operation policy awsOAuth2_v1 was added to the organization carbon.super successfully
11:51:33.328 [docker-java-stream--653004835] INFO  o.w.a.t.CustomAPIMContainer - [customHeader] STDOUT: [2025-05-07 06:21:33,308]  INFO - APIUtil Common operation policy apkMirrorRequest_v1 was added to the organization carbon.super successfully
11:51:33.346 [docker-java-stream--653004835] INFO  o.w.a.t.CustomAPIMContainer - [customHeader] STDOUT: [2025-05-07 06:21:33,327]  INFO - APIUtil Common operation policy modelFailover_v1 was added to the organization carbon.super successfully
11:51:33.362 [docker-java-stream--653004835] INFO  o.w.a.t.CustomAPIMContainer - [customHeader] STDOUT: [2025-05-07 06:21:33,343]  INFO - APIUtil Common operation policy revokeOneTimeToken_v1 was added to the organization carbon.super successfully
11:51:33.386 [docker-java-stream--653004835] INFO  o.w.a.t.CustomAPIMContainer - [customHeader] STDOUT: [2025-05-07 06:21:33,367]  INFO - APIUtil Common operation policy jsonToXML_v1 was added to the organization carbon.super successfully
11:51:33.403 [docker-java-stream--653004835] INFO  o.w.a.t.CustomAPIMContainer - [customHeader] STDOUT: [2025-05-07 06:21:33,382]  INFO - APIUtil Common operation policy apkAddHeader_v1 was added to the organization carbon.super successfully
11:51:33.417 [docker-java-stream--653004835] INFO  o.w.a.t.CustomAPIMContainer - [customHeader] STDOUT: [2025-05-07 06:21:33,397]  INFO - APIUtil Common operation policy apkRedirectRequest_v1 was added to the organization carbon.super successfully
11:51:33.430 [docker-java-stream--653004835] INFO  o.w.a.t.CustomAPIMContainer - [customHeader] STDOUT: [2025-05-07 06:21:33,410]  INFO - APIUtil Common operation policy apkRemoveHeader_v1 was added to the organization carbon.super successfully
11:51:33.447 [docker-java-stream--653004835] INFO  o.w.a.t.CustomAPIMContainer - [customHeader] STDOUT: [2025-05-07 06:21:33,427]  INFO - APIUtil Common operation policy apkCallInterceptorService_v1 was added to the organization carbon.super successfully
11:51:33.460 [docker-java-stream--653004835] INFO  o.w.a.t.CustomAPIMContainer - [customHeader] STDOUT: [2025-05-07 06:21:33,441]  INFO - APIUtil Common operation policy debugRequestFlow_v1 was added to the organization carbon.super successfully
11:51:33.483 [docker-java-stream--653004835] INFO  o.w.a.t.CustomAPIMContainer - [customHeader] STDOUT: [2025-05-07 06:21:33,454]  INFO - APIUtil Common operation policy disableChunking_v1 was added to the organization carbon.super successfully
11:51:33.532 [docker-java-stream--653004835] INFO  o.w.a.t.CustomAPIMContainer - [customHeader] STDOUT: [2025-05-07 06:21:33,512]  INFO - APIUtil Common operation policy jsonValidator_v1 was added to the organization carbon.super successfully
11:51:33.562 [docker-java-stream--653004835] INFO  o.w.a.t.CustomAPIMContainer - [customHeader] STDOUT: [2025-05-07 06:21:33,543]  INFO - APIUtil Common operation policy jwtClaimBasedAccessValidator_v1 was added to the organization carbon.super successfully
11:51:33.599 [docker-java-stream--653004835] INFO  o.w.a.t.CustomAPIMContainer - [customHeader] STDOUT: [2025-05-07 06:21:33,576]  INFO - APIUtil Common operation policy backEndJWT_v1 was added to the organization carbon.super successfully
11:51:33.639 [docker-java-stream--653004835] INFO  o.w.a.t.CustomAPIMContainer - [customHeader] STDOUT: [2025-05-07 06:21:33,617]  INFO - APIUtil Common operation policy jsonFault_v1 was added to the organization carbon.super successfully
11:51:33.691 [docker-java-stream--653004835] INFO  o.w.a.t.CustomAPIMContainer - [customHeader] STDOUT: [2025-05-07 06:21:33,669]  INFO - APIUtil Common operation policy changeHTTPMethod_v1 was added to the organization carbon.super successfully
11:51:33.729 [docker-java-stream--653004835] INFO  o.w.a.t.CustomAPIMContainer - [customHeader] STDOUT: [2025-05-07 06:21:33,709]  INFO - APIUtil Common operation policy preserveAcceptHeader_v1 was added to the organization carbon.super successfully
11:51:33.765 [docker-java-stream--653004835] INFO  o.w.a.t.CustomAPIMContainer - [customHeader] STDOUT: [2025-05-07 06:21:33,745]  INFO - APIUtil Common operation policy applyAcceptHeader_v1 was added to the organization carbon.super successfully
11:51:34.002 [docker-java-stream--653004835] INFO  o.w.a.t.CustomAPIMContainer - [customHeader] STDOUT: [2025-05-07 06:21:33,982]  INFO - JMSConnectionFactory JMS ConnectionFactory : Siddhi-JMS-Consumer initialized
11:51:34.075 [docker-java-stream--653004835] INFO  o.w.a.t.CustomAPIMContainer - [customHeader] STDOUT: [2025-05-07 06:21:34,055]  INFO - ComplianceEvaluationScheduler Initializing Evaluation Request Scheduler...
11:51:34.421 [docker-java-stream--653004835] INFO  o.w.a.t.CustomAPIMContainer - [customHeader] STDOUT: [2025-05-07 06:21:34,403]  INFO - JMSConnectionFactory JMS ConnectionFactory : Siddhi-JMS-Consumer initialized
11:51:34.779 [docker-java-stream--653004835] INFO  o.w.a.t.CustomAPIMContainer - [customHeader] STDOUT: [2025-05-07 06:21:34,761]  INFO - JMSConnectionFactory JMS ConnectionFactory : Siddhi-JMS-Consumer initialized
11:51:35.288 [docker-java-stream--653004835] INFO  o.w.a.t.CustomAPIMContainer - [customHeader] STDOUT: [2025-05-07 06:21:35,269]  INFO - CorrelationConfigDAO Correlation Components [http, jdbc, ldap, synapse, method-calls]
11:51:35.771 [docker-java-stream--653004835] INFO  o.w.a.t.CustomAPIMContainer - [customHeader] STDOUT: [2025-05-07 06:21:35,751]  INFO - OAuthServerConfiguration The default OAuth token issuer will be used. No custom token generator is set.
11:51:35.778 [docker-java-stream--653004835] INFO  o.w.a.t.CustomAPIMContainer - [customHeader] STDOUT: [2025-05-07 06:21:35,754]  INFO - OAuthServerConfiguration An instance of org.wso2.carbon.identity.oauth2.token.OauthTokenIssuerImpl is created for Identity OAuth token generation.
11:51:41.973 [docker-java-stream--653004835] INFO  o.w.a.t.CustomAPIMContainer - [customHeader] STDOUT: [2025-05-07 06:21:41,954]  WARN - IdentityEventServiceComponent Properties for OrganizationCreationHandler is not configured. This event handler will not be activated
11:51:42.740 [docker-java-stream--653004835] INFO  o.w.a.t.CustomAPIMContainer - [customHeader] STDOUT: [2025-05-07 06:21:42,720]  INFO - SessionDataStore Thread pool size for temporary authentication context data delete task: 20
11:51:44.824 [docker-java-stream--653004835] INFO  o.w.a.t.CustomAPIMContainer - [customHeader] STDOUT: [2025-05-07 06:21:44,800]  INFO - CarbonEventManagementService Starting polling event receivers
11:51:55.058 [docker-java-stream--653004835] INFO  o.w.a.t.CustomAPIMContainer - [customHeader] STDOUT: [2025-05-07 06:21:55,039]  INFO - ServiceBusInitializer Starting ESB...
11:51:55.213 [docker-java-stream--653004835] INFO  o.w.a.t.CustomAPIMContainer - [customHeader] STDOUT: [2025-05-07 06:21:55,193]  INFO - ServiceBusInitializer Initializing Apache Synapse...
11:51:55.239 [docker-java-stream--653004835] INFO  o.w.a.t.CustomAPIMContainer - [customHeader] STDOUT: [2025-05-07 06:21:55,219]  INFO - SynapseControllerFactory Using Synapse home : /opt/.
11:51:55.241 [docker-java-stream--653004835] INFO  o.w.a.t.CustomAPIMContainer - [customHeader] STDOUT: [2025-05-07 06:21:55,220]  INFO - SynapseControllerFactory Using synapse.xml location : /opt/././repository/deployment/server/synapse-configs/default
11:51:55.242 [docker-java-stream--653004835] INFO  o.w.a.t.CustomAPIMContainer - [customHeader] STDOUT: [2025-05-07 06:21:55,221]  INFO - SynapseControllerFactory Using server name : localhost
11:51:55.348 [docker-java-stream--653004835] INFO  o.w.a.t.CustomAPIMContainer - [customHeader] STDOUT: [2025-05-07 06:21:55,328]  INFO - SynapseControllerFactory The timeout handler will run every : 15s
11:51:55.495 [docker-java-stream--653004835] INFO  o.w.a.t.CustomAPIMContainer - [customHeader] STDOUT: [2025-05-07 06:21:55,470]  INFO - Axis2SynapseController Initializing Synapse at : Wed May 07 06:21:55 UTC 2025
11:51:55.546 [docker-java-stream--653004835] INFO  o.w.a.t.CustomAPIMContainer - [customHeader] STDOUT: [2025-05-07 06:21:55,527]  INFO - CarbonSynapseController Loading the mediation configuration from the file system
11:51:55.572 [docker-java-stream--653004835] INFO  o.w.a.t.CustomAPIMContainer - [customHeader] STDOUT: [2025-05-07 06:21:55,551]  INFO - MultiXMLConfigurationBuilder Building synapse configuration from the synapse artifact repository at : ././repository/deployment/server/synapse-configs/default
11:51:55.587 [docker-java-stream--653004835] INFO  o.w.a.t.CustomAPIMContainer - [customHeader] STDOUT: [2025-05-07 06:21:55,561]  INFO - XMLConfigurationBuilder Generating the Synapse configuration model by parsing the XML configuration
11:51:57.263 [docker-java-stream--653004835] INFO  o.w.a.t.CustomAPIMContainer - [customHeader] STDOUT: [2025-05-07 06:21:57,244]  INFO - DependencyTracker Sequence : _api_blocked_sequence_ was added to the Synapse configuration successfully
11:51:57.481 [docker-java-stream--653004835] INFO  o.w.a.t.CustomAPIMContainer - [customHeader] STDOUT: [2025-05-07 06:21:57,461]  INFO - DependencyTracker Sequence : _token_fault_ was added to the Synapse configuration successfully
11:51:57.614 [docker-java-stream--653004835] INFO  o.w.a.t.CustomAPIMContainer - [customHeader] STDOUT: [2025-05-07 06:21:57,593]  INFO - DependencyTracker Sequence : _graphql_failure_handler was added to the Synapse configuration successfully
11:51:57.617 [docker-java-stream--653004835] INFO  o.w.a.t.CustomAPIMContainer - [customHeader] STDOUT: [2025-05-07 06:21:57,598]  INFO - DependencyTracker Sequence : _resource_mismatch_handler_ was added to the Synapse configuration successfully
11:51:57.985 [docker-java-stream--653004835] INFO  o.w.a.t.CustomAPIMContainer - [customHeader] STDOUT: [2025-05-07 06:21:57,966]  INFO - DependencyTracker Sequence : dispatchSeq was added to the Synapse configuration successfully
11:51:58.062 [docker-java-stream--653004835] INFO  o.w.a.t.CustomAPIMContainer - [customHeader] STDOUT: [2025-05-07 06:21:58,042]  INFO - DependencyTracker Sequence : _backend_failure_handler_ was added to the Synapse configuration successfully
11:51:58.073 [docker-java-stream--653004835] INFO  o.w.a.t.CustomAPIMContainer - [customHeader] STDOUT: [2025-05-07 06:21:58,052]  INFO - DependencyTracker Sequence : _production_key_error_ was added to the Synapse configuration successfully
11:51:58.193 [docker-java-stream--653004835] INFO  o.w.a.t.CustomAPIMContainer - [customHeader] STDOUT: [2025-05-07 06:21:58,173]  INFO - DependencyTracker Sequence : webhooksFaultSequence was added to the Synapse configuration successfully
11:51:58.266 [docker-java-stream--653004835] INFO  o.w.a.t.CustomAPIMContainer - [customHeader] STDOUT: [2025-05-07 06:21:58,246]  INFO - DependencyTracker Sequence : _opa_policy_failure_handler_ was added to the Synapse configuration successfully
11:51:58.319 [docker-java-stream--653004835] INFO  o.w.a.t.CustomAPIMContainer - [customHeader] STDOUT: [2025-05-07 06:21:58,300]  INFO - DependencyTracker Sequence : _build_ was added to the Synapse configuration successfully
11:51:58.390 [docker-java-stream--653004835] INFO  o.w.a.t.CustomAPIMContainer - [customHeader] STDOUT: [2025-05-07 06:21:58,371]  INFO - DependencyTracker Sequence : _cors_request_handler_ was added to the Synapse configuration successfully
11:51:58.495 [docker-java-stream--653004835] INFO  o.w.a.t.CustomAPIMContainer - [customHeader] STDOUT: [2025-05-07 06:21:58,476]  INFO - DependencyTracker Sequence : _threat_fault_ was added to the Synapse configuration successfully
11:51:58.577 [docker-java-stream--653004835] INFO  o.w.a.t.CustomAPIMContainer - [customHeader] STDOUT: [2025-05-07 06:21:58,558]  INFO - DependencyTracker Sequence : fault was added to the Synapse configuration successfully
11:51:58.594 [docker-java-stream--653004835] INFO  o.w.a.t.CustomAPIMContainer - [customHeader] STDOUT: [2025-05-07 06:21:58,574]  INFO - DependencyTracker Sequence : _sandbox_key_error_ was added to the Synapse configuration successfully
11:51:58.840 [docker-java-stream--653004835] INFO  o.w.a.t.CustomAPIMContainer - [customHeader] STDOUT: [2025-05-07 06:21:58,821]  INFO - DependencyTracker Sequence : main was added to the Synapse configuration successfully
11:51:58.857 [docker-java-stream--653004835] INFO  o.w.a.t.CustomAPIMContainer - [customHeader] STDOUT: [2025-05-07 06:21:58,837]  INFO - DependencyTracker Sequence : outDispatchSeq was added to the Synapse configuration successfully
11:51:58.929 [docker-java-stream--653004835] INFO  o.w.a.t.CustomAPIMContainer - [customHeader] STDOUT: [2025-05-07 06:21:58,909]  INFO - DependencyTracker Sequence : _throttle_out_handler_ was added to the Synapse configuration successfully
11:51:58.990 [docker-java-stream--653004835] INFO  o.w.a.t.CustomAPIMContainer - [customHeader] STDOUT: [2025-05-07 06:21:58,970]  INFO - DependencyTracker Sequence : _auth_failure_handler_ was added to the Synapse configuration successfully
11:51:59.008 [docker-java-stream--653004835] INFO  o.w.a.t.CustomAPIMContainer - [customHeader] STDOUT: [2025-05-07 06:21:58,989]  INFO - DependencyTracker Inbound Endpoint : SecureWebhookServer was added to the Synapse configuration successfully
11:51:59.019 [docker-java-stream--653004835] INFO  o.w.a.t.CustomAPIMContainer - [customHeader] STDOUT: [2025-05-07 06:21:58,994]  INFO - DependencyTracker Inbound Endpoint : SecureWebSocketEP was added to the Synapse configuration successfully
11:51:59.024 [docker-java-stream--653004835] INFO  o.w.a.t.CustomAPIMContainer - [customHeader] STDOUT: [2025-05-07 06:21:58,999]  INFO - DependencyTracker Inbound Endpoint : WebSocketInboundEndpoint was added to the Synapse configuration successfully
11:51:59.024 [docker-java-stream--653004835] INFO  o.w.a.t.CustomAPIMContainer - [customHeader] STDOUT: [2025-05-07 06:21:59,005]  INFO - DependencyTracker Inbound Endpoint : WebhookServer was added to the Synapse configuration successfully
11:51:59.025 [docker-java-stream--653004835] INFO  o.w.a.t.CustomAPIMContainer - [customHeader] STDOUT: [2025-05-07 06:21:59,005]  INFO - SynapseConfigurationBuilder Loaded Synapse configuration from the artifact repository at : ././repository/deployment/server/synapse-configs/default
11:51:59.038 [docker-java-stream--653004835] INFO  o.w.a.t.CustomAPIMContainer - [customHeader] STDOUT: [2025-05-07 06:21:59,015]  INFO - DependencyTracker Local entry : SERVER_HOST was added to the Synapse configuration successfully
11:51:59.040 [docker-java-stream--653004835] INFO  o.w.a.t.CustomAPIMContainer - [customHeader] STDOUT: [2025-05-07 06:21:59,016]  INFO - DependencyTracker Local entry : SERVER_IP was added to the Synapse configuration successfully
11:51:59.293 [docker-java-stream--653004835] INFO  o.w.a.t.CustomAPIMContainer - [customHeader] STDOUT: [2025-05-07 06:21:59,273]  INFO - Axis2SynapseController Loading mediator extensions...
11:51:59.776 [docker-java-stream--653004835] INFO  o.w.a.t.CustomAPIMContainer - [customHeader] STDOUT: [2025-05-07 06:21:59,757]  INFO - DeploymentInterceptor Deploying Axis2 service: echo {super-tenant}
11:52:00.237 [docker-java-stream--653004835] INFO  o.w.a.t.CustomAPIMContainer - [customHeader] STDOUT: [2025-05-07 06:22:00,216]  INFO - DeploymentInterceptor Deploying Axis2 service: Version {super-tenant}
11:52:00.264 [docker-java-stream--653004835] INFO  o.w.a.t.CustomAPIMContainer - [customHeader] STDOUT: [2025-05-07 06:22:00,245]  INFO - EventPublisherDeployer Event Publisher deployment held back and in inactive state :EmailPublisher.xml, Stream validation exception : Stream id_gov_notify_stream:1.0.0 does not exist
11:52:00.271 [docker-java-stream--653004835] INFO  o.w.a.t.CustomAPIMContainer - [customHeader] STDOUT: [2025-05-07 06:22:00,251]  INFO - EventPublisherDeployer Event Publisher deployment held back and in inactive state :HTTP-recommendationEventPublisher.xml, Stream validation exception : Stream org.wso2.apimgt.recommendation.event.stream:1.0.0 does not exist
11:52:00.279 [docker-java-stream--653004835] INFO  o.w.a.t.CustomAPIMContainer - [customHeader] STDOUT: [2025-05-07 06:22:00,259]  INFO - EventPublisherDeployer Event Publisher deployment held back and in inactive state :asyncWebhooksEventPublisher.xml, Stream validation exception : Stream org.wso2.apimgt.webhooks.request.stream:1.0.0 does not exist
11:52:00.289 [docker-java-stream--653004835] INFO  o.w.a.t.CustomAPIMContainer - [customHeader] STDOUT: [2025-05-07 06:22:00,267]  INFO - EventPublisherDeployer Event Publisher deployment held back and in inactive state :asyncWebhooksEventPublisher2.xml, Stream validation exception : Stream org.wso2.apimgt.webhooks.request.stream:1.0.0 does not exist
11:52:00.294 [docker-java-stream--653004835] INFO  o.w.a.t.CustomAPIMContainer - [customHeader] STDOUT: [2025-05-07 06:22:00,273]  INFO - EventPublisherDeployer Event Publisher deployment held back and in inactive state :asyncWebhooksEventPublisher_1.0.0.xml, Stream validation exception : Stream org.wso2.apimgt.webhooks.request.stream:1.0.0 does not exist
11:52:00.299 [docker-java-stream--653004835] INFO  o.w.a.t.CustomAPIMContainer - [customHeader] STDOUT: [2025-05-07 06:22:00,278]  INFO - EventPublisherDeployer Event Publisher deployment held back and in inactive state :asyncWebhooksEventPublisher_1.0.0_2.xml, Stream validation exception : Stream org.wso2.apimgt.webhooks.request.stream:1.0.0 does not exist
11:52:00.311 [docker-java-stream--653004835] INFO  o.w.a.t.CustomAPIMContainer - [customHeader] STDOUT: [2025-05-07 06:22:00,284]  INFO - EventPublisherDeployer Event Publisher deployment held back and in inactive state :blockingEventJMSPublisher.xml, Stream validation exception : Stream org.wso2.blocking.request.stream:1.0.0 does not exist
11:52:00.316 [docker-java-stream--653004835] INFO  o.w.a.t.CustomAPIMContainer - [customHeader] STDOUT: [2025-05-07 06:22:00,296]  INFO - EventPublisherDeployer Event Publisher deployment held back and in inactive state :cacheInvalidationEventJMSPublisher.xml, Stream validation exception : Stream org.wso2.apimgt.cache.invalidation.stream:1.0.0 does not exist
11:52:00.324 [docker-java-stream--653004835] INFO  o.w.a.t.CustomAPIMContainer - [customHeader] STDOUT: [2025-05-07 06:22:00,305]  INFO - EventPublisherDeployer Event Publisher deployment held back and in inactive state :globalCacheInvalidationJMSPublisher.xml, Stream validation exception : Stream cache.invalidation.stream:1.0.0 does not exist
11:52:00.331 [docker-java-stream--653004835] INFO  o.w.a.t.CustomAPIMContainer - [customHeader] STDOUT: [2025-05-07 06:22:00,310]  INFO - EventPublisherDeployer Event Publisher deployment held back and in inactive state :jmsEventPublisher.xml, Stream validation exception : Stream org.wso2.throttle.globalThrottle.stream:1.0.0 does not exist
11:52:00.344 [docker-java-stream--653004835] INFO  o.w.a.t.CustomAPIMContainer - [customHeader] STDOUT: [2025-05-07 06:22:00,319]  INFO - EventPublisherDeployer Event Publisher deployment held back and in inactive state :jmsEventPublisher2.xml, Stream validation exception : Stream org.wso2.throttle.globalThrottle.stream:1.0.0 does not exist
11:52:00.351 [docker-java-stream--653004835] INFO  o.w.a.t.CustomAPIMContainer - [customHeader] STDOUT: [2025-05-07 06:22:00,326]  INFO - EventPublisherDeployer Event Publisher deployment held back and in inactive state :jmsEventPublisher_1.10.0.xml, Stream validation exception : Stream org.wso2.throttle.globalThrottle.stream:1.1.0 does not exist
11:52:00.361 [docker-java-stream--653004835] INFO  o.w.a.t.CustomAPIMContainer - [customHeader] STDOUT: [2025-05-07 06:22:00,337]  INFO - EventPublisherDeployer Event Publisher deployment held back and in inactive state :jmsEventPublisher_1.10.0_2.xml, Stream validation exception : Stream org.wso2.throttle.globalThrottle.stream:1.1.0 does not exist
11:52:00.365 [docker-java-stream--653004835] INFO  o.w.a.t.CustomAPIMContainer - [customHeader] STDOUT: [2025-05-07 06:22:00,342]  INFO - EventPublisherDeployer Event Publisher deployment held back and in inactive state :keymgtEventJMSEventPublisher.xml, Stream validation exception : Stream org.wso2.apimgt.keymgt.stream:1.0.0 does not exist
11:52:00.373 [docker-java-stream--653004835] INFO  o.w.a.t.CustomAPIMContainer - [customHeader] STDOUT: [2025-05-07 06:22:00,350]  INFO - EventPublisherDeployer Event Publisher deployment held back and in inactive state :notificationEventJMSPublisher.xml, Stream validation exception : Stream org.wso2.apimgt.notification.stream:1.0.0 does not exist
11:52:00.377 [docker-java-stream--653004835] INFO  o.w.a.t.CustomAPIMContainer - [customHeader] STDOUT: [2025-05-07 06:22:00,356]  INFO - EventPublisherDeployer Event Publisher deployment held back and in inactive state :tokenRevokeEventJMSPublisher.xml, Stream validation exception : Stream org.wso2.apimgt.token.revocation.stream:1.0.0 does not exist
11:52:00.384 [docker-java-stream--653004835] INFO  o.w.a.t.CustomAPIMContainer - [customHeader] STDOUT: [2025-05-07 06:22:00,363]  INFO - EventPublisherDeployer Event Publisher deployment held back and in inactive state :tokenRevokeEventJMSPublisher_2.xml, Stream validation exception : Stream org.wso2.apimgt.token.revocation.stream:1.0.0 does not exist
11:52:00.434 [docker-java-stream--653004835] INFO  o.w.a.t.CustomAPIMContainer - [customHeader] STDOUT: [2025-05-07 06:22:00,414]  INFO - EventReceiverDeployer Event receiver deployment held back and in inactive state: blockingWso2EventReceiver.xml, Stream validation exception: Stream org.wso2.blocking.request.stream:1.0.0 does not exist
11:52:00.444 [docker-java-stream--653004835] INFO  o.w.a.t.CustomAPIMContainer - [customHeader] STDOUT: [2025-05-07 06:22:00,424]  INFO - EventReceiverDeployer Event receiver deployment held back and in inactive state: cacheInvalidationRequestReceiver.xml, Stream validation exception: Stream cache.invalidation.stream:1.0.0 does not exist
11:52:00.449 [docker-java-stream--653004835] INFO  o.w.a.t.CustomAPIMContainer - [customHeader] STDOUT: [2025-05-07 06:22:00,429]  INFO - EventReceiverDeployer Event receiver deployment held back and in inactive state: cacheInvalidationWso2EventReceiver.xml, Stream validation exception: Stream org.wso2.apimgt.cache.invalidation.stream:1.0.0 does not exist
11:52:00.455 [docker-java-stream--653004835] INFO  o.w.a.t.CustomAPIMContainer - [customHeader] STDOUT: [2025-05-07 06:22:00,436]  INFO - EventReceiverDeployer Event receiver deployment held back and in inactive state: keyMgtWso2EventReceiver.xml, Stream validation exception: Stream org.wso2.apimgt.keymgt.stream:1.0.0 does not exist
11:52:00.460 [docker-java-stream--653004835] INFO  o.w.a.t.CustomAPIMContainer - [customHeader] STDOUT: [2025-05-07 06:22:00,440]  INFO - EventReceiverDeployer Event receiver deployment held back and in inactive state: notificationsWSO2EventReceiver.xml, Stream validation exception: Stream org.wso2.apimgt.notification.stream:1.0.0 does not exist
11:52:00.464 [docker-java-stream--653004835] INFO  o.w.a.t.CustomAPIMContainer - [customHeader] STDOUT: [2025-05-07 06:22:00,445]  INFO - EventReceiverDeployer Event receiver deployment held back and in inactive state: recommendationWso2EventReceiver.xml, Stream validation exception: Stream org.wso2.apimgt.recommendation.event.stream:1.0.0 does not exist
11:52:00.472 [docker-java-stream--653004835] INFO  o.w.a.t.CustomAPIMContainer - [customHeader] STDOUT: [2025-05-07 06:22:00,452]  INFO - EventReceiverDeployer Event receiver deployment held back and in inactive state: throttleEventReceiver.xml, Stream validation exception: Stream org.wso2.throttle.request.stream:1.0.0 does not exist
11:52:00.485 [docker-java-stream--653004835] INFO  o.w.a.t.CustomAPIMContainer - [customHeader] STDOUT: [2025-05-07 06:22:00,456]  INFO - EventReceiverDeployer Event receiver deployment held back and in inactive state: throttleWSO2EventReceiver.xml, Stream validation exception: Stream org.wso2.throttle.request.stream:1.0.0 does not exist
11:52:00.487 [docker-java-stream--653004835] INFO  o.w.a.t.CustomAPIMContainer - [customHeader] STDOUT: [2025-05-07 06:22:00,466]  INFO - EventReceiverDeployer Event receiver deployment held back and in inactive state: tokenRevocationWso2EventReceiver.xml, Stream validation exception: Stream org.wso2.apimgt.token.revocation.stream:1.0.0 does not exist
11:52:02.128 [docker-java-stream--653004835] INFO  o.w.a.t.CustomAPIMContainer - [customHeader] STDOUT: [2025-05-07 06:22:02,108]  INFO - EventPublisherDeployer Event Publisher undeployed successfully : globalCacheInvalidationJMSPublisher.xml
11:52:02.155 [docker-java-stream--653004835] INFO  o.w.a.t.CustomAPIMContainer - [customHeader] STDOUT: [2025-05-07 06:22:02,136]  INFO - EventJunction WSO2EventConsumer added to the junction. Stream:cache.invalidation.stream:1.0.0
11:52:02.216 [docker-java-stream--653004835] INFO  o.w.a.t.CustomAPIMContainer - [customHeader] STDOUT: [2025-05-07 06:22:02,194]  INFO - EventPublisherDeployer Event Publisher configuration successfully deployed and in active state : globalCacheInvalidationJMSPublisher
11:52:02.295 [docker-java-stream--653004835] INFO  o.w.a.t.CustomAPIMContainer - [customHeader] STDOUT: [2025-05-07 06:22:02,275]  INFO - EventReceiverDeployer Event Receiver undeployed successfully: cacheInvalidationRequestReceiver.xml
11:52:02.319 [docker-java-stream--653004835] INFO  o.w.a.t.CustomAPIMContainer - [customHeader] STDOUT: [2025-05-07 06:22:02,299]  INFO - InputAdapterRuntime Connecting receiver cacheInvalidationRequestReceiver
11:52:02.322 [docker-java-stream--653004835] INFO  o.w.a.t.CustomAPIMContainer - [customHeader] STDOUT: [2025-05-07 06:22:02,303]  INFO - EventJunction Producer added to the junction. Stream:cache.invalidation.stream:1.0.0
11:52:02.323 [docker-java-stream--653004835] INFO  o.w.a.t.CustomAPIMContainer - [customHeader] STDOUT: [2025-05-07 06:22:02,304]  INFO - EventReceiverDeployer Event Receiver configuration successfully deployed and in active state: cacheInvalidationRequestReceiver
11:52:02.327 [docker-java-stream--653004835] INFO  o.w.a.t.CustomAPIMContainer - [customHeader] STDOUT: [2025-05-07 06:22:02,306]  INFO - EventStreamDeployer Stream definition is deployed successfully  : cache.invalidation.stream:1.0.0
11:52:02.332 [docker-java-stream--653004835] INFO  o.w.a.t.CustomAPIMContainer - [customHeader] STDOUT: [2025-05-07 06:22:02,312]  INFO - EventPublisherDeployer Event Publisher undeployed successfully : EmailPublisher.xml
11:52:02.366 [docker-java-stream--653004835] INFO  o.w.a.t.CustomAPIMContainer - [customHeader] STDOUT: [2025-05-07 06:22:02,345]  INFO - EventJunction WSO2EventConsumer added to the junction. Stream:id_gov_notify_stream:1.0.0
11:52:02.382 [docker-java-stream--653004835] INFO  o.w.a.t.CustomAPIMContainer - [customHeader] STDOUT: [2025-05-07 06:22:02,363]  INFO - EventPublisherDeployer Event Publisher configuration successfully deployed and in active state : EmailPublisher
11:52:02.384 [docker-java-stream--653004835] INFO  o.w.a.t.CustomAPIMContainer - [customHeader] STDOUT: [2025-05-07 06:22:02,364]  INFO - EventStreamDeployer Stream definition is deployed successfully  : id_gov_notify_stream:1.0.0
11:52:02.390 [docker-java-stream--653004835] INFO  o.w.a.t.CustomAPIMContainer - [customHeader] STDOUT: [2025-05-07 06:22:02,371]  INFO - EventPublisherDeployer Event Publisher undeployed successfully : cacheInvalidationEventJMSPublisher.xml
11:52:02.408 [docker-java-stream--653004835] INFO  o.w.a.t.CustomAPIMContainer - [customHeader] STDOUT: [2025-05-07 06:22:02,386]  INFO - EventJunction WSO2EventConsumer added to the junction. Stream:org.wso2.apimgt.cache.invalidation.stream:1.0.0
11:52:02.410 [docker-java-stream--653004835] INFO  o.w.a.t.CustomAPIMContainer - [customHeader] STDOUT: [2025-05-07 06:22:02,387]  INFO - EventPublisherDeployer Event Publisher configuration successfully deployed and in active state : cacheInvalidationJMSPublisher
11:52:02.410 [docker-java-stream--653004835] INFO  o.w.a.t.CustomAPIMContainer - [customHeader] STDOUT: [2025-05-07 06:22:02,387]  INFO - EventReceiverDeployer Event Receiver undeployed successfully: cacheInvalidationWso2EventReceiver.xml
11:52:02.422 [docker-java-stream--653004835] INFO  o.w.a.t.CustomAPIMContainer - [customHeader] STDOUT: [2025-05-07 06:22:02,402]  INFO - InputAdapterRuntime Connecting receiver cacheInvalidationWso2EventReceiver
11:52:02.423 [docker-java-stream--653004835] INFO  o.w.a.t.CustomAPIMContainer - [customHeader] STDOUT: [2025-05-07 06:22:02,402]  INFO - EventJunction Producer added to the junction. Stream:org.wso2.apimgt.cache.invalidation.stream:1.0.0
11:52:02.423 [docker-java-stream--653004835] INFO  o.w.a.t.CustomAPIMContainer - [customHeader] STDOUT: [2025-05-07 06:22:02,402]  INFO - EventReceiverDeployer Event Receiver configuration successfully deployed and in active state: cacheInvalidationWso2EventReceiver
11:52:02.424 [docker-java-stream--653004835] INFO  o.w.a.t.CustomAPIMContainer - [customHeader] STDOUT: [2025-05-07 06:22:02,402]  INFO - EventStreamDeployer Stream definition is deployed successfully  : org.wso2.apimgt.cache.invalidation.stream:1.0.0
11:52:02.430 [docker-java-stream--653004835] INFO  o.w.a.t.CustomAPIMContainer - [customHeader] STDOUT: [2025-05-07 06:22:02,411]  INFO - EventPublisherDeployer Event Publisher undeployed successfully : keymgtEventJMSEventPublisher.xml
11:52:02.442 [docker-java-stream--653004835] INFO  o.w.a.t.CustomAPIMContainer - [customHeader] STDOUT: [2025-05-07 06:22:02,421]  INFO - EventJunction WSO2EventConsumer added to the junction. Stream:org.wso2.apimgt.keymgt.stream:1.0.0
11:52:02.443 [docker-java-stream--653004835] INFO  o.w.a.t.CustomAPIMContainer - [customHeader] STDOUT: [2025-05-07 06:22:02,422]  INFO - EventPublisherDeployer Event Publisher configuration successfully deployed and in active state : keymgtEventJMSEventPublisher
11:52:02.451 [docker-java-stream--653004835] INFO  o.w.a.t.CustomAPIMContainer - [customHeader] STDOUT: [2025-05-07 06:22:02,422]  INFO - EventReceiverDeployer Event Receiver undeployed successfully: keyMgtWso2EventReceiver.xml
11:52:02.454 [docker-java-stream--653004835] INFO  o.w.a.t.CustomAPIMContainer - [customHeader] STDOUT: [2025-05-07 06:22:02,432]  INFO - InputAdapterRuntime Connecting receiver keyMgtWso2EventReceiver
11:52:02.456 [docker-java-stream--653004835] INFO  o.w.a.t.CustomAPIMContainer - [customHeader] STDOUT: [2025-05-07 06:22:02,433]  INFO - EventJunction Producer added to the junction. Stream:org.wso2.apimgt.keymgt.stream:1.0.0
11:52:02.460 [docker-java-stream--653004835] INFO  o.w.a.t.CustomAPIMContainer - [customHeader] STDOUT: [2025-05-07 06:22:02,433]  INFO - EventReceiverDeployer Event Receiver configuration successfully deployed and in active state: keyMgtWso2EventReceiver
11:52:02.462 [docker-java-stream--653004835] INFO  o.w.a.t.CustomAPIMContainer - [customHeader] STDOUT: [2025-05-07 06:22:02,433]  INFO - EventStreamDeployer Stream definition is deployed successfully  : org.wso2.apimgt.keymgt.stream:1.0.0
11:52:02.472 [docker-java-stream--653004835] INFO  o.w.a.t.CustomAPIMContainer - [customHeader] STDOUT: [2025-05-07 06:22:02,451]  INFO - EventPublisherDeployer Event Publisher undeployed successfully : notificationEventJMSPublisher.xml
11:52:02.496 [docker-java-stream--653004835] INFO  o.w.a.t.CustomAPIMContainer - [customHeader] STDOUT: [2025-05-07 06:22:02,474]  INFO - EventJunction WSO2EventConsumer added to the junction. Stream:org.wso2.apimgt.notification.stream:1.0.0
11:52:02.497 [docker-java-stream--653004835] INFO  o.w.a.t.CustomAPIMContainer - [customHeader] STDOUT: [2025-05-07 06:22:02,475]  INFO - EventPublisherDeployer Event Publisher configuration successfully deployed and in active state : notificationJMSPublisher
11:52:02.500 [docker-java-stream--653004835] INFO  o.w.a.t.CustomAPIMContainer - [customHeader] STDOUT: [2025-05-07 06:22:02,475]  INFO - EventReceiverDeployer Event Receiver undeployed successfully: notificationsWSO2EventReceiver.xml
11:52:02.510 [docker-java-stream--653004835] INFO  o.w.a.t.CustomAPIMContainer - [customHeader] STDOUT: [2025-05-07 06:22:02,487]  INFO - InputAdapterRuntime Connecting receiver notificationsWSO2EventReceiver
11:52:02.511 [docker-java-stream--653004835] INFO  o.w.a.t.CustomAPIMContainer - [customHeader] STDOUT: [2025-05-07 06:22:02,488]  INFO - EventJunction Producer added to the junction. Stream:org.wso2.apimgt.notification.stream:1.0.0
11:52:02.511 [docker-java-stream--653004835] INFO  o.w.a.t.CustomAPIMContainer - [customHeader] STDOUT: [2025-05-07 06:22:02,488]  INFO - EventReceiverDeployer Event Receiver configuration successfully deployed and in active state: notificationsWSO2EventReceiver
11:52:02.517 [docker-java-stream--653004835] INFO  o.w.a.t.CustomAPIMContainer - [customHeader] STDOUT: [2025-05-07 06:22:02,488]  INFO - EventStreamDeployer Stream definition is deployed successfully  : org.wso2.apimgt.notification.stream:1.0.0
11:52:02.518 [docker-java-stream--653004835] INFO  o.w.a.t.CustomAPIMContainer - [customHeader] STDOUT: [2025-05-07 06:22:02,499]  INFO - EventPublisherDeployer Event Publisher undeployed successfully : HTTP-recommendationEventPublisher.xml
11:52:02.527 [docker-java-stream--653004835] INFO  o.w.a.t.CustomAPIMContainer - [customHeader] STDOUT: [2025-05-07 06:22:02,507]  INFO - EventJunction WSO2EventConsumer added to the junction. Stream:org.wso2.apimgt.recommendation.event.stream:1.0.0
11:52:02.548 [docker-java-stream--653004835] INFO  o.w.a.t.CustomAPIMContainer - [customHeader] STDOUT: [2025-05-07 06:22:02,529]  INFO - EventPublisherDeployer Event Publisher configuration successfully deployed and in active state : HTTP-recommendationEventPublisher
11:52:02.559 [docker-java-stream--653004835] INFO  o.w.a.t.CustomAPIMContainer - [customHeader] STDOUT: [2025-05-07 06:22:02,534]  INFO - EventReceiverDeployer Event Receiver undeployed successfully: recommendationWso2EventReceiver.xml
11:52:02.560 [docker-java-stream--653004835] INFO  o.w.a.t.CustomAPIMContainer - [customHeader] STDOUT: [2025-05-07 06:22:02,537]  INFO - InputAdapterRuntime Connecting receiver recommendationWso2EventReceiver
11:52:02.562 [docker-java-stream--653004835] INFO  o.w.a.t.CustomAPIMContainer - [customHeader] STDOUT: [2025-05-07 06:22:02,538]  INFO - EventJunction Producer added to the junction. Stream:org.wso2.apimgt.recommendation.event.stream:1.0.0
11:52:02.564 [docker-java-stream--653004835] INFO  o.w.a.t.CustomAPIMContainer - [customHeader] STDOUT: [2025-05-07 06:22:02,538]  INFO - EventReceiverDeployer Event Receiver configuration successfully deployed and in active state: recommendationWso2EventReceiver
11:52:02.568 [docker-java-stream--653004835] INFO  o.w.a.t.CustomAPIMContainer - [customHeader] STDOUT: [2025-05-07 06:22:02,538]  INFO - EventStreamDeployer Stream definition is deployed successfully  : org.wso2.apimgt.recommendation.event.stream:1.0.0
11:52:02.578 [docker-java-stream--653004835] INFO  o.w.a.t.CustomAPIMContainer - [customHeader] STDOUT: [2025-05-07 06:22:02,553]  INFO - EventPublisherDeployer Event Publisher undeployed successfully : tokenRevokeEventJMSPublisher.xml
11:52:02.584 [docker-java-stream--653004835] INFO  o.w.a.t.CustomAPIMContainer - [customHeader] STDOUT: [2025-05-07 06:22:02,565]  INFO - EventJunction WSO2EventConsumer added to the junction. Stream:org.wso2.apimgt.token.revocation.stream:1.0.0
11:52:02.589 [docker-java-stream--653004835] INFO  o.w.a.t.CustomAPIMContainer - [customHeader] STDOUT: [2025-05-07 06:22:02,567]  INFO - EventPublisherDeployer Event Publisher configuration successfully deployed and in active state : tokenRevocationJMSPublisher
11:52:02.597 [docker-java-stream--653004835] INFO  o.w.a.t.CustomAPIMContainer - [customHeader] STDOUT: [2025-05-07 06:22:02,570]  INFO - EventPublisherDeployer Event Publisher undeployed successfully : tokenRevokeEventJMSPublisher_2.xml
11:52:02.601 [docker-java-stream--653004835] INFO  o.w.a.t.CustomAPIMContainer - [customHeader] STDOUT: [2025-05-07 06:22:02,580]  INFO - EventJunction WSO2EventConsumer added to the junction. Stream:org.wso2.apimgt.token.revocation.stream:1.0.0
11:52:02.602 [docker-java-stream--653004835] INFO  o.w.a.t.CustomAPIMContainer - [customHeader] STDOUT: [2025-05-07 06:22:02,580]  INFO - EventPublisherDeployer Event Publisher configuration successfully deployed and in active state : tokenRevocationJMSPublisher2
11:52:02.607 [docker-java-stream--653004835] INFO  o.w.a.t.CustomAPIMContainer - [customHeader] STDOUT: [2025-05-07 06:22:02,581]  INFO - EventReceiverDeployer Event Receiver undeployed successfully: tokenRevocationWso2EventReceiver.xml
11:52:02.609 [docker-java-stream--653004835] INFO  o.w.a.t.CustomAPIMContainer - [customHeader] STDOUT: [2025-05-07 06:22:02,590]  INFO - InputAdapterRuntime Connecting receiver tokenRevocationWso2EventReceiver
11:52:02.619 [docker-java-stream--653004835] INFO  o.w.a.t.CustomAPIMContainer - [customHeader] STDOUT: [2025-05-07 06:22:02,594]  INFO - EventJunction Producer added to the junction. Stream:org.wso2.apimgt.token.revocation.stream:1.0.0
11:52:02.627 [docker-java-stream--653004835] INFO  o.w.a.t.CustomAPIMContainer - [customHeader] STDOUT: [2025-05-07 06:22:02,594]  INFO - EventReceiverDeployer Event Receiver configuration successfully deployed and in active state: tokenRevocationWso2EventReceiver
11:52:02.629 [docker-java-stream--653004835] INFO  o.w.a.t.CustomAPIMContainer - [customHeader] STDOUT: [2025-05-07 06:22:02,594]  INFO - EventStreamDeployer Stream definition is deployed successfully  : org.wso2.apimgt.token.revocation.stream:1.0.0
11:52:02.630 [docker-java-stream--653004835] INFO  o.w.a.t.CustomAPIMContainer - [customHeader] STDOUT: [2025-05-07 06:22:02,607]  INFO - EventPublisherDeployer Event Publisher undeployed successfully : asyncWebhooksEventPublisher.xml
11:52:02.640 [docker-java-stream--653004835] INFO  o.w.a.t.CustomAPIMContainer - [customHeader] STDOUT: [2025-05-07 06:22:02,620]  INFO - EventJunction WSO2EventConsumer added to the junction. Stream:org.wso2.apimgt.webhooks.request.stream:1.0.0
11:52:02.642 [docker-java-stream--653004835] INFO  o.w.a.t.CustomAPIMContainer - [customHeader] STDOUT: [2025-05-07 06:22:02,620]  INFO - EventPublisherDeployer Event Publisher configuration successfully deployed and in active state : asyncWebhooksEventPublisher
11:52:02.644 [docker-java-stream--653004835] INFO  o.w.a.t.CustomAPIMContainer - [customHeader] STDOUT: [2025-05-07 06:22:02,624]  INFO - EventPublisherDeployer Event Publisher undeployed successfully : asyncWebhooksEventPublisher2.xml
11:52:02.651 [docker-java-stream--653004835] INFO  o.w.a.t.CustomAPIMContainer - [customHeader] STDOUT: [2025-05-07 06:22:02,630]  INFO - EventJunction WSO2EventConsumer added to the junction. Stream:org.wso2.apimgt.webhooks.request.stream:1.0.0
11:52:02.656 [docker-java-stream--653004835] INFO  o.w.a.t.CustomAPIMContainer - [customHeader] STDOUT: [2025-05-07 06:22:02,634]  INFO - EventPublisherDeployer Event Publisher configuration successfully deployed and in active state : asyncWebhooksEventPublisher2
11:52:02.663 [docker-java-stream--653004835] INFO  o.w.a.t.CustomAPIMContainer - [customHeader] STDOUT: [2025-05-07 06:22:02,634]  INFO - EventPublisherDeployer Event Publisher undeployed successfully : asyncWebhooksEventPublisher_1.0.0.xml
11:52:02.664 [docker-java-stream--653004835] INFO  o.w.a.t.CustomAPIMContainer - [customHeader] STDOUT: [2025-05-07 06:22:02,640]  INFO - EventJunction WSO2EventConsumer added to the junction. Stream:org.wso2.apimgt.webhooks.request.stream:1.0.0
11:52:02.665 [docker-java-stream--653004835] INFO  o.w.a.t.CustomAPIMContainer - [customHeader] STDOUT: [2025-05-07 06:22:02,641]  INFO - EventPublisherDeployer Event Publisher configuration successfully deployed and in active state : asyncWebhooksEventPublisher-1.0.0
11:52:02.666 [docker-java-stream--653004835] INFO  o.w.a.t.CustomAPIMContainer - [customHeader] STDOUT: [2025-05-07 06:22:02,641]  INFO - EventPublisherDeployer Event Publisher undeployed successfully : asyncWebhooksEventPublisher_1.0.0_2.xml
11:52:02.682 [docker-java-stream--653004835] INFO  o.w.a.t.CustomAPIMContainer - [customHeader] STDOUT: [2025-05-07 06:22:02,662]  INFO - EventJunction WSO2EventConsumer added to the junction. Stream:org.wso2.apimgt.webhooks.request.stream:1.0.0
11:52:02.683 [docker-java-stream--653004835] INFO  o.w.a.t.CustomAPIMContainer - [customHeader] STDOUT: [2025-05-07 06:22:02,663]  INFO - EventPublisherDeployer Event Publisher configuration successfully deployed and in active state : asyncWebhooksEventPublisher-1.0.0-2
11:52:02.691 [docker-java-stream--653004835] INFO  o.w.a.t.CustomAPIMContainer - [customHeader] STDOUT: [2025-05-07 06:22:02,663]  INFO - EventStreamDeployer Stream definition is deployed successfully  : org.wso2.apimgt.webhooks.request.stream:1.0.0
11:52:02.695 [docker-java-stream--653004835] INFO  o.w.a.t.CustomAPIMContainer - [customHeader] STDOUT: [2025-05-07 06:22:02,675]  INFO - EventPublisherDeployer Event Publisher undeployed successfully : blockingEventJMSPublisher.xml
11:52:02.708 [docker-java-stream--653004835] INFO  o.w.a.t.CustomAPIMContainer - [customHeader] STDOUT: [2025-05-07 06:22:02,688]  INFO - EventJunction WSO2EventConsumer added to the junction. Stream:org.wso2.blocking.request.stream:1.0.0
11:52:02.713 [docker-java-stream--653004835] INFO  o.w.a.t.CustomAPIMContainer - [customHeader] STDOUT: [2025-05-07 06:22:02,691]  INFO - EventPublisherDeployer Event Publisher configuration successfully deployed and in active state : blockingEventJMSPublisher
11:52:02.717 [docker-java-stream--653004835] INFO  o.w.a.t.CustomAPIMContainer - [customHeader] STDOUT: [2025-05-07 06:22:02,692]  INFO - EventReceiverDeployer Event Receiver undeployed successfully: blockingWso2EventReceiver.xml
11:52:02.720 [docker-java-stream--653004835] INFO  o.w.a.t.CustomAPIMContainer - [customHeader] STDOUT: [2025-05-07 06:22:02,701]  INFO - InputAdapterRuntime Connecting receiver blockingWso2EventReceiver
11:52:02.724 [docker-java-stream--653004835] INFO  o.w.a.t.CustomAPIMContainer - [customHeader] STDOUT: [2025-05-07 06:22:02,703]  INFO - EventJunction Producer added to the junction. Stream:org.wso2.blocking.request.stream:1.0.0
11:52:02.727 [docker-java-stream--653004835] INFO  o.w.a.t.CustomAPIMContainer - [customHeader] STDOUT: [2025-05-07 06:22:02,704]  INFO - EventReceiverDeployer Event Receiver configuration successfully deployed and in active state: blockingWso2EventReceiver
11:52:02.729 [docker-java-stream--653004835] INFO  o.w.a.t.CustomAPIMContainer - [customHeader] STDOUT: [2025-05-07 06:22:02,704]  INFO - EventStreamDeployer Stream definition is deployed successfully  : org.wso2.blocking.request.stream:1.0.0
11:52:02.733 [docker-java-stream--653004835] INFO  o.w.a.t.CustomAPIMContainer - [customHeader] STDOUT: [2025-05-07 06:22:02,714]  INFO - EventStreamDeployer Stream definition is deployed successfully  : org.wso2.botDetectionData.request.stream:1.0.0
11:52:02.743 [docker-java-stream--653004835] INFO  o.w.a.t.CustomAPIMContainer - [customHeader] STDOUT: [2025-05-07 06:22:02,722]  INFO - EventPublisherDeployer Event Publisher undeployed successfully : jmsEventPublisher.xml
11:52:02.752 [docker-java-stream--653004835] INFO  o.w.a.t.CustomAPIMContainer - [customHeader] STDOUT: [2025-05-07 06:22:02,729]  INFO - EventJunction WSO2EventConsumer added to the junction. Stream:org.wso2.throttle.globalThrottle.stream:1.0.0
11:52:02.753 [docker-java-stream--653004835] INFO  o.w.a.t.CustomAPIMContainer - [customHeader] STDOUT: [2025-05-07 06:22:02,730]  INFO - EventPublisherDeployer Event Publisher configuration successfully deployed and in active state : jmsEventPublisher
11:52:02.753 [docker-java-stream--653004835] INFO  o.w.a.t.CustomAPIMContainer - [customHeader] STDOUT: [2025-05-07 06:22:02,730]  INFO - EventPublisherDeployer Event Publisher undeployed successfully : jmsEventPublisher2.xml
11:52:02.759 [docker-java-stream--653004835] INFO  o.w.a.t.CustomAPIMContainer - [customHeader] STDOUT: [2025-05-07 06:22:02,740]  INFO - EventJunction WSO2EventConsumer added to the junction. Stream:org.wso2.throttle.globalThrottle.stream:1.0.0
11:52:02.765 [docker-java-stream--653004835] INFO  o.w.a.t.CustomAPIMContainer - [customHeader] STDOUT: [2025-05-07 06:22:02,743]  INFO - EventPublisherDeployer Event Publisher configuration successfully deployed and in active state : jmsEventPublisher2
11:52:02.871 [docker-java-stream--653004835] INFO  o.w.a.t.CustomAPIMContainer - [customHeader] STDOUT: [2025-05-07 06:22:02,850]  INFO - EventProcessorDeployer Execution Plan was undeployed successfully : carbon.super_app_10PerMin.siddhiql
11:52:02.908 [docker-java-stream--653004835] INFO  o.w.a.t.CustomAPIMContainer - [customHeader] STDOUT: [2025-05-07 06:22:02,887]  INFO - EventProcessorDeployer Execution Plan was undeployed successfully : carbon.super_app_20PerMin.siddhiql
11:52:02.948 [docker-java-stream--653004835] INFO  o.w.a.t.CustomAPIMContainer - [customHeader] STDOUT: [2025-05-07 06:22:02,924]  INFO - EventProcessorDeployer Execution Plan was undeployed successfully : carbon.super_app_50PerMin.siddhiql
11:52:02.980 [docker-java-stream--653004835] INFO  o.w.a.t.CustomAPIMContainer - [customHeader] STDOUT: [2025-05-07 06:22:02,960]  INFO - EventProcessorDeployer Execution Plan was undeployed successfully : carbon.super_resource_10KPerMin_default.siddhiql
11:52:03.013 [docker-java-stream--653004835] INFO  o.w.a.t.CustomAPIMContainer - [customHeader] STDOUT: [2025-05-07 06:22:02,994]  INFO - EventProcessorDeployer Execution Plan was undeployed successfully : carbon.super_resource_20KPerMin_default.siddhiql
11:52:03.060 [docker-java-stream--653004835] INFO  o.w.a.t.CustomAPIMContainer - [customHeader] STDOUT: [2025-05-07 06:22:03,040]  INFO - EventProcessorDeployer Execution Plan was undeployed successfully : carbon.super_resource_50KPerMin_defualt.siddhiql
11:52:03.242 [docker-java-stream--653004835] INFO  o.w.a.t.CustomAPIMContainer - [customHeader] STDOUT: [2025-05-07 06:22:03,223]  INFO - EventProcessorDeployer Execution Plan was undeployed successfully : carbon.super_sub_Bronze.siddhiql
11:52:03.366 [docker-java-stream--653004835] INFO  o.w.a.t.CustomAPIMContainer - [customHeader] STDOUT: [2025-05-07 06:22:03,346]  INFO - EventProcessorDeployer Execution Plan was undeployed successfully : carbon.super_sub_Gold.siddhiql
11:52:03.498 [docker-java-stream--653004835] INFO  o.w.a.t.CustomAPIMContainer - [customHeader] STDOUT: [2025-05-07 06:22:03,461]  INFO - EventProcessorDeployer Execution Plan was undeployed successfully : carbon.super_sub_Silver.siddhiql
11:52:03.567 [docker-java-stream--653004835] INFO  o.w.a.t.CustomAPIMContainer - [customHeader] STDOUT: [2025-05-07 06:22:03,548]  INFO - EventProcessorDeployer Execution Plan was undeployed successfully : carbon.super_sub_Unauthenticated.siddhiql
11:52:03.629 [docker-java-stream--653004835] INFO  o.w.a.t.CustomAPIMContainer - [customHeader] STDOUT: [2025-05-07 06:22:03,608]  INFO - EventStreamDeployer Stream definition is deployed successfully  : org.wso2.throttle.globalThrottle.stream:1.0.0
11:52:03.636 [docker-java-stream--653004835] INFO  o.w.a.t.CustomAPIMContainer - [customHeader] STDOUT: [2025-05-07 06:22:03,617]  INFO - EventPublisherDeployer Event Publisher undeployed successfully : jmsEventPublisher_1.10.0.xml
11:52:03.656 [docker-java-stream--653004835] INFO  o.w.a.t.CustomAPIMContainer - [customHeader] STDOUT: [2025-05-07 06:22:03,637]  INFO - EventJunction WSO2EventConsumer added to the junction. Stream:org.wso2.throttle.globalThrottle.stream:1.1.0
11:52:03.667 [docker-java-stream--653004835] INFO  o.w.a.t.CustomAPIMContainer - [customHeader] STDOUT: [2025-05-07 06:22:03,642]  INFO - EventPublisherDeployer Event Publisher configuration successfully deployed and in active state : jmsEventPublisher-1.0.0
11:52:03.668 [docker-java-stream--653004835] INFO  o.w.a.t.CustomAPIMContainer - [customHeader] STDOUT: [2025-05-07 06:22:03,643]  INFO - EventPublisherDeployer Event Publisher undeployed successfully : jmsEventPublisher_1.10.0_2.xml
11:52:03.684 [docker-java-stream--653004835] INFO  o.w.a.t.CustomAPIMContainer - [customHeader] STDOUT: [2025-05-07 06:22:03,664]  INFO - EventJunction WSO2EventConsumer added to the junction. Stream:org.wso2.throttle.globalThrottle.stream:1.1.0
11:52:03.686 [docker-java-stream--653004835] INFO  o.w.a.t.CustomAPIMContainer - [customHeader] STDOUT: [2025-05-07 06:22:03,664]  INFO - EventPublisherDeployer Event Publisher configuration successfully deployed and in active state : jmsEventPublisher-1.0.0-2
11:52:03.687 [docker-java-stream--653004835] INFO  o.w.a.t.CustomAPIMContainer - [customHeader] STDOUT: [2025-05-07 06:22:03,664]  INFO - EventStreamDeployer Stream definition is deployed successfully  : org.wso2.throttle.globalThrottle.stream:1.1.0
11:52:03.697 [docker-java-stream--653004835] INFO  o.w.a.t.CustomAPIMContainer - [customHeader] STDOUT: [2025-05-07 06:22:03,678]  INFO - EventProcessorDeployer Execution Plan was undeployed successfully : RequestPreProcessorExecutionPlan.siddhiql
11:52:03.736 [docker-java-stream--653004835] INFO  o.w.a.t.CustomAPIMContainer - [customHeader] STDOUT: [2025-05-07 06:22:03,714]  INFO - EventProcessorDeployer Execution Plan was undeployed successfully : carbon.super_app_10PerMin.siddhiql
11:52:04.276 [docker-java-stream--653004835] INFO  o.w.a.t.CustomAPIMContainer - [customHeader] STDOUT: [2025-05-07 06:22:04,256]  INFO - EventJunction Producer added to the junction. Stream:org.wso2.throttle.globalThrottle.stream:1.0.0
11:52:04.287 [docker-java-stream--653004835] INFO  o.w.a.t.CustomAPIMContainer - [customHeader] STDOUT: [2025-05-07 06:22:04,267]  INFO - EventJunction Consumer added to the junction. Stream:org.wso2.throttle.processed.request.stream:1.0.0
11:52:04.288 [docker-java-stream--653004835] INFO  o.w.a.t.CustomAPIMContainer - [customHeader] STDOUT: [2025-05-07 06:22:04,268]  INFO - EventProcessorDeployer Execution plan is deployed successfully and in active state  : carbon.super_app_10PerMin
11:52:04.289 [docker-java-stream--653004835] INFO  o.w.a.t.CustomAPIMContainer - [customHeader] STDOUT: [2025-05-07 06:22:04,268]  INFO - EventProcessorDeployer Execution Plan was undeployed successfully : carbon.super_app_20PerMin.siddhiql
11:52:04.721 [docker-java-stream--653004835] INFO  o.w.a.t.CustomAPIMContainer - [customHeader] STDOUT: [2025-05-07 06:22:04,702]  INFO - EventJunction Producer added to the junction. Stream:org.wso2.throttle.globalThrottle.stream:1.0.0
11:52:04.725 [docker-java-stream--653004835] INFO  o.w.a.t.CustomAPIMContainer - [customHeader] STDOUT: [2025-05-07 06:22:04,702]  INFO - EventJunction Consumer added to the junction. Stream:org.wso2.throttle.processed.request.stream:1.0.0
11:52:04.726 [docker-java-stream--653004835] INFO  o.w.a.t.CustomAPIMContainer - [customHeader] STDOUT: [2025-05-07 06:22:04,702]  INFO - EventProcessorDeployer Execution plan is deployed successfully and in active state  : carbon.super_app_20PerMin
11:52:04.728 [docker-java-stream--653004835] INFO  o.w.a.t.CustomAPIMContainer - [customHeader] STDOUT: [2025-05-07 06:22:04,708]  INFO - EventProcessorDeployer Execution Plan was undeployed successfully : carbon.super_app_50PerMin.siddhiql
11:52:05.007 [docker-java-stream--653004835] INFO  o.w.a.t.CustomAPIMContainer - [customHeader] STDOUT: [2025-05-07 06:22:04,986]  INFO - EventJunction Producer added to the junction. Stream:org.wso2.throttle.globalThrottle.stream:1.0.0
11:52:05.008 [docker-java-stream--653004835] INFO  o.w.a.t.CustomAPIMContainer - [customHeader] STDOUT: [2025-05-07 06:22:04,986]  INFO - EventJunction Consumer added to the junction. Stream:org.wso2.throttle.processed.request.stream:1.0.0
11:52:05.008 [docker-java-stream--653004835] INFO  o.w.a.t.CustomAPIMContainer - [customHeader] STDOUT: [2025-05-07 06:22:04,987]  INFO - EventProcessorDeployer Execution plan is deployed successfully and in active state  : carbon.super_app_50PerMin
11:52:05.009 [docker-java-stream--653004835] INFO  o.w.a.t.CustomAPIMContainer - [customHeader] STDOUT: [2025-05-07 06:22:04,987]  INFO - EventProcessorDeployer Execution Plan was undeployed successfully : carbon.super_resource_10KPerMin_default.siddhiql
11:52:05.243 [docker-java-stream--653004835] INFO  o.w.a.t.CustomAPIMContainer - [customHeader] STDOUT: [2025-05-07 06:22:05,223]  INFO - EventJunction Producer added to the junction. Stream:org.wso2.throttle.globalThrottle.stream:1.0.0
11:52:05.244 [docker-java-stream--653004835] INFO  o.w.a.t.CustomAPIMContainer - [customHeader] STDOUT: [2025-05-07 06:22:05,224]  INFO - EventJunction Consumer added to the junction. Stream:org.wso2.throttle.processed.request.stream:1.0.0
11:52:05.251 [docker-java-stream--653004835] INFO  o.w.a.t.CustomAPIMContainer - [customHeader] STDOUT: [2025-05-07 06:22:05,224]  INFO - EventProcessorDeployer Execution plan is deployed successfully and in active state  : carbon.super_resource_10KPerMin_default
11:52:05.252 [docker-java-stream--653004835] INFO  o.w.a.t.CustomAPIMContainer - [customHeader] STDOUT: [2025-05-07 06:22:05,224]  INFO - EventProcessorDeployer Execution Plan was undeployed successfully : carbon.super_resource_20KPerMin_default.siddhiql
11:52:05.423 [docker-java-stream--653004835] INFO  o.w.a.t.CustomAPIMContainer - [customHeader] STDOUT: [2025-05-07 06:22:05,397]  INFO - EventJunction Producer added to the junction. Stream:org.wso2.throttle.globalThrottle.stream:1.0.0
11:52:05.423 [docker-java-stream--653004835] INFO  o.w.a.t.CustomAPIMContainer - [customHeader] STDOUT: [2025-05-07 06:22:05,404]  INFO - EventJunction Consumer added to the junction. Stream:org.wso2.throttle.processed.request.stream:1.0.0
11:52:05.424 [docker-java-stream--653004835] INFO  o.w.a.t.CustomAPIMContainer - [customHeader] STDOUT: [2025-05-07 06:22:05,404]  INFO - EventProcessorDeployer Execution plan is deployed successfully and in active state  : carbon.super_resource_20KPerMin_default
11:52:05.426 [docker-java-stream--653004835] INFO  o.w.a.t.CustomAPIMContainer - [customHeader] STDOUT: [2025-05-07 06:22:05,405]  INFO - EventProcessorDeployer Execution Plan was undeployed successfully : carbon.super_resource_50KPerMin_defualt.siddhiql
[...]
INFO: Keep-Alive: timeout=60
May 07, 2025 12:04:30 PM okhttp3.internal.platform.Platform log
INFO: Connection: keep-alive
May 07, 2025 12:04:30 PM okhttp3.internal.platform.Platform log
INFO: Server: WSO2 Carbon Server
May 07, 2025 12:04:30 PM okhttp3.internal.platform.Platform log
INFO: 
May 07, 2025 12:04:30 PM okhttp3.internal.platform.Platform log
INFO: {"applicationId":"b47ae7ff-3e01-47bb-904b-5d068fcb3855","name":"Application1","throttlingPolicy":"Unlimited","description":"This is new application","tokenType":"JWT","status":"APPROVED","groups":[],"subscriptionCount":0,"keys":[],"attributes":{},"subscriptionScopes":[],"owner":"admin","hashEnabled":false,"createdTime":"1746599669354","updatedTime":"1746599669354","visibility":"PRIVATE"}
May 07, 2025 12:04:30 PM okhttp3.internal.platform.Platform log
INFO: <-- END HTTP (390-byte body)
May 07, 2025 12:04:30 PM okhttp3.internal.platform.Platform log
INFO: --> POST https://localhost:32781/api/am/devportal/v3/subscriptions
May 07, 2025 12:04:30 PM okhttp3.internal.platform.Platform log
INFO: Content-Length: 168
May 07, 2025 12:04:30 PM okhttp3.internal.platform.Platform log
INFO: X-WSO2-Tenant: carbon.super
May 07, 2025 12:04:30 PM okhttp3.internal.platform.Platform log
INFO: Accept: application/json
May 07, 2025 12:04:30 PM okhttp3.internal.platform.Platform log
INFO: Content-Type: application/json
May 07, 2025 12:04:30 PM okhttp3.internal.platform.Platform log
INFO: Authorization: Bearer 4338f1cf-3342-3d5f-861d-dbc82a296318
May 07, 2025 12:04:30 PM okhttp3.internal.platform.Platform log
INFO: User-Agent: OpenAPI-Generator/v3/java
May 07, 2025 12:04:30 PM okhttp3.internal.platform.Platform log
INFO: 
May 07, 2025 12:04:30 PM okhttp3.internal.platform.Platform log
INFO: {"applicationId":"b47ae7ff-3e01-47bb-904b-5d068fcb3855","apiId":"4909ae8f-e7eb-4715-a1fd-b463318cdc93","throttlingPolicy":"Bronze","requestedThrottlingPolicy":"Bronze"}
May 07, 2025 12:04:30 PM okhttp3.internal.platform.Platform log
INFO: --> END POST (168-byte body)
May 07, 2025 12:04:31 PM okhttp3.internal.platform.Platform log
INFO: <-- 201 https://localhost:32781/api/am/devportal/v3/subscriptions (451ms)
May 07, 2025 12:04:31 PM okhttp3.internal.platform.Platform log
INFO: X-WSO2-TraceId: 00faf47c-0c5b-43fc-b0fe-6fa5a4cb5ede
May 07, 2025 12:04:31 PM okhttp3.internal.platform.Platform log
INFO: Location: https://localhost:32781/api/am/devportal/subscriptions/cb8f16f5-188c-48ae-8c76-7d88e7c38035
May 07, 2025 12:04:31 PM okhttp3.internal.platform.Platform log
INFO: X-Content-Type-Options: nosniff
May 07, 2025 12:04:31 PM okhttp3.internal.platform.Platform log
INFO: X-XSS-Protection: 1; mode=block
May 07, 2025 12:04:31 PM okhttp3.internal.platform.Platform log
INFO: Date: Wed, 07 May 2025 06:34:31 GMT
May 07, 2025 12:04:31 PM okhttp3.internal.platform.Platform log
INFO: Vary: Accept-Encoding
May 07, 2025 12:04:31 PM okhttp3.internal.platform.Platform log
INFO: Content-Type: application/json
May 07, 2025 12:04:31 PM okhttp3.internal.platform.Platform log
INFO: Transfer-Encoding: chunked
May 07, 2025 12:04:31 PM okhttp3.internal.platform.Platform log
INFO: Keep-Alive: timeout=60
May 07, 2025 12:04:31 PM okhttp3.internal.platform.Platform log
INFO: Connection: keep-alive
May 07, 2025 12:04:31 PM okhttp3.internal.platform.Platform log
INFO: Server: WSO2 Carbon Server
May 07, 2025 12:04:31 PM okhttp3.internal.platform.Platform log
INFO: 
May 07, 2025 12:04:31 PM okhttp3.internal.platform.Platform log
INFO: {"subscriptionId":"cb8f16f5-188c-48ae-8c76-7d88e7c38035","applicationId":"b47ae7ff-3e01-47bb-904b-5d068fcb3855","apiId":"4909ae8f-e7eb-4715-a1fd-b463318cdc93","apiInfo":{"id":"4909ae8f-e7eb-4715-a1fd-b463318cdc93","name":"JaxrsAPI","description":"JAX-RS CustomerService API created for integration testing.","context":"/jaxrs","version":"1.0.0","type":"HTTP","createdTime":"1746599642926","provider":"admin","lifeCycleStatus":"PUBLISHED","thumbnailUri":null,"avgRating":"0.0","throttlingPolicies":["Bronze","Gold"],"advertiseInfo":{"advertised":false,"apiExternalProductionEndpoint":null,"apiExternalSandboxEndpoint":null,"originalDevPortalUrl":null,"apiOwner":"admin","vendor":"WSO2"},"businessInformation":{"businessOwner":null,"businessOwnerEmail":null,"technicalOwner":null,"technicalOwnerEmail":null},"isSubscriptionAvailable":true,"monetizationLabel":"FREE","gatewayVendor":"wso2","additionalProperties":[],"monetizedInfo":false,"egress":false,"subtype":"DEFAULT"},"applicationInfo":{"applicationId":"b47ae7ff-3e01-47bb-904b-5d068fcb3855","name":"Application1","throttlingPolicy":"Unlimited","description":"This is new application","status":"APPROVED","groups":[],"subscriptionCount":1,"attributes":{},"owner":"admin","tokenType":"JWT","createdTime":"1746599669354","updatedTime":"1746599669354"},"throttlingPolicy":"Bronze","requestedThrottlingPolicy":"Bronze","status":"UNBLOCKED","redirectionParams":null}
May 07, 2025 12:04:31 PM okhttp3.internal.platform.Platform log
INFO: <-- END HTTP (1414-byte body)
May 07, 2025 12:04:36 PM org.wso2.am.integration.test.impl.RestAPIStoreImpl waitUntilSubscriptionAvailableInGateway
INFO: Subscription Available in in memory== class SubscriptionDTO {
    subscriptionId: 1
    policyId: Bronze
    apiId: 1
    appId: 2
    subscriptionState: UNBLOCKED
}
May 07, 2025 12:04:36 PM okhttp3.internal.platform.Platform log
INFO: --> GET https://localhost:32781/api/am/devportal/v3/subscriptions?apiId=4909ae8f-e7eb-4715-a1fd-b463318cdc93&applicationId=b47ae7ff-3e01-47bb-904b-5d068fcb3855
May 07, 2025 12:04:36 PM okhttp3.internal.platform.Platform log
INFO: X-WSO2-Tenant: carbon.super
May 07, 2025 12:04:36 PM okhttp3.internal.platform.Platform log
INFO: Accept: application/json
May 07, 2025 12:04:36 PM okhttp3.internal.platform.Platform log
INFO: Content-Type: application/json
May 07, 2025 12:04:36 PM okhttp3.internal.platform.Platform log
INFO: Authorization: Bearer 4338f1cf-3342-3d5f-861d-dbc82a296318
May 07, 2025 12:04:36 PM okhttp3.internal.platform.Platform log
INFO: User-Agent: OpenAPI-Generator/v3/java
May 07, 2025 12:04:36 PM okhttp3.internal.platform.Platform log
INFO: --> END GET
May 07, 2025 12:04:36 PM okhttp3.internal.platform.Platform log
INFO: <-- 200 https://localhost:32781/api/am/devportal/v3/subscriptions?apiId=4909ae8f-e7eb-4715-a1fd-b463318cdc93&applicationId=b47ae7ff-3e01-47bb-904b-5d068fcb3855 (171ms)
May 07, 2025 12:04:36 PM okhttp3.internal.platform.Platform log
INFO: X-WSO2-TraceId: d2e3fb1f-2bbc-40de-858b-66787978b21a
May 07, 2025 12:04:36 PM okhttp3.internal.platform.Platform log
INFO: X-Content-Type-Options: nosniff
May 07, 2025 12:04:36 PM okhttp3.internal.platform.Platform log
INFO: X-XSS-Protection: 1; mode=block
May 07, 2025 12:04:36 PM okhttp3.internal.platform.Platform log
INFO: Date: Wed, 07 May 2025 06:34:36 GMT
May 07, 2025 12:04:36 PM okhttp3.internal.platform.Platform log
INFO: Vary: Accept-Encoding
May 07, 2025 12:04:36 PM okhttp3.internal.platform.Platform log
INFO: Content-Type: application/json
May 07, 2025 12:04:36 PM okhttp3.internal.platform.Platform log
INFO: Transfer-Encoding: chunked
May 07, 2025 12:04:36 PM okhttp3.internal.platform.Platform log
INFO: Keep-Alive: timeout=60
May 07, 2025 12:04:36 PM okhttp3.internal.platform.Platform log
INFO: Connection: keep-alive
May 07, 2025 12:04:36 PM okhttp3.internal.platform.Platform log
INFO: Server: WSO2 Carbon Server
May 07, 2025 12:04:36 PM okhttp3.internal.platform.Platform log
INFO: 
May 07, 2025 12:04:36 PM okhttp3.internal.platform.Platform log
INFO: {"count":1,"list":[{"subscriptionId":"cb8f16f5-188c-48ae-8c76-7d88e7c38035","applicationId":"b47ae7ff-3e01-47bb-904b-5d068fcb3855","apiId":"4909ae8f-e7eb-4715-a1fd-b463318cdc93","apiInfo":{"id":"4909ae8f-e7eb-4715-a1fd-b463318cdc93","name":"JaxrsAPI","description":"JAX-RS CustomerService API created for integration testing.","context":"/jaxrs","version":"1.0.0","type":"HTTP","createdTime":"1746599642926","provider":"admin","lifeCycleStatus":"PUBLISHED","thumbnailUri":null,"avgRating":"0.0","throttlingPolicies":["Bronze","Gold"],"advertiseInfo":{"advertised":false,"apiExternalProductionEndpoint":null,"apiExternalSandboxEndpoint":null,"originalDevPortalUrl":null,"apiOwner":"admin","vendor":"WSO2"},"businessInformation":{"businessOwner":null,"businessOwnerEmail":null,"technicalOwner":null,"technicalOwnerEmail":null},"isSubscriptionAvailable":true,"monetizationLabel":"FREE","gatewayVendor":"wso2","additionalProperties":[],"monetizedInfo":false,"egress":false,"subtype":"DEFAULT"},"applicationInfo":{"applicationId":"b47ae7ff-3e01-47bb-904b-5d068fcb3855","name":"Application1","throttlingPolicy":"Unlimited","description":"This is new application","status":"APPROVED","groups":[],"subscriptionCount":0,"attributes":{},"owner":"admin","tokenType":"JWT","createdTime":"1746599669354","updatedTime":"1746599669354"},"throttlingPolicy":"Bronze","requestedThrottlingPolicy":"Bronze","status":"UNBLOCKED","redirectionParams":null}],"pagination":{"offset":0,"limit":25,"total":1,"next":"","previous":""}}
May 07, 2025 12:04:36 PM okhttp3.internal.platform.Platform log
INFO: <-- END HTTP (1506-byte body)
May 07, 2025 12:04:36 PM okhttp3.internal.platform.Platform log
INFO: --> POST https://localhost:32781/api/am/devportal/v3/applications/b47ae7ff-3e01-47bb-904b-5d068fcb3855/generate-keys
May 07, 2025 12:04:36 PM okhttp3.internal.platform.Platform log
INFO: Content-Length: 148
May 07, 2025 12:04:36 PM okhttp3.internal.platform.Platform log
INFO: X-WSO2-Tenant: carbon.super
May 07, 2025 12:04:36 PM okhttp3.internal.platform.Platform log
INFO: Accept: application/json
May 07, 2025 12:04:36 PM okhttp3.internal.platform.Platform log
INFO: Content-Type: application/json
May 07, 2025 12:04:36 PM okhttp3.internal.platform.Platform log
INFO: Authorization: Bearer 4338f1cf-3342-3d5f-861d-dbc82a296318
May 07, 2025 12:04:36 PM okhttp3.internal.platform.Platform log
INFO: activityID: 
May 07, 2025 12:04:36 PM okhttp3.internal.platform.Platform log
INFO: User-Agent: OpenAPI-Generator/v3/java
May 07, 2025 12:04:36 PM okhttp3.internal.platform.Platform log
INFO: 
May 07, 2025 12:04:36 PM okhttp3.internal.platform.Platform log
INFO: {"keyType":"PRODUCTION","grantTypesToBeSupported":["client_credentials"],"callbackUrl":"https://localhost/callback","scopes":[],"validityTime":"-1"}
May 07, 2025 12:04:36 PM okhttp3.internal.platform.Platform log
INFO: --> END POST (148-byte body)
May 07, 2025 12:04:40 PM okhttp3.internal.platform.Platform log
INFO: <-- 200 https://localhost:32781/api/am/devportal/v3/applications/b47ae7ff-3e01-47bb-904b-5d068fcb3855/generate-keys (4140ms)
May 07, 2025 12:04:40 PM okhttp3.internal.platform.Platform log
INFO: X-WSO2-TraceId: 1d908470-fd77-4af0-a126-b8ab1f1b4528
May 07, 2025 12:04:40 PM okhttp3.internal.platform.Platform log
INFO: X-Content-Type-Options: nosniff
May 07, 2025 12:04:40 PM okhttp3.internal.platform.Platform log
INFO: X-XSS-Protection: 1; mode=block
May 07, 2025 12:04:40 PM okhttp3.internal.platform.Platform log
INFO: Date: Wed, 07 May 2025 06:34:40 GMT
May 07, 2025 12:04:40 PM okhttp3.internal.platform.Platform log
INFO: Vary: Accept-Encoding
May 07, 2025 12:04:40 PM okhttp3.internal.platform.Platform log
INFO: Content-Type: application/json
May 07, 2025 12:04:40 PM okhttp3.internal.platform.Platform log
INFO: Transfer-Encoding: chunked
May 07, 2025 12:04:40 PM okhttp3.internal.platform.Platform log
INFO: Keep-Alive: timeout=60
May 07, 2025 12:04:40 PM okhttp3.internal.platform.Platform log
INFO: Connection: keep-alive
May 07, 2025 12:04:40 PM okhttp3.internal.platform.Platform log
INFO: Server: WSO2 Carbon Server
May 07, 2025 12:04:40 PM okhttp3.internal.platform.Platform log
INFO: 
May 07, 2025 12:04:40 PM okhttp3.internal.platform.Platform log
INFO: {"keyMappingId":"805b65a2-094c-45e5-a742-ff2962ee4785","keyManager":"Resident Key Manager","consumerKey":"qcsloSwuMhxU4MJWw23hoqoLE8Ma","consumerSecret":"qkQ6q6QgvsHuHWgtV8sQtHfjnlsa","supportedGrantTypes":["client_credentials"],"callbackUrl":"https://localhost/callback","keyState":"APPROVED","keyType":"PRODUCTION","mode":"CREATED","groupId":null,"token":{"accessToken":"eyJ4NXQiOiJNV1V4WW1Oa1pXSXdZVFEyTkRjeU1UVXdZelUxTlRReVlUbGpZekF5WmpNNU5EZ3haVFZrWkRGbE5tVmhORGt6WXpneVlqQXlNMk5pWlRBellqUTBZdyIsImtpZCI6Ik1XVXhZbU5rWldJd1lUUTJORGN5TVRVd1l6VTFOVFF5WVRsall6QXlaak01TkRneFpUVmtaREZsTm1WaE5Ea3pZemd5WWpBeU0yTmlaVEF6WWpRMFl3X1JTMjU2IiwidHlwIjoiYXQrand0IiwiYWxnIjoiUlMyNTYifQ.eyJzdWIiOiI4NjNkNzU5Mi0xZjU1LTRmZjUtOWRkYy0yYTcxNWQ1YTE4NjAiLCJhdXQiOiJBUFBMSUNBVElPTiIsImF1ZCI6InFjc2xvU3d1TWh4VTRNSld3MjNob3FvTEU4TWEiLCJuYmYiOjE3NDY1OTk2ODAsImF6cCI6InFjc2xvU3d1TWh4VTRNSld3MjNob3FvTEU4TWEiLCJzY29wZSI6ImRlZmF1bHQiLCJpc3MiOiJodHRwczovL2xvY2FsaG9zdDo5NDQzL29hdXRoMi90b2tlbiIsImV4cCI6MTc0NjYwMzI4MCwiaWF0IjoxNzQ2NTk5NjgwLCJqdGkiOiJlMDY0ZDhiOS1jMGIxLTQzYmEtOTU3YS1jNTAxNDUzN2NiNGYiLCJjbGllbnRfaWQiOiJxY3Nsb1N3dU1oeFU0TUpXdzIzaG9xb0xFOE1hIn0.Kj_Qv1Aw17Xzx-AW0fn8t4hykD7vM3OE6s6MnzP_4vXKe-tH8mHT4EKkXz1oBi4fgYXgLYmoBZUPm4gP-Hj0sGOL4thdiQgLTQqjYg_dmykgFm3gkMiWQB0RqGq9bM0lj7aOGE8-U-HGI4mbss4FesmV8GbdpPtazha4LWIhlJMLU1EfbfZ4X8DJr4kSSFqV6wrsFv0dS5Ed69utjyYoYt1eWUUsXurEeizSy1aNYhJMcShb53Xx813NJDKAKE6C8vaiKhsaEJrHYbRubeNHNUmKTETZQtYOMilEJtByOUGd1mw8S-WFNHCAgrc8wPPC5X34IDk0VSmdAr6HYAqHpg","tokenScopes":["default"],"validityTime":3600},"additionalProperties":{"id_token_expiry_time":3600,"application_access_token_expiry_time":3600,"user_access_token_expiry_time":3600,"bypassClientCredentials":false,"pkceMandatory":false,"pkceSupportPlain":false,"refresh_token_expiry_time":86400}}
May 07, 2025 12:04:40 PM okhttp3.internal.platform.Platform log
INFO: <-- END HTTP (1770-byte body)
May 07, 2025 12:04:41 PM org.wso2.am.integration.test.impl.RestAPIStoreImpl waitUntilApplicationKeyMappingAvailableInGateway
INFO: Application Available in in-memory == class ApplicationInfoDTO {
    uuid: b47ae7ff-3e01-47bb-904b-5d068fcb3855
    id: 2
    name: Application1
    subName: admin
    policy: Unlimited
    tokenType: JWT
    attributes: {}
    keys: []
}
May 07, 2025 12:04:41 PM org.wso2.am.integration.test.impl.RestAPIStoreImpl waitUntilApplicationKeyMappingAvailableInGateway
INFO: Application Available in in-memory == class ApplicationInfoDTO {
    uuid: b47ae7ff-3e01-47bb-904b-5d068fcb3855
    id: 2
    name: Application1
    subName: admin
    policy: Unlimited
    tokenType: JWT
    attributes: {}
    keys: []
}
May 07, 2025 12:04:42 PM org.wso2.am.integration.test.impl.RestAPIStoreImpl waitUntilApplicationKeyMappingAvailableInGateway
INFO: Application Available in in-memory == class ApplicationInfoDTO {
    uuid: b47ae7ff-3e01-47bb-904b-5d068fcb3855
    id: 2
    name: Application1
    subName: admin
    policy: Unlimited
    tokenType: JWT
    attributes: {}
    keys: [class ApplicationKeyMappingDTO {
        consumerKey: qcsloSwuMhxU4MJWw23hoqoLE8Ma
        keyType: PRODUCTION
        keyManager: Resident Key Manager
    }]
}
May 07, 2025 12:04:42 PM okhttp3.internal.platform.Platform log
INFO: --> GET https://localhost:32781/api/am/devportal/v3/apis/4909ae8f-e7eb-4715-a1fd-b463318cdc93
May 07, 2025 12:04:42 PM okhttp3.internal.platform.Platform log
INFO: Accept: application/json
May 07, 2025 12:04:42 PM okhttp3.internal.platform.Platform log
INFO: Content-Type: application/json
May 07, 2025 12:04:42 PM okhttp3.internal.platform.Platform log
INFO: Authorization: Bearer 4338f1cf-3342-3d5f-861d-dbc82a296318
May 07, 2025 12:04:42 PM okhttp3.internal.platform.Platform log
INFO: activityID: 
May 07, 2025 12:04:42 PM okhttp3.internal.platform.Platform log
INFO: User-Agent: OpenAPI-Generator/v3/java
May 07, 2025 12:04:42 PM okhttp3.internal.platform.Platform log
INFO: --> END GET
May 07, 2025 12:04:43 PM okhttp3.internal.platform.Platform log
INFO: <-- 200 https://localhost:32781/api/am/devportal/v3/apis/4909ae8f-e7eb-4715-a1fd-b463318cdc93 (1120ms)
May 07, 2025 12:04:43 PM okhttp3.internal.platform.Platform log
INFO: X-WSO2-TraceId: 556d7ec1-09a4-469e-b17d-bc39a6cd76c3
May 07, 2025 12:04:43 PM okhttp3.internal.platform.Platform log
INFO: X-Content-Type-Options: nosniff
May 07, 2025 12:04:43 PM okhttp3.internal.platform.Platform log
INFO: X-XSS-Protection: 1; mode=block
May 07, 2025 12:04:43 PM okhttp3.internal.platform.Platform log
INFO: Date: Wed, 07 May 2025 06:34:42 GMT
May 07, 2025 12:04:43 PM okhttp3.internal.platform.Platform log
INFO: Vary: Accept-Encoding
May 07, 2025 12:04:43 PM okhttp3.internal.platform.Platform log
INFO: Content-Type: application/json
May 07, 2025 12:04:43 PM okhttp3.internal.platform.Platform log
INFO: Transfer-Encoding: chunked
May 07, 2025 12:04:43 PM okhttp3.internal.platform.Platform log
INFO: Keep-Alive: timeout=60
May 07, 2025 12:04:43 PM okhttp3.internal.platform.Platform log
INFO: Connection: keep-alive
May 07, 2025 12:04:43 PM okhttp3.internal.platform.Platform log
INFO: Server: WSO2 Carbon Server
May 07, 2025 12:04:43 PM okhttp3.internal.platform.Platform log
INFO: 
May 07, 2025 12:04:43 PM okhttp3.internal.platform.Platform log
INFO: {"id":"4909ae8f-e7eb-4715-a1fd-b463318cdc93","name":"JaxrsAPI","description":"JAX-RS CustomerService API created for integration testing.","context":"/jaxrs/1.0.0","version":"1.0.0","provider":"admin","apiDefinition":"{\n  \"openapi\" : \"3.0.1\",\n  \"info\" : {\n    \"title\" : \"JaxrsAPI\",\n    \"description\" : \"JAX-RS CustomerService API created for integration testing.\",\n    \"version\" : \"1.0.0\"\n  },\n  \"servers\" : [ {\n    \"url\" : \"/\"\n  } ],\n  \"security\" : [ {\n    \"default\" : [ ]\n  } ],\n  \"paths\" : {\n    \"/customers/{id}\" : {\n      \"get\" : {\n        \"parameters\" : [ {\n          \"name\" : \"id\",\n          \"in\" : \"path\",\n          \"required\" : true,\n          \"schema\" : {\n            \"type\" : \"string\"\n          }\n        } ],\n        \"responses\" : {\n          \"200\" : {\n            \"description\" : \"OK\"\n          }\n        },\n        \"security\" : [ {\n          \"default\" : [ ]\n        } ],\n        \"x-auth-type\" : \"Application & Application User\",\n        \"x-throttling-tier\" : \"Unlimited\"\n      }\n    }\n  },\n  \"components\" : {\n    \"securitySchemes\" : {\n      \"default\" : {\n        \"type\" : \"oauth2\",\n        \"flows\" : {\n          \"implicit\" : {\n            \"authorizationUrl\" : \"https://test.com\",\n            \"scopes\" : { }\n          }\n        }\n      }\n    }\n  }\n}","wsdlUri":null,"lifeCycleStatus":"PUBLISHED","isDefaultVersion":true,"type":"HTTP","transport":["http","https"],"operations":[],"authorizationHeader":"Authorization","apiKeyHeader":"ApiKey","securityScheme":["api_key","oauth_basic_auth_api_key_mandatory","oauth2"],"tags":["service","customer","order"],"tiers":[{"tierName":"Bronze","tierPlan":"FREE","monetizationAttributes":null},{"tierName":"Gold","tierPlan":"FREE","monetizationAttributes":null}],"hasThumbnail":false,"additionalProperties":[],"monetization":{"enabled":false},"endpointURLs":[{"environmentName":"Default","environmentDisplayName":"Default","environmentType":"hybrid","URLs":{"http":"http://localhost:8280/jaxrs/1.0.0","https":"https://localhost:8243/jaxrs/1.0.0","ws":null,"wss":null},"defaultVersionURLs":{"http":"http://localhost:8280/jaxrs","https":"https://localhost:8243/jaxrs","ws":null,"wss":null}}],"businessInformation":{"businessOwner":null,"businessOwnerEmail":null,"technicalOwner":null,"technicalOwnerEmail":null},"environmentList":["Default"],"scopes":[],"avgRating":"0.0","subscriptions":1,"advertiseInfo":{"advertised":false,"apiExternalProductionEndpoint":null,"apiExternalSandboxEndpoint":null,"originalDevPortalUrl":null,"apiOwner":"admin","vendor":"WSO2"},"isSubscriptionAvailable":true,"categories":[],"keyManagers":["all"],"createdTime":"2025-05-07 06:34:02.926","lastUpdatedTime":null,"gatewayVendor":"wso2","asyncTransportProtocols":[],"egress":false,"subtype":"DEFAULT"}
May 07, 2025 12:04:43 PM okhttp3.internal.platform.Platform log
INFO: <-- END HTTP (2872-byte body)
]]></system-err>
  </testcase>
</testsuite>