<?xml version="1.0" encoding="UTF-8"?>
<testng-results ignored="0" total="2" passed="2" failed="0" skipped="0">
  <reporter-output>
  </reporter-output>
  <suite started-at="2025-05-07T11:47:06 IST" name="Test Suite" finished-at="2025-05-07T12:04:45 IST" duration-ms="1059219">
    <groups>
      <group name="cucumber">
        <method signature="AbstractTestNGCucumberTests.runScenario(io.cucumber.testng.PickleWrapper,io.cucumber.testng.FeatureWrapper)[pri:0, instance:org.wso2.am.integration.cucumbertests.runners.customHeaderTestRunner@131ef10]" name="runScenario" class="io.cucumber.testng.AbstractTestNGCucumberTests"/>
        <method signature="AbstractTestNGCucumberTests.runScenario(io.cucumber.testng.PickleWrapper,io.cucumber.testng.FeatureWrapper)[pri:0, instance:org.wso2.am.integration.cucumbertests.runners.testrunner@6200f9cb]" name="runScenario" class="io.cucumber.testng.AbstractTestNGCucumberTests"/>
      </group> <!-- cucumber -->
    </groups>
    <test started-at="2025-05-07T11:47:06 IST" name="APILifecycleTest" finished-at="2025-05-07T12:04:45 IST" duration-ms="1059219">
      <class name="org.wso2.am.integration.cucumbertests.runners.customHeaderTestRunner">
        <test-method is-config="true" signature="setUpClass(org.testng.ITestContext)[pri:0, instance:org.wso2.am.integration.cucumbertests.runners.customHeaderTestRunner@131ef10]" started-at="2025-05-07T11:47:06 IST" name="setUpClass" finished-at="2025-05-07T11:47:08 IST" duration-ms="1381" status="PASS">
          <params>
            <param index="0">
              <value>
                <![CDATA[org.testng.TestRunner@53feeac9]]>
              </value>
            </param>
          </params>
          <reporter-output>
          </reporter-output>
        </test-method> <!-- setUpClass -->
        <test-method signature="runScenario(io.cucumber.testng.PickleWrapper,io.cucumber.testng.FeatureWrapper)[pri:0, instance:org.wso2.am.integration.cucumbertests.runners.customHeaderTestRunner@131ef10]" started-at="2025-05-07T11:47:08 IST" name="runScenario" description="Runs Cucumber Scenarios" data-provider="scenarios" finished-at="2025-05-07T11:56:15 IST" duration-ms="547244" status="PASS">
          <params>
            <param index="0">
              <value>
                <![CDATA["Invoke API using system-wide custom auth header and custom API Key header"]]>
              </value>
            </param>
            <param index="1">
              <value>
                <![CDATA["Optional[Custom Header Authorization and API Key Support]"]]>
              </value>
            </param>
          </params>
          <reporter-output>
          </reporter-output>
        </test-method> <!-- runScenario -->
        <test-method is-config="true" signature="tearDownClass()[pri:0, instance:org.wso2.am.integration.cucumbertests.runners.customHeaderTestRunner@131ef10]" started-at="2025-05-07T11:56:15 IST" name="tearDownClass" finished-at="2025-05-07T11:56:15 IST" duration-ms="104" status="PASS">
          <reporter-output>
          </reporter-output>
        </test-method> <!-- tearDownClass -->
      </class> <!-- org.wso2.am.integration.cucumbertests.runners.customHeaderTestRunner -->
      <class name="org.wso2.am.integration.cucumbertests.runners.testrunner">
        <test-method is-config="true" signature="setUpClass(org.testng.ITestContext)[pri:0, instance:org.wso2.am.integration.cucumbertests.runners.testrunner@6200f9cb]" started-at="2025-05-07T11:56:15 IST" name="setUpClass" finished-at="2025-05-07T11:56:15 IST" duration-ms="43" status="PASS">
          <params>
            <param index="0">
              <value>
                <![CDATA[org.testng.TestRunner@53feeac9]]>
              </value>
            </param>
          </params>
          <reporter-output>
          </reporter-output>
        </test-method> <!-- setUpClass -->
        <test-method signature="runScenario(io.cucumber.testng.PickleWrapper,io.cucumber.testng.FeatureWrapper)[pri:0, instance:org.wso2.am.integration.cucumbertests.runners.testrunner@6200f9cb]" started-at="2025-05-07T11:56:15 IST" name="runScenario" description="Runs Cucumber Scenarios" data-provider="scenarios" finished-at="2025-05-07T12:04:45 IST" duration-ms="510305" status="PASS">
          <params>
            <param index="0">
              <value>
                <![CDATA["End-to-End API Lifecycle from Creation to Invocation"]]>
              </value>
            </param>
            <param index="1">
              <value>
                <![CDATA["Optional[Complete API Lifecycle Management]"]]>
              </value>
            </param>
          </params>
          <reporter-output>
          </reporter-output>
        </test-method> <!-- runScenario -->
        <test-method is-config="true" signature="tearDownClass()[pri:0, instance:org.wso2.am.integration.cucumbertests.runners.testrunner@6200f9cb]" started-at="2025-05-07T12:04:45 IST" name="tearDownClass" finished-at="2025-05-07T12:04:45 IST" duration-ms="48" status="PASS">
          <reporter-output>
          </reporter-output>
        </test-method> <!-- tearDownClass -->
      </class> <!-- org.wso2.am.integration.cucumbertests.runners.testrunner -->
    </test> <!-- APILifecycleTest -->
  </suite> <!-- Test Suite -->
</testng-results>
