<?xml version="1.0" encoding="UTF-8"?>
<testng-results ignored="0" total="2" passed="2" failed="0" skipped="0">
  <reporter-output>
  </reporter-output>
  <suite started-at="2025-05-07T07:38:30 IST" name="Test Suite" finished-at="2025-05-07T08:05:05 IST" duration-ms="1595029">
    <groups>
      <group name="cucumber">
        <method signature="AbstractTestNGCucumberTests.runScenario(io.cucumber.testng.PickleWrapper,io.cucumber.testng.FeatureWrapper)[pri:0, instance:org.wso2.am.integration.cucumbertests.runners.customHeaderTestRunner@3bd82cf5]" name="runScenario" class="io.cucumber.testng.AbstractTestNGCucumberTests"/>
        <method signature="AbstractTestNGCucumberTests.runScenario(io.cucumber.testng.PickleWrapper,io.cucumber.testng.FeatureWrapper)[pri:0, instance:org.wso2.am.integration.cucumbertests.runners.testrunner@41a2befb]" name="runScenario" class="io.cucumber.testng.AbstractTestNGCucumberTests"/>
      </group> <!-- cucumber -->
    </groups>
    <test started-at="2025-05-07T07:38:30 IST" name="APILifecycleTest" finished-at="2025-05-07T08:05:05 IST" duration-ms="1595029">
      <class name="org.wso2.am.integration.cucumbertests.runners.customHeaderTestRunner">
        <test-method is-config="true" signature="setUpClass(org.testng.ITestContext)[pri:0, instance:org.wso2.am.integration.cucumbertests.runners.customHeaderTestRunner@3bd82cf5]" started-at="2025-05-07T07:38:30 IST" name="setUpClass" finished-at="2025-05-07T07:38:32 IST" duration-ms="1481" status="PASS">
          <params>
            <param index="0">
              <value>
                <![CDATA[org.testng.TestRunner@147cc940]]>
              </value>
            </param>
          </params>
          <reporter-output>
          </reporter-output>
        </test-method> <!-- setUpClass -->
        <test-method signature="runScenario(io.cucumber.testng.PickleWrapper,io.cucumber.testng.FeatureWrapper)[pri:0, instance:org.wso2.am.integration.cucumbertests.runners.customHeaderTestRunner@3bd82cf5]" started-at="2025-05-07T07:38:32 IST" name="runScenario" description="Runs Cucumber Scenarios" data-provider="scenarios" finished-at="2025-05-07T07:54:19 IST" duration-ms="947650" status="PASS">
          <params>
            <param index="0">
              <value>
                <![CDATA["Invoke API using system-wide custom auth header and custom API Key header"]]>
              </value>
            </param>
            <param index="1">
              <value>
                <![CDATA["Optional[Custom Header Authorization and API Key Support]"]]>
              </value>
            </param>
          </params>
          <reporter-output>
          </reporter-output>
        </test-method> <!-- runScenario -->
        <test-method is-config="true" signature="tearDownClass()[pri:0, instance:org.wso2.am.integration.cucumbertests.runners.customHeaderTestRunner@3bd82cf5]" started-at="2025-05-07T07:54:19 IST" name="tearDownClass" finished-at="2025-05-07T07:54:20 IST" duration-ms="119" status="PASS">
          <reporter-output>
          </reporter-output>
        </test-method> <!-- tearDownClass -->
      </class> <!-- org.wso2.am.integration.cucumbertests.runners.customHeaderTestRunner -->
      <class name="org.wso2.am.integration.cucumbertests.runners.testrunner">
        <test-method is-config="true" signature="setUpClass(org.testng.ITestContext)[pri:0, instance:org.wso2.am.integration.cucumbertests.runners.testrunner@41a2befb]" started-at="2025-05-07T07:54:20 IST" name="setUpClass" finished-at="2025-05-07T07:54:20 IST" duration-ms="61" status="PASS">
          <params>
            <param index="0">
              <value>
                <![CDATA[org.testng.TestRunner@147cc940]]>
              </value>
            </param>
          </params>
          <reporter-output>
          </reporter-output>
        </test-method> <!-- setUpClass -->
        <test-method signature="runScenario(io.cucumber.testng.PickleWrapper,io.cucumber.testng.FeatureWrapper)[pri:0, instance:org.wso2.am.integration.cucumbertests.runners.testrunner@41a2befb]" started-at="2025-05-07T07:54:20 IST" name="runScenario" description="Runs Cucumber Scenarios" data-provider="scenarios" finished-at="2025-05-07T08:05:05 IST" duration-ms="645578" status="PASS">
          <params>
            <param index="0">
              <value>
                <![CDATA["End-to-End API Lifecycle from Creation to Invocation"]]>
              </value>
            </param>
            <param index="1">
              <value>
                <![CDATA["Optional[Complete API Lifecycle Management]"]]>
              </value>
            </param>
          </params>
          <reporter-output>
          </reporter-output>
        </test-method> <!-- runScenario -->
        <test-method is-config="true" signature="tearDownClass()[pri:0, instance:org.wso2.am.integration.cucumbertests.runners.testrunner@41a2befb]" started-at="2025-05-07T08:05:05 IST" name="tearDownClass" finished-at="2025-05-07T08:05:05 IST" duration-ms="55" status="PASS">
          <reporter-output>
          </reporter-output>
        </test-method> <!-- tearDownClass -->
      </class> <!-- org.wso2.am.integration.cucumbertests.runners.testrunner -->
    </test> <!-- APILifecycleTest -->
  </suite> <!-- Test Suite -->
</testng-results>
