<?xml version="1.0" encoding="UTF-8"?>
<!-- Generated by org.testng.reporters.JUnitXMLReporter -->
<testsuite ignored="0" hostname="abisherk-ThinkPad-X1-Carbon-Gen-8" failures="0" tests="2" name="APILifecycleTest" time="1059.219" errors="0" timestamp="2025-05-07T12:04:45 IST">
  <testcase classname="io.cucumber.testng.AbstractTestNGCucumberTests" name="runScenario" time="547.244"/>
  <testcase classname="io.cucumber.testng.AbstractTestNGCucumberTests" name="runScenario" time="510.305"/>
</testsuite> <!-- APILifecycleTest -->
