<?xml version="1.0" encoding="UTF-8"?>
<!-- Generated by org.testng.reporters.JUnitXMLReporter -->
<testsuite ignored="0" hostname="abisherk-ThinkPad-X1-Carbon-Gen-8" failures="1" tests="1" name="customHeaderTest" time="1295.557" errors="0" timestamp="2025-05-06T16:54:42 IST">
  <testcase classname="io.cucumber.testng.AbstractTestNGCucumberTests" name="runScenario" time="1294.104">
    <failure type="org.testcontainers.containers.ContainerLaunchException" message="Container startup failed for image openjdk:11-jre-slim">
      <![CDATA[org.testcontainers.containers.ContainerLaunchException: Container startup failed for image openjdk:11-jre-slim
at org.testcontainers.containers.GenericContainer.doStart(GenericContainer.java:351)
at org.testcontainers.containers.GenericContainer.start(GenericContainer.java:322)
at org.wso2.am.integration.cucumbertests.stepdefinitions.ContainorIntitialisationStepDefinitions.initializeCustomAPIMContainer(ContainorIntitialisationStepDefinitions.java:43)
at ✽.I have initialized the Custom API Manager container with label "customHeader" and deployment toml file path at "/home/abisherk/Internship/InternProject/apim-test-framework-testcontainers/tests-integration/cucumber-tests/src/test/resources/features/customHeaderTest/deployment.toml"(file:///home/abisherk/Internship/InternProject/apim-test-framework-testcontainers/tests-integration/cucumber-tests/src/test/resources/features/customHeaderTest/custom_header_test.feature:6)
Caused by: org.rnorth.ducttape.RetryCountExceededException: Retry limit hit with exception
at org.rnorth.ducttape.unreliables.Unreliables.retryUntilSuccess(Unreliables.java:88)
at org.testcontainers.containers.GenericContainer.doStart(GenericContainer.java:336)
at org.testcontainers.containers.GenericContainer.start(GenericContainer.java:322)
at org.wso2.am.integration.cucumbertests.stepdefinitions.ContainorIntitialisationStepDefinitions.initializeCustomAPIMContainer(ContainorIntitialisationStepDefinitions.java:43)
at io.cucumber.java.Invoker.doInvoke(Invoker.java:66)
at io.cucumber.java.Invoker.invoke(Invoker.java:24)
at io.cucumber.java.AbstractGlueDefinition.invokeMethod(AbstractGlueDefinition.java:47)
at io.cucumber.java.JavaStepDefinition.execute(JavaStepDefinition.java:29)
at io.cucumber.core.runner.CoreStepDefinition.execute(CoreStepDefinition.java:66)
at io.cucumber.core.runner.PickleStepDefinitionMatch.runStep(PickleStepDefinitionMatch.java:63)
at io.cucumber.core.runner.ExecutionMode$1.execute(ExecutionMode.java:10)
at io.cucumber.core.runner.TestStep.executeStep(TestStep.java:86)
at io.cucumber.core.runner.TestStep.run(TestStep.java:57)
at io.cucumber.core.runner.PickleStepTestStep.run(PickleStepTestStep.java:51)
at io.cucumber.core.runner.TestCase.run(TestCase.java:95)
at io.cucumber.core.runner.Runner.runPickle(Runner.java:75)
at io.cucumber.testng.TestNGCucumberRunner.lambda$runScenario$1(TestNGCucumberRunner.java:132)
at io.cucumber.core.runtime.CucumberExecutionContext.lambda$runTestCase$3(CucumberExecutionContext.java:110)
at io.cucumber.core.runtime.RethrowingThrowableCollector.executeAndThrow(RethrowingThrowableCollector.java:23)
at io.cucumber.core.runtime.CucumberExecutionContext.runTestCase(CucumberExecutionContext.java:110)
at io.cucumber.testng.TestNGCucumberRunner.runScenario(TestNGCucumberRunner.java:129)
at io.cucumber.testng.AbstractTestNGCucumberTests.runScenario(AbstractTestNGCucumberTests.java:35)
at java.base/java.util.ArrayList.forEach(ArrayList.java:1596)
at java.base/java.util.concurrent.FutureTask.run(FutureTask.java:317)
at java.base/java.util.concurrent.ThreadPoolExecutor.runWorker(ThreadPoolExecutor.java:1144)
at java.base/java.util.concurrent.ThreadPoolExecutor$Worker.run(ThreadPoolExecutor.java:642)
at java.base/java.lang.Thread.run(Thread.java:1583)
Caused by: org.testcontainers.containers.ContainerLaunchException: Could not create/start container
at org.testcontainers.containers.GenericContainer.tryStart(GenericContainer.java:556)
at org.testcontainers.containers.GenericContainer.lambda$doStart$0(GenericContainer.java:346)
at org.rnorth.ducttape.unreliables.Unreliables.retryUntilSuccess(Unreliables.java:81)
... 44 more
Caused by: java.lang.RuntimeException: java.net.SocketException: Connection reset
at com.github.dockerjava.zerodep.ApacheDockerHttpClientImpl.execute(ApacheDockerHttpClientImpl.java:210)
at com.github.dockerjava.zerodep.ZerodepDockerHttpClient.execute(ZerodepDockerHttpClient.java:8)
at org.testcontainers.dockerclient.HeadersAddingDockerHttpClient.execute(HeadersAddingDockerHttpClient.java:23)
at org.testcontainers.shaded.com.github.dockerjava.core.DefaultInvocationBuilder.execute(DefaultInvocationBuilder.java:228)
at org.testcontainers.shaded.com.github.dockerjava.core.DefaultInvocationBuilder.get(DefaultInvocationBuilder.java:202)
at org.testcontainers.shaded.com.github.dockerjava.core.DefaultInvocationBuilder.get(DefaultInvocationBuilder.java:74)
at org.testcontainers.shaded.com.github.dockerjava.core.exec.InspectContainerCmdExec.execute(InspectContainerCmdExec.java:31)
at org.testcontainers.shaded.com.github.dockerjava.core.exec.InspectContainerCmdExec.execute(InspectContainerCmdExec.java:13)
at org.testcontainers.shaded.com.github.dockerjava.core.exec.AbstrSyncDockerCmdExec.exec(AbstrSyncDockerCmdExec.java:21)
at org.testcontainers.shaded.com.github.dockerjava.core.command.AbstrDockerCmd.exec(AbstrDockerCmd.java:33)
at org.testcontainers.shaded.com.github.dockerjava.core.command.InspectContainerCmdImpl.exec(InspectContainerCmdImpl.java:51)
at org.testcontainers.containers.GenericContainer.tryStart(GenericContainer.java:497)
... 46 more
Caused by: java.net.SocketException: Connection reset
at java.base/sun.nio.ch.SocketChannelImpl.throwConnectionReset(SocketChannelImpl.java:401)
at java.base/sun.nio.ch.SocketChannelImpl.blockingRead(SocketChannelImpl.java:1349)
at java.base/sun.nio.ch.SocketInputStream.read(SocketInputStream.java:70)
at com.github.dockerjava.zerodep.shaded.org.apache.hc.core5.http.impl.io.SessionInputBufferImpl.fillBuffer(SessionInputBufferImpl.java:149)
at com.github.dockerjava.zerodep.shaded.org.apache.hc.core5.http.impl.io.SessionInputBufferImpl.readLine(SessionInputBufferImpl.java:280)
at com.github.dockerjava.zerodep.shaded.org.apache.hc.core5.http.impl.io.AbstractMessageParser.parse(AbstractMessageParser.java:241)
at com.github.dockerjava.zerodep.shaded.org.apache.hc.core5.http.impl.io.AbstractMessageParser.parse(AbstractMessageParser.java:53)
at com.github.dockerjava.zerodep.shaded.org.apache.hc.core5.http.impl.io.DefaultBHttpClientConnection.receiveResponseHeader(DefaultBHttpClientConnection.java:187)
at com.github.dockerjava.zerodep.shaded.org.apache.hc.core5.http.impl.io.HttpRequestExecutor.execute(HttpRequestExecutor.java:175)
at com.github.dockerjava.zerodep.HijackingHttpRequestExecutor.execute(HijackingHttpRequestExecutor.java:50)
at com.github.dockerjava.zerodep.shaded.org.apache.hc.core5.http.impl.io.HttpRequestExecutor.execute(HttpRequestExecutor.java:218)
at com.github.dockerjava.zerodep.shaded.org.apache.hc.client5.http.impl.io.PoolingHttpClientConnectionManager$InternalConnectionEndpoint.execute(PoolingHttpClientConnectionManager.java:596)
at com.github.dockerjava.zerodep.shaded.org.apache.hc.client5.http.impl.classic.InternalExecRuntime.execute(InternalExecRuntime.java:215)
at com.github.dockerjava.zerodep.shaded.org.apache.hc.client5.http.impl.classic.MainClientExec.execute(MainClientExec.java:107)
at com.github.dockerjava.zerodep.shaded.org.apache.hc.client5.http.impl.classic.ExecChainElement.execute(ExecChainElement.java:51)
at com.github.dockerjava.zerodep.shaded.org.apache.hc.client5.http.impl.classic.ExecChainElement$1.proceed(ExecChainElement.java:57)
at com.github.dockerjava.zerodep.shaded.org.apache.hc.client5.http.impl.classic.ConnectExec.execute(ConnectExec.java:181)
at com.github.dockerjava.zerodep.shaded.org.apache.hc.client5.http.impl.classic.ExecChainElement.execute(ExecChainElement.java:51)
at com.github.dockerjava.zerodep.shaded.org.apache.hc.client5.http.impl.classic.ExecChainElement$1.proceed(ExecChainElement.java:57)
at com.github.dockerjava.zerodep.shaded.org.apache.hc.client5.http.impl.classic.ProtocolExec.execute(ProtocolExec.java:172)
at com.github.dockerjava.zerodep.shaded.org.apache.hc.client5.http.impl.classic.ExecChainElement.execute(ExecChainElement.java:51)
at com.github.dockerjava.zerodep.shaded.org.apache.hc.client5.http.impl.classic.ExecChainElement$1.proceed(ExecChainElement.java:57)
at com.github.dockerjava.zerodep.shaded.org.apache.hc.client5.http.impl.classic.HttpRequestRetryExec.execute(HttpRequestRetryExec.java:93)
at com.github.dockerjava.zerodep.shaded.org.apache.hc.client5.http.impl.classic.ExecChainElement.execute(ExecChainElement.java:51)
at com.github.dockerjava.zerodep.shaded.org.apache.hc.client5.http.impl.classic.ExecChainElement$1.proceed(ExecChainElement.java:57)
at com.github.dockerjava.zerodep.shaded.org.apache.hc.client5.http.impl.classic.ContentCompressionExec.execute(ContentCompressionExec.java:128)
at com.github.dockerjava.zerodep.shaded.org.apache.hc.client5.http.impl.classic.ExecChainElement.execute(ExecChainElement.java:51)
at com.github.dockerjava.zerodep.shaded.org.apache.hc.client5.http.impl.classic.ExecChainElement$1.proceed(ExecChainElement.java:57)
at com.github.dockerjava.zerodep.shaded.org.apache.hc.client5.http.impl.classic.RedirectExec.execute(RedirectExec.java:116)
at com.github.dockerjava.zerodep.shaded.org.apache.hc.client5.http.impl.classic.ExecChainElement.execute(ExecChainElement.java:51)
at com.github.dockerjava.zerodep.shaded.org.apache.hc.client5.http.impl.classic.InternalHttpClient.doExecute(InternalHttpClient.java:178)
at com.github.dockerjava.zerodep.shaded.org.apache.hc.client5.http.impl.classic.CloseableHttpClient.execute(CloseableHttpClient.java:67)
at com.github.dockerjava.zerodep.ApacheDockerHttpClientImpl.execute(ApacheDockerHttpClientImpl.java:206)
... 57 more
... Removed 18 stack frames]]>
    </failure>
  </testcase> <!-- runScenario -->
</testsuite> <!-- customHeaderTest -->
