<?xml version="1.0" encoding="UTF-8"?>
<testng-results ignored="0" total="0" passed="0" failed="0" skipped="0">
  <reporter-output>
  </reporter-output>
  <suite started-at="2025-05-07T11:47:01 IST" name="Test Suite" finished-at="2025-05-07T11:47:01 IST" duration-ms="25">
    <groups>
    </groups>
    <test started-at="2025-05-07T11:47:01 IST" name="Basic Profile Tests" finished-at="2025-05-07T11:47:01 IST" duration-ms="25">
    </test> <!-- Basic Profile Tests -->
  </suite> <!-- Test Suite -->
</testng-results>
